# JRE version: OpenJDK Runtime Environment (8.0_152-b01) (build 1.8.0_152-release-1248-b01)
# Java VM: OpenJDK 64-Bit Server VM (25.152-b01 mixed mode windows-amd64 compressed oops)
Heap:
 PSYoungGen      total 171008K, used 73145K [0x00000000e0000000, 0x00000000ebf80000, 0x0000000100000000)
  eden space 149504K, 48% used [0x00000000e0000000,0x00000000e476e500,0x00000000e9200000)
  from space 21504K, 0% used [0x00000000e9200000,0x00000000e9200000,0x00000000ea700000)
  to   space 17408K, 0% used [0x00000000ea700000,0x00000000ea700000,0x00000000eb800000)
 ParOldGen       total 108544K, used 32087K [0x00000000a0000000, 0x00000000a6a00000, 0x00000000e0000000)
  object space 108544K, 29% used [0x00000000a0000000,0x00000000a1f55fa0,0x00000000a6a00000)
 Metaspace       used 59316K, capacity 60960K, committed 61104K, reserved 1101824K
  class space    used 8089K, capacity 8548K, committed 8624K, reserved 1048576K
GC Heap History (10 events):
Event: 5.079 GC heap before
{Heap before GC invocations=10 (full 2):
 PSYoungGen      total 141312K, used 130560K [0x00000000e0000000, 0x00000000eac00000, 0x0000000100000000)
  eden space 130560K, 100% used [0x00000000e0000000,0x00000000e7f80000,0x00000000e7f80000)
  from space 10752K, 0% used [0x00000000e7f80000,0x00000000e7f80000,0x00000000e8a00000)
  to   space 13824K, 0% used [0x00000000e9e80000,0x00000000e9e80000,0x00000000eac00000)
 ParOldGen       total 108544K, used 20035K [0x00000000a0000000, 0x00000000a6a00000, 0x00000000e0000000)
  object space 108544K, 18% used [0x00000000a0000000,0x00000000a1390db8,0x00000000a6a00000)
 Metaspace       used 43198K, capacity 44032K, committed 44336K, reserved 1087488K
  class space    used 5868K, capacity 6129K, committed 6192K, reserved 1048576K
Event: 5.089 GC heap after
Heap after GC invocations=10 (full 2):
 PSYoungGen      total 144384K, used 13819K [0x00000000e0000000, 0x00000000eac00000, 0x0000000100000000)
  eden space 130560K, 0% used [0x00000000e0000000,0x00000000e0000000,0x00000000e7f80000)
  from space 13824K, 99% used [0x00000000e9e80000,0x00000000eabfec28,0x00000000eac00000)
  to   space 10752K, 0% used [0x00000000e7f80000,0x00000000e7f80000,0x00000000e8a00000)
 ParOldGen       total 108544K, used 21435K [0x00000000a0000000, 0x00000000a6a00000, 0x00000000e0000000)
  object space 108544K, 19% used [0x00000000a0000000,0x00000000a14eef40,0x00000000a6a00000)
 Metaspace       used 43198K, capacity 44032K, committed 44336K, reserved 1087488K
  class space    used 5868K, capacity 6129K, committed 6192K, reserved 1048576K
}
Event: 6.283 GC heap before
{Heap before GC invocations=11 (full 2):
 PSYoungGen      total 144384K, used 144379K [0x00000000e0000000, 0x00000000eac00000, 0x0000000100000000)
  eden space 130560K, 100% used [0x00000000e0000000,0x00000000e7f80000,0x00000000e7f80000)
  from space 13824K, 99% used [0x00000000e9e80000,0x00000000eabfec28,0x00000000eac00000)
  to   space 10752K, 0% used [0x00000000e7f80000,0x00000000e7f80000,0x00000000e8a00000)
 ParOldGen       total 108544K, used 21435K [0x00000000a0000000, 0x00000000a6a00000, 0x00000000e0000000)
  object space 108544K, 19% used [0x00000000a0000000,0x00000000a14eef40,0x00000000a6a00000)
 Metaspace       used 48432K, capacity 49282K, committed 49584K, reserved 1091584K
  class space    used 6520K, capacity 6804K, committed 6832K, reserved 1048576K
Event: 6.292 GC heap after
Heap after GC invocations=11 (full 2):
 PSYoungGen      total 141312K, used 10738K [0x00000000e0000000, 0x00000000eb800000, 0x0000000100000000)
  eden space 130560K, 0% used [0x00000000e0000000,0x00000000e0000000,0x00000000e7f80000)
  from space 10752K, 99% used [0x00000000e7f80000,0x00000000e89fca28,0x00000000e8a00000)
  to   space 17408K, 0% used [0x00000000ea700000,0x00000000ea700000,0x00000000eb800000)
 ParOldGen       total 108544K, used 24727K [0x00000000a0000000, 0x00000000a6a00000, 0x00000000e0000000)
  object space 108544K, 22% used [0x00000000a0000000,0x00000000a1825cc8,0x00000000a6a00000)
 Metaspace       used 48432K, capacity 49282K, committed 49584K, reserved 1091584K
  class space    used 6520K, capacity 6804K, committed 6832K, reserved 1048576K
}
Event: 7.760 GC heap before
{Heap before GC invocations=12 (full 2):
 PSYoungGen      total 141312K, used 141298K [0x00000000e0000000, 0x00000000eb800000, 0x0000000100000000)
  eden space 130560K, 100% used [0x00000000e0000000,0x00000000e7f80000,0x00000000e7f80000)
  from space 10752K, 99% used [0x00000000e7f80000,0x00000000e89fca28,0x00000000e8a00000)
  to   space 17408K, 0% used [0x00000000ea700000,0x00000000ea700000,0x00000000eb800000)
 ParOldGen       total 108544K, used 24727K [0x00000000a0000000, 0x00000000a6a00000, 0x00000000e0000000)
  object space 108544K, 22% used [0x00000000a0000000,0x00000000a1825cc8,0x00000000a6a00000)
 Metaspace       used 56367K, capacity 57820K, committed 58032K, reserved 1099776K
  class space    used 7690K, capacity 8104K, committed 8112K, reserved 1048576K
Event: 7.773 GC heap after
Heap after GC invocations=12 (full 2):
 PSYoungGen      total 166912K, used 17400K [0x00000000e0000000, 0x00000000ebf80000, 0x0000000100000000)
  eden space 149504K, 0% used [0x00000000e0000000,0x00000000e0000000,0x00000000e9200000)
  from space 17408K, 99% used [0x00000000ea700000,0x00000000eb7fe188,0x00000000eb800000)
  to   space 21504K, 0% used [0x00000000e9200000,0x00000000e9200000,0x00000000ea700000)
 ParOldGen       total 108544K, used 30064K [0x00000000a0000000, 0x00000000a6a00000, 0x00000000e0000000)
  object space 108544K, 27% used [0x00000000a0000000,0x00000000a1d5c1f0,0x00000000a6a00000)
 Metaspace       used 56367K, capacity 57820K, committed 58032K, reserved 1099776K
  class space    used 7690K, capacity 8104K, committed 8112K, reserved 1048576K
}
Event: 8.101 GC heap before
{Heap before GC invocations=13 (full 2):
 PSYoungGen      total 166912K, used 35727K [0x00000000e0000000, 0x00000000ebf80000, 0x0000000100000000)
  eden space 149504K, 12% used [0x00000000e0000000,0x00000000e11e5dd8,0x00000000e9200000)
  from space 17408K, 99% used [0x00000000ea700000,0x00000000eb7fe188,0x00000000eb800000)
  to   space 21504K, 0% used [0x00000000e9200000,0x00000000e9200000,0x00000000ea700000)
 ParOldGen       total 108544K, used 30064K [0x00000000a0000000, 0x00000000a6a00000, 0x00000000e0000000)
  object space 108544K, 27% used [0x00000000a0000000,0x00000000a1d5c1f0,0x00000000a6a00000)
 Metaspace       used 57468K, capacity 59076K, committed 59160K, reserved 1099776K
  class space    used 7871K, capacity 8338K, committed 8368K, reserved 1048576K
Event: 8.113 GC heap after
Heap after GC invocations=13 (full 2):
 PSYoungGen      total 171008K, used 8501K [0x00000000e0000000, 0x00000000ebf80000, 0x0000000100000000)
  eden space 149504K, 0% used [0x00000000e0000000,0x00000000e0000000,0x00000000e9200000)
  from space 21504K, 39% used [0x00000000e9200000,0x00000000e9a4d718,0x00000000ea700000)
  to   space 17408K, 0% used [0x00000000ea700000,0x00000000ea700000,0x00000000eb800000)
 ParOldGen       total 108544K, used 39943K [0x00000000a0000000, 0x00000000a6a00000, 0x00000000e0000000)
  object space 108544K, 36% used [0x00000000a0000000,0x00000000a2701ed8,0x00000000a6a00000)
 Metaspace       used 57468K, capacity 59076K, committed 59160K, reserved 1099776K
  class space    used 7871K, capacity 8338K, committed 8368K, reserved 1048576K
}
Event: 8.113 GC heap before
{Heap before GC invocations=14 (full 3):
 PSYoungGen      total 171008K, used 8501K [0x00000000e0000000, 0x00000000ebf80000, 0x0000000100000000)
  eden space 149504K, 0% used [0x00000000e0000000,0x00000000e0000000,0x00000000e9200000)
  from space 21504K, 39% used [0x00000000e9200000,0x00000000e9a4d718,0x00000000ea700000)
  to   space 17408K, 0% used [0x00000000ea700000,0x00000000ea700000,0x00000000eb800000)
 ParOldGen       total 108544K, used 39943K [0x00000000a0000000, 0x00000000a6a00000, 0x00000000e0000000)
  object space 108544K, 36% used [0x00000000a0000000,0x00000000a2701ed8,0x00000000a6a00000)
 Metaspace       used 57468K, capacity 59076K, committed 59160K, reserved 1099776K
  class space    used 7871K, capacity 8338K, committed 8368K, reserved 1048576K
Event: 8.255 GC heap after
Heap after GC invocations=14 (full 3):
 PSYoungGen      total 171008K, used 0K [0x00000000e0000000, 0x00000000ebf80000, 0x0000000100000000)
  eden space 149504K, 0% used [0x00000000e0000000,0x00000000e0000000,0x00000000e9200000)
  from space 21504K, 0% used [0x00000000e9200000,0x00000000e9200000,0x00000000ea700000)
  to   space 17408K, 0% used [0x00000000ea700000,0x00000000ea700000,0x00000000eb800000)
 ParOldGen       total 108544K, used 32087K [0x00000000a0000000, 0x00000000a6a00000, 0x00000000e0000000)
  object space 108544K, 29% used [0x00000000a0000000,0x00000000a1f55fa0,0x00000000a6a00000)
 Metaspace       used 57468K, capacity 59076K, committed 59160K, reserved 1099776K
  class space    used 7871K, capacity 8338K, committed 8368K, reserved 1048576K
}

