# JRE version: OpenJDK Runtime Environment (8.0_152-b01) (build 1.8.0_152-release-1248-b01)
# Java VM: OpenJDK 64-Bit Server VM (25.152-b01 mixed mode windows-amd64 compressed oops)
Heap:
 PSYoungGen      total 224768K, used 93054K [0x00000000e0000000, 0x00000000f3c80000, 0x0000000100000000)
  eden space 209920K, 38% used [0x00000000e0000000,0x00000000e4f368b8,0x00000000ecd00000)
  from space 14848K, 80% used [0x00000000ee280000,0x00000000eee29190,0x00000000ef100000)
  to   space 22016K, 0% used [0x00000000ecd00000,0x00000000ecd00000,0x00000000ee280000)
 ParOldGen       total 118784K, used 38949K [0x00000000a0000000, 0x00000000a7400000, 0x00000000e0000000)
  object space 118784K, 32% used [0x00000000a0000000,0x00000000a26095f8,0x00000000a7400000)
 Metaspace       used 63686K, capacity 65264K, committed 65408K, reserved 1105920K
  class space    used 8342K, capacity 8744K, committed 8832K, reserved 1048576K
GC Heap History (10 events):
Event: 5.957 GC heap before
{Heap before GC invocations=11 (full 2):
 PSYoungGen      total 162304K, used 148992K [0x00000000e0000000, 0x00000000f0400000, 0x0000000100000000)
  eden space 148992K, 100% used [0x00000000e0000000,0x00000000e9180000,0x00000000e9180000)
  from space 13312K, 0% used [0x00000000e9e00000,0x00000000e9e00000,0x00000000eab00000)
  to   space 12800K, 0% used [0x00000000e9180000,0x00000000e9180000,0x00000000e9e00000)
 ParOldGen       total 77824K, used 14223K [0x00000000a0000000, 0x00000000a4c00000, 0x00000000e0000000)
  object space 77824K, 18% used [0x00000000a0000000,0x00000000a0de3ee8,0x00000000a4c00000)
 Metaspace       used 42856K, capacity 43618K, committed 43776K, reserved 1087488K
  class space    used 5811K, capacity 6072K, committed 6144K, reserved 1048576K
Event: 5.966 GC heap after
Heap after GC invocations=11 (full 2):
 PSYoungGen      total 161792K, used 12773K [0x00000000e0000000, 0x00000000ef100000, 0x0000000100000000)
  eden space 148992K, 0% used [0x00000000e0000000,0x00000000e0000000,0x00000000e9180000)
  from space 12800K, 99% used [0x00000000e9180000,0x00000000e9df9618,0x00000000e9e00000)
  to   space 14848K, 0% used [0x00000000ee280000,0x00000000ee280000,0x00000000ef100000)
 ParOldGen       total 77824K, used 16114K [0x00000000a0000000, 0x00000000a4c00000, 0x00000000e0000000)
  object space 77824K, 20% used [0x00000000a0000000,0x00000000a0fbcaa0,0x00000000a4c00000)
 Metaspace       used 42856K, capacity 43618K, committed 43776K, reserved 1087488K
  class space    used 5811K, capacity 6072K, committed 6144K, reserved 1048576K
}
Event: 7.583 GC heap before
{Heap before GC invocations=12 (full 2):
 PSYoungGen      total 161792K, used 161765K [0x00000000e0000000, 0x00000000ef100000, 0x0000000100000000)
  eden space 148992K, 100% used [0x00000000e0000000,0x00000000e9180000,0x00000000e9180000)
  from space 12800K, 99% used [0x00000000e9180000,0x00000000e9df9618,0x00000000e9e00000)
  to   space 14848K, 0% used [0x00000000ee280000,0x00000000ee280000,0x00000000ef100000)
 ParOldGen       total 77824K, used 16114K [0x00000000a0000000, 0x00000000a4c00000, 0x00000000e0000000)
  object space 77824K, 20% used [0x00000000a0000000,0x00000000a0fbcaa0,0x00000000a4c00000)
 Metaspace       used 50942K, capacity 52010K, committed 52224K, reserved 1093632K
  class space    used 6851K, capacity 7154K, committed 7168K, reserved 1048576K
Event: 7.594 GC heap after
Heap after GC invocations=12 (full 2):
 PSYoungGen      total 227328K, used 14820K [0x00000000e0000000, 0x00000000ef180000, 0x0000000100000000)
  eden space 212480K, 0% used [0x00000000e0000000,0x00000000e0000000,0x00000000ecf80000)
  from space 14848K, 99% used [0x00000000ee280000,0x00000000ef0f9288,0x00000000ef100000)
  to   space 17408K, 0% used [0x00000000ecf80000,0x00000000ecf80000,0x00000000ee080000)
 ParOldGen       total 77824K, used 18326K [0x00000000a0000000, 0x00000000a4c00000, 0x00000000e0000000)
  object space 77824K, 23% used [0x00000000a0000000,0x00000000a11e5940,0x00000000a4c00000)
 Metaspace       used 50942K, capacity 52010K, committed 52224K, reserved 1093632K
  class space    used 6851K, capacity 7154K, committed 7168K, reserved 1048576K
}
Event: 9.508 GC heap before
{Heap before GC invocations=13 (full 2):
 PSYoungGen      total 227328K, used 186146K [0x00000000e0000000, 0x00000000ef180000, 0x0000000100000000)
  eden space 212480K, 80% used [0x00000000e0000000,0x00000000ea74f7a0,0x00000000ecf80000)
  from space 14848K, 99% used [0x00000000ee280000,0x00000000ef0f9288,0x00000000ef100000)
  to   space 17408K, 0% used [0x00000000ecf80000,0x00000000ecf80000,0x00000000ee080000)
 ParOldGen       total 77824K, used 18326K [0x00000000a0000000, 0x00000000a4c00000, 0x00000000e0000000)
  object space 77824K, 23% used [0x00000000a0000000,0x00000000a11e5940,0x00000000a4c00000)
 Metaspace       used 57647K, capacity 59006K, committed 59028K, reserved 1099776K
  class space    used 7801K, capacity 8173K, committed 8192K, reserved 1048576K
Event: 9.531 GC heap after
Heap after GC invocations=13 (full 2):
 PSYoungGen      total 229888K, used 17388K [0x00000000e0000000, 0x00000000ef180000, 0x0000000100000000)
  eden space 212480K, 0% used [0x00000000e0000000,0x00000000e0000000,0x00000000ecf80000)
  from space 17408K, 99% used [0x00000000ecf80000,0x00000000ee07b180,0x00000000ee080000)
  to   space 14848K, 0% used [0x00000000ee280000,0x00000000ee280000,0x00000000ef100000)
 ParOldGen       total 77824K, used 26958K [0x00000000a0000000, 0x00000000a4c00000, 0x00000000e0000000)
  object space 77824K, 34% used [0x00000000a0000000,0x00000000a1a53a00,0x00000000a4c00000)
 Metaspace       used 57647K, capacity 59006K, committed 59028K, reserved 1099776K
  class space    used 7801K, capacity 8173K, committed 8192K, reserved 1048576K
}
Event: 9.531 GC heap before
{Heap before GC invocations=14 (full 3):
 PSYoungGen      total 229888K, used 17388K [0x00000000e0000000, 0x00000000ef180000, 0x0000000100000000)
  eden space 212480K, 0% used [0x00000000e0000000,0x00000000e0000000,0x00000000ecf80000)
  from space 17408K, 99% used [0x00000000ecf80000,0x00000000ee07b180,0x00000000ee080000)
  to   space 14848K, 0% used [0x00000000ee280000,0x00000000ee280000,0x00000000ef100000)
 ParOldGen       total 77824K, used 26958K [0x00000000a0000000, 0x00000000a4c00000, 0x00000000e0000000)
  object space 77824K, 34% used [0x00000000a0000000,0x00000000a1a53a00,0x00000000a4c00000)
 Metaspace       used 57647K, capacity 59006K, committed 59028K, reserved 1099776K
  class space    used 7801K, capacity 8173K, committed 8192K, reserved 1048576K
Event: 9.731 GC heap after
Heap after GC invocations=14 (full 3):
 PSYoungGen      total 229888K, used 0K [0x00000000e0000000, 0x00000000ef180000, 0x0000000100000000)
  eden space 212480K, 0% used [0x00000000e0000000,0x00000000e0000000,0x00000000ecf80000)
  from space 17408K, 0% used [0x00000000ecf80000,0x00000000ecf80000,0x00000000ee080000)
  to   space 14848K, 0% used [0x00000000ee280000,0x00000000ee280000,0x00000000ef100000)
 ParOldGen       total 118784K, used 38941K [0x00000000a0000000, 0x00000000a7400000, 0x00000000e0000000)
  object space 118784K, 32% used [0x00000000a0000000,0x00000000a26075f8,0x00000000a7400000)
 Metaspace       used 57647K, capacity 59006K, committed 59028K, reserved 1099776K
  class space    used 7801K, capacity 8173K, committed 8192K, reserved 1048576K
}
Event: 17.281 GC heap before
{Heap before GC invocations=15 (full 3):
 PSYoungGen      total 229888K, used 212480K [0x00000000e0000000, 0x00000000ef180000, 0x0000000100000000)
  eden space 212480K, 100% used [0x00000000e0000000,0x00000000ecf80000,0x00000000ecf80000)
  from space 17408K, 0% used [0x00000000ecf80000,0x00000000ecf80000,0x00000000ee080000)
  to   space 14848K, 0% used [0x00000000ee280000,0x00000000ee280000,0x00000000ef100000)
 ParOldGen       total 118784K, used 38941K [0x00000000a0000000, 0x00000000a7400000, 0x00000000e0000000)
  object space 118784K, 32% used [0x00000000a0000000,0x00000000a26075f8,0x00000000a7400000)
 Metaspace       used 63305K, capacity 64876K, committed 65152K, reserved 1105920K
  class space    used 8333K, capacity 8744K, committed 8832K, reserved 1048576K
Event: 17.288 GC heap after
Heap after GC invocations=15 (full 3):
 PSYoungGen      total 224768K, used 11940K [0x00000000e0000000, 0x00000000f3c80000, 0x0000000100000000)
  eden space 209920K, 0% used [0x00000000e0000000,0x00000000e0000000,0x00000000ecd00000)
  from space 14848K, 80% used [0x00000000ee280000,0x00000000eee29190,0x00000000ef100000)
  to   space 22016K, 0% used [0x00000000ecd00000,0x00000000ecd00000,0x00000000ee280000)
 ParOldGen       total 118784K, used 38949K [0x00000000a0000000, 0x00000000a7400000, 0x00000000e0000000)
  object space 118784K, 32% used [0x00000000a0000000,0x00000000a26095f8,0x00000000a7400000)
 Metaspace       used 63305K, capacity 64876K, committed 65152K, reserved 1105920K
  class space    used 8333K, capacity 8744K, committed 8832K, reserved 1048576K
}

