# JRE version: OpenJDK Runtime Environment (8.0_152-b01) (build 1.8.0_152-release-1248-b01)
# Java VM: OpenJDK 64-Bit Server VM (25.152-b01 mixed mode windows-amd64 compressed oops)
Heap:
 PSYoungGen      total 110592K, used 28941K [0x00000000e0000000, 0x00000000e9f00000, 0x0000000100000000)
  eden space 99328K, 29% used [0x00000000e0000000,0x00000000e1c435e0,0x00000000e6100000)
  from space 11264K, 0% used [0x00000000e6100000,0x00000000e6100000,0x00000000e6c00000)
  to   space 11264K, 0% used [0x00000000e9400000,0x00000000e9400000,0x00000000e9f00000)
 ParOldGen       total 55808K, used 15788K [0x00000000a0000000, 0x00000000a3680000, 0x00000000e0000000)
  object space 55808K, 28% used [0x00000000a0000000,0x00000000a0f6b330,0x00000000a3680000)
 Metaspace       used 38340K, capacity 38846K, committed 39040K, reserved 1083392K
  class space    used 5254K, capacity 5441K, committed 5504K, reserved 1048576K
GC Heap History (10 events):
Event: 6.813 GC heap before
{Heap before GC invocations=7 (full 1):
 PSYoungGen      total 38400K, used 33280K [0x00000000e0000000, 0x00000000e5600000, 0x0000000100000000)
  eden space 33280K, 100% used [0x00000000e0000000,0x00000000e2080000,0x00000000e2080000)
  from space 5120K, 0% used [0x00000000e2080000,0x00000000e2080000,0x00000000e2580000)
  to   space 10752K, 0% used [0x00000000e4b80000,0x00000000e4b80000,0x00000000e5600000)
 ParOldGen       total 55808K, used 8705K [0x00000000a0000000, 0x00000000a3680000, 0x00000000e0000000)
  object space 55808K, 15% used [0x00000000a0000000,0x00000000a08806c8,0x00000000a3680000)
 Metaspace       used 24154K, capacity 24578K, committed 24832K, reserved 1071104K
  class space    used 3321K, capacity 3484K, committed 3584K, reserved 1048576K
Event: 6.817 GC heap after
Heap after GC invocations=7 (full 1):
 PSYoungGen      total 61952K, used 3939K [0x00000000e0000000, 0x00000000e4f80000, 0x0000000100000000)
  eden space 57856K, 0% used [0x00000000e0000000,0x00000000e0000000,0x00000000e3880000)
  from space 4096K, 96% used [0x00000000e4b80000,0x00000000e4f58c80,0x00000000e4f80000)
  to   space 10752K, 0% used [0x00000000e3a80000,0x00000000e3a80000,0x00000000e4500000)
 ParOldGen       total 55808K, used 8713K [0x00000000a0000000, 0x00000000a3680000, 0x00000000e0000000)
  object space 55808K, 15% used [0x00000000a0000000,0x00000000a08826c8,0x00000000a3680000)
 Metaspace       used 24154K, capacity 24578K, committed 24832K, reserved 1071104K
  class space    used 3321K, capacity 3484K, committed 3584K, reserved 1048576K
}
Event: 7.282 GC heap before
{Heap before GC invocations=8 (full 1):
 PSYoungGen      total 61952K, used 61795K [0x00000000e0000000, 0x00000000e4f80000, 0x0000000100000000)
  eden space 57856K, 100% used [0x00000000e0000000,0x00000000e3880000,0x00000000e3880000)
  from space 4096K, 96% used [0x00000000e4b80000,0x00000000e4f58c80,0x00000000e4f80000)
  to   space 10752K, 0% used [0x00000000e3a80000,0x00000000e3a80000,0x00000000e4500000)
 ParOldGen       total 55808K, used 8713K [0x00000000a0000000, 0x00000000a3680000, 0x00000000e0000000)
  object space 55808K, 15% used [0x00000000a0000000,0x00000000a08826c8,0x00000000a3680000)
 Metaspace       used 28207K, capacity 28594K, committed 28672K, reserved 1073152K
  class space    used 3916K, capacity 4074K, committed 4096K, reserved 1048576K
Event: 7.288 GC heap after
Heap after GC invocations=8 (full 1):
 PSYoungGen      total 70656K, used 7151K [0x00000000e0000000, 0x00000000e7680000, 0x0000000100000000)
  eden space 59904K, 0% used [0x00000000e0000000,0x00000000e0000000,0x00000000e3a80000)
  from space 10752K, 66% used [0x00000000e3a80000,0x00000000e417bd28,0x00000000e4500000)
  to   space 10752K, 0% used [0x00000000e6c00000,0x00000000e6c00000,0x00000000e7680000)
 ParOldGen       total 55808K, used 8721K [0x00000000a0000000, 0x00000000a3680000, 0x00000000e0000000)
  object space 55808K, 15% used [0x00000000a0000000,0x00000000a08846c8,0x00000000a3680000)
 Metaspace       used 28207K, capacity 28594K, committed 28672K, reserved 1073152K
  class space    used 3916K, capacity 4074K, committed 4096K, reserved 1048576K
}
Event: 11.061 GC heap before
{Heap before GC invocations=9 (full 1):
 PSYoungGen      total 70656K, used 67055K [0x00000000e0000000, 0x00000000e7680000, 0x0000000100000000)
  eden space 59904K, 100% used [0x00000000e0000000,0x00000000e3a80000,0x00000000e3a80000)
  from space 10752K, 66% used [0x00000000e3a80000,0x00000000e417bd28,0x00000000e4500000)
  to   space 10752K, 0% used [0x00000000e6c00000,0x00000000e6c00000,0x00000000e7680000)
 ParOldGen       total 55808K, used 8721K [0x00000000a0000000, 0x00000000a3680000, 0x00000000e0000000)
  object space 55808K, 15% used [0x00000000a0000000,0x00000000a08846c8,0x00000000a3680000)
 Metaspace       used 31133K, capacity 31576K, committed 31744K, reserved 1077248K
  class space    used 4365K, capacity 4577K, committed 4608K, reserved 1048576K
Event: 11.067 GC heap after
Heap after GC invocations=9 (full 1):
 PSYoungGen      total 110080K, used 9539K [0x00000000e0000000, 0x00000000e7800000, 0x0000000100000000)
  eden space 99328K, 0% used [0x00000000e0000000,0x00000000e0000000,0x00000000e6100000)
  from space 10752K, 88% used [0x00000000e6c00000,0x00000000e7550f78,0x00000000e7680000)
  to   space 11264K, 0% used [0x00000000e6100000,0x00000000e6100000,0x00000000e6c00000)
 ParOldGen       total 55808K, used 8729K [0x00000000a0000000, 0x00000000a3680000, 0x00000000e0000000)
  object space 55808K, 15% used [0x00000000a0000000,0x00000000a08866c8,0x00000000a3680000)
 Metaspace       used 31133K, capacity 31576K, committed 31744K, reserved 1077248K
  class space    used 4365K, capacity 4577K, committed 4608K, reserved 1048576K
}
Event: 11.613 GC heap before
{Heap before GC invocations=10 (full 1):
 PSYoungGen      total 110080K, used 29403K [0x00000000e0000000, 0x00000000e7800000, 0x0000000100000000)
  eden space 99328K, 19% used [0x00000000e0000000,0x00000000e1365d28,0x00000000e6100000)
  from space 10752K, 88% used [0x00000000e6c00000,0x00000000e7550f78,0x00000000e7680000)
  to   space 11264K, 0% used [0x00000000e6100000,0x00000000e6100000,0x00000000e6c00000)
 ParOldGen       total 55808K, used 8729K [0x00000000a0000000, 0x00000000a3680000, 0x00000000e0000000)
  object space 55808K, 15% used [0x00000000a0000000,0x00000000a08866c8,0x00000000a3680000)
 Metaspace       used 34902K, capacity 35348K, committed 35416K, reserved 1079296K
  class space    used 4851K, capacity 5068K, committed 5120K, reserved 1048576K
Event: 11.620 GC heap after
Heap after GC invocations=10 (full 1):
 PSYoungGen      total 110592K, used 7613K [0x00000000e0000000, 0x00000000e9f00000, 0x0000000100000000)
  eden space 99328K, 0% used [0x00000000e0000000,0x00000000e0000000,0x00000000e6100000)
  from space 11264K, 67% used [0x00000000e6100000,0x00000000e686f720,0x00000000e6c00000)
  to   space 11264K, 0% used [0x00000000e9400000,0x00000000e9400000,0x00000000e9f00000)
 ParOldGen       total 55808K, used 10481K [0x00000000a0000000, 0x00000000a3680000, 0x00000000e0000000)
  object space 55808K, 18% used [0x00000000a0000000,0x00000000a0a3c718,0x00000000a3680000)
 Metaspace       used 34902K, capacity 35348K, committed 35416K, reserved 1079296K
  class space    used 4851K, capacity 5068K, committed 5120K, reserved 1048576K
}
Event: 11.620 GC heap before
{Heap before GC invocations=11 (full 2):
 PSYoungGen      total 110592K, used 7613K [0x00000000e0000000, 0x00000000e9f00000, 0x0000000100000000)
  eden space 99328K, 0% used [0x00000000e0000000,0x00000000e0000000,0x00000000e6100000)
  from space 11264K, 67% used [0x00000000e6100000,0x00000000e686f720,0x00000000e6c00000)
  to   space 11264K, 0% used [0x00000000e9400000,0x00000000e9400000,0x00000000e9f00000)
 ParOldGen       total 55808K, used 10481K [0x00000000a0000000, 0x00000000a3680000, 0x00000000e0000000)
  object space 55808K, 18% used [0x00000000a0000000,0x00000000a0a3c718,0x00000000a3680000)
 Metaspace       used 34902K, capacity 35348K, committed 35416K, reserved 1079296K
  class space    used 4851K, capacity 5068K, committed 5120K, reserved 1048576K
Event: 11.670 GC heap after
Heap after GC invocations=11 (full 2):
 PSYoungGen      total 110592K, used 0K [0x00000000e0000000, 0x00000000e9f00000, 0x0000000100000000)
  eden space 99328K, 0% used [0x00000000e0000000,0x00000000e0000000,0x00000000e6100000)
  from space 11264K, 0% used [0x00000000e6100000,0x00000000e6100000,0x00000000e6c00000)
  to   space 11264K, 0% used [0x00000000e9400000,0x00000000e9400000,0x00000000e9f00000)
 ParOldGen       total 55808K, used 15788K [0x00000000a0000000, 0x00000000a3680000, 0x00000000e0000000)
  object space 55808K, 28% used [0x00000000a0000000,0x00000000a0f6b330,0x00000000a3680000)
 Metaspace       used 34902K, capacity 35348K, committed 35416K, reserved 1079296K
  class space    used 4851K, capacity 5068K, committed 5120K, reserved 1048576K
}

