# JRE version: OpenJDK Runtime Environment (8.0_152-b01) (build 1.8.0_152-release-1248-b01)
# Java VM: OpenJDK 64-Bit Server VM (25.152-b01 mixed mode windows-amd64 compressed oops)
Heap:
 PSYoungGen      total 314368K, used 123119K [0x00000000e0000000, 0x00000000f5680000, 0x0000000100000000)
  eden space 289280K, 39% used [0x00000000e0000000,0x00000000e70de180,0x00000000f1a80000)
  from space 25088K, 30% used [0x00000000f3e00000,0x00000000f455dd70,0x00000000f5680000)
  to   space 30720K, 0% used [0x00000000f1a80000,0x00000000f1a80000,0x00000000f3880000)
 ParOldGen       total 194560K, used 68329K [0x00000000a0000000, 0x00000000abe00000, 0x00000000e0000000)
  object space 194560K, 35% used [0x00000000a0000000,0x00000000a42ba708,0x00000000abe00000)
 Metaspace       used 99166K, capacity 103068K, committed 104232K, reserved 1140736K
  class space    used 12486K, capacity 13332K, committed 13616K, reserved 1048576K
GC Heap History (10 events):
Event: 3344.173 GC heap before
{Heap before GC invocations=26 (full 4):
 PSYoungGen      total 211456K, used 196113K [0x00000000e0000000, 0x00000000efc00000, 0x0000000100000000)
  eden space 177664K, 99% used [0x00000000e0000000,0x00000000ead60000,0x00000000ead80000)
  from space 33792K, 54% used [0x00000000ead80000,0x00000000ebfa46c8,0x00000000ece80000)
  to   space 33280K, 0% used [0x00000000edb80000,0x00000000edb80000,0x00000000efc00000)
 ParOldGen       total 194560K, used 51303K [0x00000000a0000000, 0x00000000abe00000, 0x00000000e0000000)
  object space 194560K, 26% used [0x00000000a0000000,0x00000000a3219ef8,0x00000000abe00000)
 Metaspace       used 96776K, capacity 100178K, committed 102184K, reserved 1138688K
  class space    used 12261K, capacity 13017K, committed 13360K, reserved 1048576K
Event: 3344.191 GC heap after
Heap after GC invocations=26 (full 4):
 PSYoungGen      total 226304K, used 16399K [0x00000000e0000000, 0x00000000f2300000, 0x0000000100000000)
  eden space 193024K, 0% used [0x00000000e0000000,0x00000000e0000000,0x00000000ebc80000)
  from space 33280K, 49% used [0x00000000edb80000,0x00000000eeb83c68,0x00000000efc00000)
  to   space 31744K, 0% used [0x00000000ebc80000,0x00000000ebc80000,0x00000000edb80000)
 ParOldGen       total 194560K, used 51311K [0x00000000a0000000, 0x00000000abe00000, 0x00000000e0000000)
  object space 194560K, 26% used [0x00000000a0000000,0x00000000a321bef8,0x00000000abe00000)
 Metaspace       used 96776K, capacity 100178K, committed 102184K, reserved 1138688K
  class space    used 12261K, capacity 13017K, committed 13360K, reserved 1048576K
}
Event: 3346.726 GC heap before
{Heap before GC invocations=27 (full 4):
 PSYoungGen      total 226304K, used 209423K [0x00000000e0000000, 0x00000000f2300000, 0x0000000100000000)
  eden space 193024K, 100% used [0x00000000e0000000,0x00000000ebc80000,0x00000000ebc80000)
  from space 33280K, 49% used [0x00000000edb80000,0x00000000eeb83c68,0x00000000efc00000)
  to   space 31744K, 0% used [0x00000000ebc80000,0x00000000ebc80000,0x00000000edb80000)
 ParOldGen       total 194560K, used 51311K [0x00000000a0000000, 0x00000000abe00000, 0x00000000e0000000)
  object space 194560K, 26% used [0x00000000a0000000,0x00000000a321bef8,0x00000000abe00000)
 Metaspace       used 97114K, capacity 100734K, committed 102568K, reserved 1138688K
  class space    used 12312K, capacity 13089K, committed 13488K, reserved 1048576K
Event: 3346.737 GC heap after
Heap after GC invocations=27 (full 4):
 PSYoungGen      total 224768K, used 4128K [0x00000000e0000000, 0x00000000f3480000, 0x0000000100000000)
  eden space 193024K, 0% used [0x00000000e0000000,0x00000000e0000000,0x00000000ebc80000)
  from space 31744K, 13% used [0x00000000ebc80000,0x00000000ec088000,0x00000000edb80000)
  to   space 32256K, 0% used [0x00000000f1500000,0x00000000f1500000,0x00000000f3480000)
 ParOldGen       total 194560K, used 66225K [0x00000000a0000000, 0x00000000abe00000, 0x00000000e0000000)
  object space 194560K, 34% used [0x00000000a0000000,0x00000000a40ac6c8,0x00000000abe00000)
 Metaspace       used 97114K, capacity 100734K, committed 102568K, reserved 1138688K
  class space    used 12312K, capacity 13089K, committed 13488K, reserved 1048576K
}
Event: 3350.771 GC heap before
{Heap before GC invocations=28 (full 4):
 PSYoungGen      total 224768K, used 197152K [0x00000000e0000000, 0x00000000f3480000, 0x0000000100000000)
  eden space 193024K, 100% used [0x00000000e0000000,0x00000000ebc80000,0x00000000ebc80000)
  from space 31744K, 13% used [0x00000000ebc80000,0x00000000ec088000,0x00000000edb80000)
  to   space 32256K, 0% used [0x00000000f1500000,0x00000000f1500000,0x00000000f3480000)
 ParOldGen       total 194560K, used 66225K [0x00000000a0000000, 0x00000000abe00000, 0x00000000e0000000)
  object space 194560K, 34% used [0x00000000a0000000,0x00000000a40ac6c8,0x00000000abe00000)
 Metaspace       used 97280K, capacity 100948K, committed 102568K, reserved 1138688K
  class space    used 12330K, capacity 13116K, committed 13488K, reserved 1048576K
Event: 3350.777 GC heap after
Heap after GC invocations=28 (full 4):
 PSYoungGen      total 273408K, used 4900K [0x00000000e0000000, 0x00000000f2f00000, 0x0000000100000000)
  eden space 246784K, 0% used [0x00000000e0000000,0x00000000e0000000,0x00000000ef100000)
  from space 26624K, 18% used [0x00000000f1500000,0x00000000f19c9138,0x00000000f2f00000)
  to   space 31744K, 0% used [0x00000000ef100000,0x00000000ef100000,0x00000000f1000000)
 ParOldGen       total 194560K, used 67193K [0x00000000a0000000, 0x00000000abe00000, 0x00000000e0000000)
  object space 194560K, 34% used [0x00000000a0000000,0x00000000a419e6d8,0x00000000abe00000)
 Metaspace       used 97280K, capacity 100948K, committed 102568K, reserved 1138688K
  class space    used 12330K, capacity 13116K, committed 13488K, reserved 1048576K
}
Event: 3353.760 GC heap before
{Heap before GC invocations=29 (full 4):
 PSYoungGen      total 273408K, used 251684K [0x00000000e0000000, 0x00000000f2f00000, 0x0000000100000000)
  eden space 246784K, 100% used [0x00000000e0000000,0x00000000ef100000,0x00000000ef100000)
  from space 26624K, 18% used [0x00000000f1500000,0x00000000f19c9138,0x00000000f2f00000)
  to   space 31744K, 0% used [0x00000000ef100000,0x00000000ef100000,0x00000000f1000000)
 ParOldGen       total 194560K, used 67193K [0x00000000a0000000, 0x00000000abe00000, 0x00000000e0000000)
  object space 194560K, 34% used [0x00000000a0000000,0x00000000a419e6d8,0x00000000abe00000)
 Metaspace       used 97545K, capacity 101212K, committed 102824K, reserved 1138688K
  class space    used 12345K, capacity 13162K, committed 13488K, reserved 1048576K
Event: 3353.767 GC heap after
Heap after GC invocations=29 (full 4):
 PSYoungGen      total 278528K, used 3704K [0x00000000e0000000, 0x00000000f5d00000, 0x0000000100000000)
  eden space 246784K, 0% used [0x00000000e0000000,0x00000000e0000000,0x00000000ef100000)
  from space 31744K, 11% used [0x00000000ef100000,0x00000000ef49e078,0x00000000f1000000)
  to   space 31744K, 0% used [0x00000000f3e00000,0x00000000f3e00000,0x00000000f5d00000)
 ParOldGen       total 194560K, used 67449K [0x00000000a0000000, 0x00000000abe00000, 0x00000000e0000000)
  object space 194560K, 34% used [0x00000000a0000000,0x00000000a41de6d8,0x00000000abe00000)
 Metaspace       used 97545K, capacity 101212K, committed 102824K, reserved 1138688K
  class space    used 12345K, capacity 13162K, committed 13488K, reserved 1048576K
}
Event: 3360.575 GC heap before
{Heap before GC invocations=30 (full 4):
 PSYoungGen      total 278528K, used 250488K [0x00000000e0000000, 0x00000000f5d00000, 0x0000000100000000)
  eden space 246784K, 100% used [0x00000000e0000000,0x00000000ef100000,0x00000000ef100000)
  from space 31744K, 11% used [0x00000000ef100000,0x00000000ef49e078,0x00000000f1000000)
  to   space 31744K, 0% used [0x00000000f3e00000,0x00000000f3e00000,0x00000000f5d00000)
 ParOldGen       total 194560K, used 67449K [0x00000000a0000000, 0x00000000abe00000, 0x00000000e0000000)
  object space 194560K, 34% used [0x00000000a0000000,0x00000000a41de6d8,0x00000000abe00000)
 Metaspace       used 98771K, capacity 102616K, committed 103848K, reserved 1140736K
  class space    used 12471K, capacity 13298K, committed 13488K, reserved 1048576K
Event: 3360.586 GC heap after
Heap after GC invocations=30 (full 4):
 PSYoungGen      total 314368K, used 7543K [0x00000000e0000000, 0x00000000f5680000, 0x0000000100000000)
  eden space 289280K, 0% used [0x00000000e0000000,0x00000000e0000000,0x00000000f1a80000)
  from space 25088K, 30% used [0x00000000f3e00000,0x00000000f455dd70,0x00000000f5680000)
  to   space 30720K, 0% used [0x00000000f1a80000,0x00000000f1a80000,0x00000000f3880000)
 ParOldGen       total 194560K, used 68329K [0x00000000a0000000, 0x00000000abe00000, 0x00000000e0000000)
  object space 194560K, 35% used [0x00000000a0000000,0x00000000a42ba708,0x00000000abe00000)
 Metaspace       used 98771K, capacity 102616K, committed 103848K, reserved 1140736K
  class space    used 12471K, capacity 13298K, committed 13488K, reserved 1048576K
}

