# JRE version: OpenJDK Runtime Environment (8.0_152-b01) (build 1.8.0_152-release-1248-b01)
# Java VM: OpenJDK 64-Bit Server VM (25.152-b01 mixed mode windows-amd64 compressed oops)
Heap:
 PSYoungGen      total 354304K, used 200606K [0x00000000e0000000, 0x00000000fba00000, 0x0000000100000000)
  eden space 283648K, 45% used [0x00000000e0000000,0x00000000e7eeb9d0,0x00000000f1500000)
  from space 70656K, 99% used [0x00000000f7500000,0x00000000fb9fc0e8,0x00000000fba00000)
  to   space 68608K, 0% used [0x00000000f1500000,0x00000000f1500000,0x00000000f5800000)
 ParOldGen       total 268800K, used 191814K [0x00000000a0000000, 0x00000000b0680000, 0x00000000e0000000)
  object space 268800K, 71% used [0x00000000a0000000,0x00000000abb51878,0x00000000b0680000)
 Metaspace       used 91086K, capacity 94792K, committed 94976K, reserved 1132544K
  class space    used 11660K, capacity 12465K, committed 12544K, reserved 1048576K
GC Heap History (10 events):
Event: 10735.504 GC heap before
{Heap before GC invocations=30 (full 4):
 PSYoungGen      total 307712K, used 229965K [0x00000000e0000000, 0x00000000f9f00000, 0x0000000100000000)
  eden space 222720K, 100% used [0x00000000e0000000,0x00000000ed980000,0x00000000ed980000)
  from space 84992K, 8% used [0x00000000ed980000,0x00000000ee0937b0,0x00000000f2c80000)
  to   space 81920K, 0% used [0x00000000f4f00000,0x00000000f4f00000,0x00000000f9f00000)
 ParOldGen       total 268800K, used 155093K [0x00000000a0000000, 0x00000000b0680000, 0x00000000e0000000)
  object space 268800K, 57% used [0x00000000a0000000,0x00000000a9775408,0x00000000b0680000)
 Metaspace       used 79864K, capacity 83192K, committed 83328K, reserved 1122304K
  class space    used 10546K, capacity 11267K, committed 11392K, reserved 1048576K
Event: 10735.512 GC heap after
Heap after GC invocations=30 (full 4):
 PSYoungGen      total 327680K, used 4877K [0x00000000e0000000, 0x00000000f9500000, 0x0000000100000000)
  eden space 256000K, 0% used [0x00000000e0000000,0x00000000e0000000,0x00000000efa00000)
  from space 71680K, 6% used [0x00000000f4f00000,0x00000000f53c3640,0x00000000f9500000)
  to   space 79360K, 0% used [0x00000000efa00000,0x00000000efa00000,0x00000000f4780000)
 ParOldGen       total 268800K, used 155278K [0x00000000a0000000, 0x00000000b0680000, 0x00000000e0000000)
  object space 268800K, 57% used [0x00000000a0000000,0x00000000a97a3928,0x00000000b0680000)
 Metaspace       used 79864K, capacity 83192K, committed 83328K, reserved 1122304K
  class space    used 10546K, capacity 11267K, committed 11392K, reserved 1048576K
}
Event: 11012.057 GC heap before
{Heap before GC invocations=31 (full 4):
 PSYoungGen      total 327680K, used 260877K [0x00000000e0000000, 0x00000000f9500000, 0x0000000100000000)
  eden space 256000K, 100% used [0x00000000e0000000,0x00000000efa00000,0x00000000efa00000)
  from space 71680K, 6% used [0x00000000f4f00000,0x00000000f53c3640,0x00000000f9500000)
  to   space 79360K, 0% used [0x00000000efa00000,0x00000000efa00000,0x00000000f4780000)
 ParOldGen       total 268800K, used 155278K [0x00000000a0000000, 0x00000000b0680000, 0x00000000e0000000)
  object space 268800K, 57% used [0x00000000a0000000,0x00000000a97a3928,0x00000000b0680000)
 Metaspace       used 82221K, capacity 85654K, committed 85760K, reserved 1124352K
  class space    used 10740K, capacity 11464K, committed 11520K, reserved 1048576K
Event: 11012.070 GC heap after
Heap after GC invocations=31 (full 4):
 PSYoungGen      total 335360K, used 21582K [0x00000000e0000000, 0x00000000faa00000, 0x0000000100000000)
  eden space 256000K, 0% used [0x00000000e0000000,0x00000000e0000000,0x00000000efa00000)
  from space 79360K, 27% used [0x00000000efa00000,0x00000000f0f139a8,0x00000000f4780000)
  to   space 73728K, 0% used [0x00000000f6200000,0x00000000f6200000,0x00000000faa00000)
 ParOldGen       total 268800K, used 157855K [0x00000000a0000000, 0x00000000b0680000, 0x00000000e0000000)
  object space 268800K, 58% used [0x00000000a0000000,0x00000000a9a27ff8,0x00000000b0680000)
 Metaspace       used 82221K, capacity 85654K, committed 85760K, reserved 1124352K
  class space    used 10740K, capacity 11464K, committed 11520K, reserved 1048576K
}
Event: 11113.533 GC heap before
{Heap before GC invocations=32 (full 4):
 PSYoungGen      total 335360K, used 277582K [0x00000000e0000000, 0x00000000faa00000, 0x0000000100000000)
  eden space 256000K, 100% used [0x00000000e0000000,0x00000000efa00000,0x00000000efa00000)
  from space 79360K, 27% used [0x00000000efa00000,0x00000000f0f139a8,0x00000000f4780000)
  to   space 73728K, 0% used [0x00000000f6200000,0x00000000f6200000,0x00000000faa00000)
 ParOldGen       total 268800K, used 157855K [0x00000000a0000000, 0x00000000b0680000, 0x00000000e0000000)
  object space 268800K, 58% used [0x00000000a0000000,0x00000000a9a27ff8,0x00000000b0680000)
 Metaspace       used 84021K, capacity 87556K, committed 87808K, reserved 1126400K
  class space    used 10920K, capacity 11685K, committed 11776K, reserved 1048576K
Event: 11113.544 GC heap after
Heap after GC invocations=32 (full 4):
 PSYoungGen      total 342016K, used 19418K [0x00000000e0000000, 0x00000000f9b00000, 0x0000000100000000)
  eden space 283648K, 0% used [0x00000000e0000000,0x00000000e0000000,0x00000000f1500000)
  from space 58368K, 33% used [0x00000000f6200000,0x00000000f74f6b10,0x00000000f9b00000)
  to   space 68608K, 0% used [0x00000000f1500000,0x00000000f1500000,0x00000000f5800000)
 ParOldGen       total 268800K, used 157863K [0x00000000a0000000, 0x00000000b0680000, 0x00000000e0000000)
  object space 268800K, 58% used [0x00000000a0000000,0x00000000a9a29ff8,0x00000000b0680000)
 Metaspace       used 84021K, capacity 87556K, committed 87808K, reserved 1126400K
  class space    used 10920K, capacity 11685K, committed 11776K, reserved 1048576K
}
Event: 11117.575 GC heap before
{Heap before GC invocations=33 (full 4):
 PSYoungGen      total 342016K, used 303066K [0x00000000e0000000, 0x00000000f9b00000, 0x0000000100000000)
  eden space 283648K, 100% used [0x00000000e0000000,0x00000000f1500000,0x00000000f1500000)
  from space 58368K, 33% used [0x00000000f6200000,0x00000000f74f6b10,0x00000000f9b00000)
  to   space 68608K, 0% used [0x00000000f1500000,0x00000000f1500000,0x00000000f5800000)
 ParOldGen       total 268800K, used 157863K [0x00000000a0000000, 0x00000000b0680000, 0x00000000e0000000)
  object space 268800K, 58% used [0x00000000a0000000,0x00000000a9a29ff8,0x00000000b0680000)
 Metaspace       used 90428K, capacity 93996K, committed 94080K, reserved 1130496K
  class space    used 11630K, capacity 12397K, committed 12416K, reserved 1048576K
Event: 11117.603 GC heap after
Heap after GC invocations=33 (full 4):
 PSYoungGen      total 352256K, used 38748K [0x00000000e0000000, 0x00000000fba00000, 0x0000000100000000)
  eden space 283648K, 0% used [0x00000000e0000000,0x00000000e0000000,0x00000000f1500000)
  from space 68608K, 56% used [0x00000000f1500000,0x00000000f3ad71f8,0x00000000f5800000)
  to   space 70656K, 0% used [0x00000000f7500000,0x00000000f7500000,0x00000000fba00000)
 ParOldGen       total 268800K, used 157879K [0x00000000a0000000, 0x00000000b0680000, 0x00000000e0000000)
  object space 268800K, 58% used [0x00000000a0000000,0x00000000a9a2dff8,0x00000000b0680000)
 Metaspace       used 90428K, capacity 93996K, committed 94080K, reserved 1130496K
  class space    used 11630K, capacity 12397K, committed 12416K, reserved 1048576K
}
Event: 11121.765 GC heap before
{Heap before GC invocations=34 (full 4):
 PSYoungGen      total 352256K, used 322269K [0x00000000e0000000, 0x00000000fba00000, 0x0000000100000000)
  eden space 283648K, 99% used [0x00000000e0000000,0x00000000f14e0378,0x00000000f1500000)
  from space 68608K, 56% used [0x00000000f1500000,0x00000000f3ad71f8,0x00000000f5800000)
  to   space 70656K, 0% used [0x00000000f7500000,0x00000000f7500000,0x00000000fba00000)
 ParOldGen       total 268800K, used 157879K [0x00000000a0000000, 0x00000000b0680000, 0x00000000e0000000)
  object space 268800K, 58% used [0x00000000a0000000,0x00000000a9a2dff8,0x00000000b0680000)
 Metaspace       used 91075K, capacity 94792K, committed 94976K, reserved 1132544K
  class space    used 11660K, capacity 12465K, committed 12544K, reserved 1048576K
Event: 11121.852 GC heap after
Heap after GC invocations=34 (full 4):
 PSYoungGen      total 354304K, used 70640K [0x00000000e0000000, 0x00000000fba00000, 0x0000000100000000)
  eden space 283648K, 0% used [0x00000000e0000000,0x00000000e0000000,0x00000000f1500000)
  from space 70656K, 99% used [0x00000000f7500000,0x00000000fb9fc0e8,0x00000000fba00000)
  to   space 68608K, 0% used [0x00000000f1500000,0x00000000f1500000,0x00000000f5800000)
 ParOldGen       total 268800K, used 191814K [0x00000000a0000000, 0x00000000b0680000, 0x00000000e0000000)
  object space 268800K, 71% used [0x00000000a0000000,0x00000000abb51878,0x00000000b0680000)
 Metaspace       used 91075K, capacity 94792K, committed 94976K, reserved 1132544K
  class space    used 11660K, capacity 12465K, committed 12544K, reserved 1048576K
}

