# JRE version: OpenJDK Runtime Environment (8.0_152-b01) (build 1.8.0_152-release-1248-b01)
# Java VM: OpenJDK 64-Bit Server VM (25.152-b01 mixed mode windows-amd64 compressed oops)
Heap:
 PSYoungGen      total 195584K, used 157571K [0x00000000e0000000, 0x00000000eec00000, 0x0000000100000000)
  eden space 173056K, 85% used [0x00000000e0000000,0x00000000e8fdd408,0x00000000ea900000)
  from space 22528K, 45% used [0x00000000ea900000,0x00000000eb303a20,0x00000000ebf00000)
  to   space 21504K, 0% used [0x00000000ed700000,0x00000000ed700000,0x00000000eec00000)
 ParOldGen       total 159744K, used 38020K [0x00000000a0000000, 0x00000000a9c00000, 0x00000000e0000000)
  object space 159744K, 23% used [0x00000000a0000000,0x00000000a2521190,0x00000000a9c00000)
 Metaspace       used 63777K, capacity 65432K, committed 65584K, reserved 1105920K
  class space    used 8510K, capacity 8986K, committed 9008K, reserved 1048576K
GC Heap History (10 events):
Event: 5.850 GC heap before
{Heap before GC invocations=10 (full 2):
 PSYoungGen      total 141312K, used 130560K [0x00000000e0000000, 0x00000000eb180000, 0x0000000100000000)
  eden space 130560K, 100% used [0x00000000e0000000,0x00000000e7f80000,0x00000000e7f80000)
  from space 10752K, 0% used [0x00000000e7f80000,0x00000000e7f80000,0x00000000e8a00000)
  to   space 13312K, 0% used [0x00000000ea480000,0x00000000ea480000,0x00000000eb180000)
 ParOldGen       total 104960K, used 19704K [0x00000000a0000000, 0x00000000a6680000, 0x00000000e0000000)
  object space 104960K, 18% used [0x00000000a0000000,0x00000000a133e188,0x00000000a6680000)
 Metaspace       used 43223K, capacity 44032K, committed 44336K, reserved 1087488K
  class space    used 5868K, capacity 6129K, committed 6192K, reserved 1048576K
Event: 5.860 GC heap after
Heap after GC invocations=10 (full 2):
 PSYoungGen      total 165888K, used 13291K [0x00000000e0000000, 0x00000000ec680000, 0x0000000100000000)
  eden space 152576K, 0% used [0x00000000e0000000,0x00000000e0000000,0x00000000e9500000)
  from space 13312K, 99% used [0x00000000ea480000,0x00000000eb17aef8,0x00000000eb180000)
  to   space 15872K, 0% used [0x00000000e9500000,0x00000000e9500000,0x00000000ea480000)
 ParOldGen       total 104960K, used 21632K [0x00000000a0000000, 0x00000000a6680000, 0x00000000e0000000)
  object space 104960K, 20% used [0x00000000a0000000,0x00000000a1520120,0x00000000a6680000)
 Metaspace       used 43223K, capacity 44032K, committed 44336K, reserved 1087488K
  class space    used 5868K, capacity 6129K, committed 6192K, reserved 1048576K
}
Event: 7.641 GC heap before
{Heap before GC invocations=11 (full 2):
 PSYoungGen      total 165888K, used 165867K [0x00000000e0000000, 0x00000000ec680000, 0x0000000100000000)
  eden space 152576K, 100% used [0x00000000e0000000,0x00000000e9500000,0x00000000e9500000)
  from space 13312K, 99% used [0x00000000ea480000,0x00000000eb17aef8,0x00000000eb180000)
  to   space 15872K, 0% used [0x00000000e9500000,0x00000000e9500000,0x00000000ea480000)
 ParOldGen       total 104960K, used 21632K [0x00000000a0000000, 0x00000000a6680000, 0x00000000e0000000)
  object space 104960K, 20% used [0x00000000a0000000,0x00000000a1520120,0x00000000a6680000)
 Metaspace       used 48444K, capacity 49282K, committed 49584K, reserved 1091584K
  class space    used 6521K, capacity 6804K, committed 6832K, reserved 1048576K
Event: 7.648 GC heap after
Heap after GC invocations=11 (full 2):
 PSYoungGen      total 168448K, used 13861K [0x00000000e0000000, 0x00000000ed000000, 0x0000000100000000)
  eden space 152576K, 0% used [0x00000000e0000000,0x00000000e0000000,0x00000000e9500000)
  from space 15872K, 87% used [0x00000000e9500000,0x00000000ea289580,0x00000000ea480000)
  to   space 17408K, 0% used [0x00000000ebf00000,0x00000000ebf00000,0x00000000ed000000)
 ParOldGen       total 104960K, used 21704K [0x00000000a0000000, 0x00000000a6680000, 0x00000000e0000000)
  object space 104960K, 20% used [0x00000000a0000000,0x00000000a1532130,0x00000000a6680000)
 Metaspace       used 48444K, capacity 49282K, committed 49584K, reserved 1091584K
  class space    used 6521K, capacity 6804K, committed 6832K, reserved 1048576K
}
Event: 8.912 GC heap before
{Heap before GC invocations=12 (full 2):
 PSYoungGen      total 168448K, used 137221K [0x00000000e0000000, 0x00000000ed000000, 0x0000000100000000)
  eden space 152576K, 80% used [0x00000000e0000000,0x00000000e7878268,0x00000000e9500000)
  from space 15872K, 87% used [0x00000000e9500000,0x00000000ea289580,0x00000000ea480000)
  to   space 17408K, 0% used [0x00000000ebf00000,0x00000000ebf00000,0x00000000ed000000)
 ParOldGen       total 104960K, used 21704K [0x00000000a0000000, 0x00000000a6680000, 0x00000000e0000000)
  object space 104960K, 20% used [0x00000000a0000000,0x00000000a1532130,0x00000000a6680000)
 Metaspace       used 57547K, capacity 59090K, committed 59160K, reserved 1099776K
  class space    used 7880K, capacity 8317K, committed 8368K, reserved 1048576K
Event: 8.926 GC heap after
Heap after GC invocations=12 (full 2):
 PSYoungGen      total 190464K, used 17392K [0x00000000e0000000, 0x00000000edb00000, 0x0000000100000000)
  eden space 173056K, 0% used [0x00000000e0000000,0x00000000e0000000,0x00000000ea900000)
  from space 17408K, 99% used [0x00000000ebf00000,0x00000000ecffc080,0x00000000ed000000)
  to   space 22528K, 0% used [0x00000000ea900000,0x00000000ea900000,0x00000000ebf00000)
 ParOldGen       total 104960K, used 28945K [0x00000000a0000000, 0x00000000a6680000, 0x00000000e0000000)
  object space 104960K, 27% used [0x00000000a0000000,0x00000000a1c445a8,0x00000000a6680000)
 Metaspace       used 57547K, capacity 59090K, committed 59160K, reserved 1099776K
  class space    used 7880K, capacity 8317K, committed 8368K, reserved 1048576K
}
Event: 8.926 GC heap before
{Heap before GC invocations=13 (full 3):
 PSYoungGen      total 190464K, used 17392K [0x00000000e0000000, 0x00000000edb00000, 0x0000000100000000)
  eden space 173056K, 0% used [0x00000000e0000000,0x00000000e0000000,0x00000000ea900000)
  from space 17408K, 99% used [0x00000000ebf00000,0x00000000ecffc080,0x00000000ed000000)
  to   space 22528K, 0% used [0x00000000ea900000,0x00000000ea900000,0x00000000ebf00000)
 ParOldGen       total 104960K, used 28945K [0x00000000a0000000, 0x00000000a6680000, 0x00000000e0000000)
  object space 104960K, 27% used [0x00000000a0000000,0x00000000a1c445a8,0x00000000a6680000)
 Metaspace       used 57547K, capacity 59090K, committed 59160K, reserved 1099776K
  class space    used 7880K, capacity 8317K, committed 8368K, reserved 1048576K
Event: 9.059 GC heap after
Heap after GC invocations=13 (full 3):
 PSYoungGen      total 190464K, used 0K [0x00000000e0000000, 0x00000000edb00000, 0x0000000100000000)
  eden space 173056K, 0% used [0x00000000e0000000,0x00000000e0000000,0x00000000ea900000)
  from space 17408K, 0% used [0x00000000ebf00000,0x00000000ebf00000,0x00000000ed000000)
  to   space 22528K, 0% used [0x00000000ea900000,0x00000000ea900000,0x00000000ebf00000)
 ParOldGen       total 159744K, used 38012K [0x00000000a0000000, 0x00000000a9c00000, 0x00000000e0000000)
  object space 159744K, 23% used [0x00000000a0000000,0x00000000a251f190,0x00000000a9c00000)
 Metaspace       used 57547K, capacity 59090K, committed 59160K, reserved 1099776K
  class space    used 7880K, capacity 8317K, committed 8368K, reserved 1048576K
}
Event: 11.120 GC heap before
{Heap before GC invocations=14 (full 3):
 PSYoungGen      total 190464K, used 173056K [0x00000000e0000000, 0x00000000edb00000, 0x0000000100000000)
  eden space 173056K, 100% used [0x00000000e0000000,0x00000000ea900000,0x00000000ea900000)
  from space 17408K, 0% used [0x00000000ebf00000,0x00000000ebf00000,0x00000000ed000000)
  to   space 22528K, 0% used [0x00000000ea900000,0x00000000ea900000,0x00000000ebf00000)
 ParOldGen       total 159744K, used 38012K [0x00000000a0000000, 0x00000000a9c00000, 0x00000000e0000000)
  object space 159744K, 23% used [0x00000000a0000000,0x00000000a251f190,0x00000000a9c00000)
 Metaspace       used 60648K, capacity 62280K, committed 62512K, reserved 1103872K
  class space    used 8209K, capacity 8662K, committed 8752K, reserved 1048576K
Event: 11.128 GC heap after
Heap after GC invocations=14 (full 3):
 PSYoungGen      total 195584K, used 10254K [0x00000000e0000000, 0x00000000eec00000, 0x0000000100000000)
  eden space 173056K, 0% used [0x00000000e0000000,0x00000000e0000000,0x00000000ea900000)
  from space 22528K, 45% used [0x00000000ea900000,0x00000000eb303a20,0x00000000ebf00000)
  to   space 21504K, 0% used [0x00000000ed700000,0x00000000ed700000,0x00000000eec00000)
 ParOldGen       total 159744K, used 38020K [0x00000000a0000000, 0x00000000a9c00000, 0x00000000e0000000)
  object space 159744K, 23% used [0x00000000a0000000,0x00000000a2521190,0x00000000a9c00000)
 Metaspace       used 60648K, capacity 62280K, committed 62512K, reserved 1103872K
  class space    used 8209K, capacity 8662K, committed 8752K, reserved 1048576K
}

