# JRE version: OpenJDK Runtime Environment (8.0_152-b01) (build 1.8.0_152-release-1248-b01)
# Java VM: OpenJDK 64-Bit Server VM (25.152-b01 mixed mode windows-amd64 compressed oops)
Heap:
 PSYoungGen      total 412672K, used 178826K [0x00000000e0000000, 0x00000000fd580000, 0x0000000100000000)
  eden space 345600K, 41% used [0x00000000e0000000,0x00000000e8bfbce0,0x00000000f5180000)
  from space 67072K, 52% used [0x00000000f9400000,0x00000000fb6a6be0,0x00000000fd580000)
  to   space 67584K, 0% used [0x00000000f5180000,0x00000000f5180000,0x00000000f9380000)
 ParOldGen       total 223744K, used 58141K [0x00000000a0000000, 0x00000000ada80000, 0x00000000e0000000)
  object space 223744K, 25% used [0x00000000a0000000,0x00000000a38c7470,0x00000000ada80000)
 Metaspace       used 96806K, capacity 100612K, committed 101632K, reserved 1138688K
  class space    used 12006K, capacity 12827K, committed 13056K, reserved 1048576K
GC Heap History (10 events):
Event: 654.124 GC heap before
{Heap before GC invocations=48 (full 3):
 PSYoungGen      total 369664K, used 316064K [0x00000000e0000000, 0x00000000fb100000, 0x0000000100000000)
  eden space 303104K, 100% used [0x00000000e0000000,0x00000000f2800000,0x00000000f2800000)
  from space 66560K, 19% used [0x00000000f7000000,0x00000000f7ca8138,0x00000000fb100000)
  to   space 70144K, 0% used [0x00000000f2800000,0x00000000f2800000,0x00000000f6c80000)
 ParOldGen       total 148992K, used 126453K [0x00000000a0000000, 0x00000000a9180000, 0x00000000e0000000)
  object space 148992K, 84% used [0x00000000a0000000,0x00000000a7b7d718,0x00000000a9180000)
 Metaspace       used 91461K, capacity 95834K, committed 96128K, reserved 1132544K
  class space    used 11481K, capacity 12358K, committed 12416K, reserved 1048576K
Event: 654.133 GC heap after
Heap after GC invocations=48 (full 3):
 PSYoungGen      total 373248K, used 9238K [0x00000000e0000000, 0x00000000fc980000, 0x0000000100000000)
  eden space 303104K, 0% used [0x00000000e0000000,0x00000000e0000000,0x00000000f2800000)
  from space 70144K, 13% used [0x00000000f2800000,0x00000000f31059a0,0x00000000f6c80000)
  to   space 70144K, 0% used [0x00000000f8500000,0x00000000f8500000,0x00000000fc980000)
 ParOldGen       total 148992K, used 126461K [0x00000000a0000000, 0x00000000a9180000, 0x00000000e0000000)
  object space 148992K, 84% used [0x00000000a0000000,0x00000000a7b7f718,0x00000000a9180000)
 Metaspace       used 91461K, capacity 95834K, committed 96128K, reserved 1132544K
  class space    used 11481K, capacity 12358K, committed 12416K, reserved 1048576K
}
Event: 658.382 GC heap before
{Heap before GC invocations=49 (full 3):
 PSYoungGen      total 373248K, used 312342K [0x00000000e0000000, 0x00000000fc980000, 0x0000000100000000)
  eden space 303104K, 100% used [0x00000000e0000000,0x00000000f2800000,0x00000000f2800000)
  from space 70144K, 13% used [0x00000000f2800000,0x00000000f31059a0,0x00000000f6c80000)
  to   space 70144K, 0% used [0x00000000f8500000,0x00000000f8500000,0x00000000fc980000)
 ParOldGen       total 148992K, used 126461K [0x00000000a0000000, 0x00000000a9180000, 0x00000000e0000000)
  object space 148992K, 84% used [0x00000000a0000000,0x00000000a7b7f718,0x00000000a9180000)
 Metaspace       used 92079K, capacity 96506K, committed 96768K, reserved 1134592K
  class space    used 11539K, capacity 12428K, committed 12544K, reserved 1048576K
Event: 658.390 GC heap after
Heap after GC invocations=49 (full 3):
 PSYoungGen      total 389120K, used 8836K [0x00000000e0000000, 0x00000000fc400000, 0x0000000100000000)
  eden space 324608K, 0% used [0x00000000e0000000,0x00000000e0000000,0x00000000f3d00000)
  from space 64512K, 13% used [0x00000000f8500000,0x00000000f8da1038,0x00000000fc400000)
  to   space 69120K, 0% used [0x00000000f3d00000,0x00000000f3d00000,0x00000000f8080000)
 ParOldGen       total 148992K, used 126469K [0x00000000a0000000, 0x00000000a9180000, 0x00000000e0000000)
  object space 148992K, 84% used [0x00000000a0000000,0x00000000a7b81718,0x00000000a9180000)
 Metaspace       used 92079K, capacity 96506K, committed 96768K, reserved 1134592K
  class space    used 11539K, capacity 12428K, committed 12544K, reserved 1048576K
}
Event: 659.031 GC heap before
{Heap before GC invocations=50 (full 3):
 PSYoungGen      total 389120K, used 50035K [0x00000000e0000000, 0x00000000fc400000, 0x0000000100000000)
  eden space 324608K, 12% used [0x00000000e0000000,0x00000000e283bc60,0x00000000f3d00000)
  from space 64512K, 13% used [0x00000000f8500000,0x00000000f8da1038,0x00000000fc400000)
  to   space 69120K, 0% used [0x00000000f3d00000,0x00000000f3d00000,0x00000000f8080000)
 ParOldGen       total 148992K, used 126469K [0x00000000a0000000, 0x00000000a9180000, 0x00000000e0000000)
  object space 148992K, 84% used [0x00000000a0000000,0x00000000a7b81718,0x00000000a9180000)
 Metaspace       used 93828K, capacity 98170K, committed 98304K, reserved 1134592K
  class space    used 11790K, capacity 12684K, committed 12800K, reserved 1048576K
Event: 659.037 GC heap after
Heap after GC invocations=50 (full 3):
 PSYoungGen      total 393728K, used 9385K [0x00000000e0000000, 0x00000000fd680000, 0x0000000100000000)
  eden space 324608K, 0% used [0x00000000e0000000,0x00000000e0000000,0x00000000f3d00000)
  from space 69120K, 13% used [0x00000000f3d00000,0x00000000f462a470,0x00000000f8080000)
  to   space 68096K, 0% used [0x00000000f9400000,0x00000000f9400000,0x00000000fd680000)
 ParOldGen       total 148992K, used 126477K [0x00000000a0000000, 0x00000000a9180000, 0x00000000e0000000)
  object space 148992K, 84% used [0x00000000a0000000,0x00000000a7b83718,0x00000000a9180000)
 Metaspace       used 93828K, capacity 98170K, committed 98304K, reserved 1134592K
  class space    used 11790K, capacity 12684K, committed 12800K, reserved 1048576K
}
Event: 659.037 GC heap before
{Heap before GC invocations=51 (full 4):
 PSYoungGen      total 393728K, used 9385K [0x00000000e0000000, 0x00000000fd680000, 0x0000000100000000)
  eden space 324608K, 0% used [0x00000000e0000000,0x00000000e0000000,0x00000000f3d00000)
  from space 69120K, 13% used [0x00000000f3d00000,0x00000000f462a470,0x00000000f8080000)
  to   space 68096K, 0% used [0x00000000f9400000,0x00000000f9400000,0x00000000fd680000)
 ParOldGen       total 148992K, used 126477K [0x00000000a0000000, 0x00000000a9180000, 0x00000000e0000000)
  object space 148992K, 84% used [0x00000000a0000000,0x00000000a7b83718,0x00000000a9180000)
 Metaspace       used 93828K, capacity 98170K, committed 98304K, reserved 1134592K
  class space    used 11790K, capacity 12684K, committed 12800K, reserved 1048576K
Event: 659.169 GC heap after
Heap after GC invocations=51 (full 4):
 PSYoungGen      total 393728K, used 0K [0x00000000e0000000, 0x00000000fd680000, 0x0000000100000000)
  eden space 324608K, 0% used [0x00000000e0000000,0x00000000e0000000,0x00000000f3d00000)
  from space 69120K, 0% used [0x00000000f3d00000,0x00000000f3d00000,0x00000000f8080000)
  to   space 68096K, 0% used [0x00000000f9400000,0x00000000f9400000,0x00000000fd680000)
 ParOldGen       total 223744K, used 58133K [0x00000000a0000000, 0x00000000ada80000, 0x00000000e0000000)
  object space 223744K, 25% used [0x00000000a0000000,0x00000000a38c5470,0x00000000ada80000)
 Metaspace       used 93499K, capacity 97306K, committed 98304K, reserved 1134592K
  class space    used 11682K, capacity 12500K, committed 12800K, reserved 1048576K
}
Event: 702.053 GC heap before
{Heap before GC invocations=52 (full 4):
 PSYoungGen      total 393728K, used 324608K [0x00000000e0000000, 0x00000000fd680000, 0x0000000100000000)
  eden space 324608K, 100% used [0x00000000e0000000,0x00000000f3d00000,0x00000000f3d00000)
  from space 69120K, 0% used [0x00000000f3d00000,0x00000000f3d00000,0x00000000f8080000)
  to   space 68096K, 0% used [0x00000000f9400000,0x00000000f9400000,0x00000000fd680000)
 ParOldGen       total 223744K, used 58133K [0x00000000a0000000, 0x00000000ada80000, 0x00000000e0000000)
  object space 223744K, 25% used [0x00000000a0000000,0x00000000a38c5470,0x00000000ada80000)
 Metaspace       used 96786K, capacity 100606K, committed 101632K, reserved 1138688K
  class space    used 12005K, capacity 12826K, committed 13056K, reserved 1048576K
Event: 702.074 GC heap after
Heap after GC invocations=52 (full 4):
 PSYoungGen      total 412672K, used 35482K [0x00000000e0000000, 0x00000000fd580000, 0x0000000100000000)
  eden space 345600K, 0% used [0x00000000e0000000,0x00000000e0000000,0x00000000f5180000)
  from space 67072K, 52% used [0x00000000f9400000,0x00000000fb6a6be0,0x00000000fd580000)
  to   space 67584K, 0% used [0x00000000f5180000,0x00000000f5180000,0x00000000f9380000)
 ParOldGen       total 223744K, used 58141K [0x00000000a0000000, 0x00000000ada80000, 0x00000000e0000000)
  object space 223744K, 25% used [0x00000000a0000000,0x00000000a38c7470,0x00000000ada80000)
 Metaspace       used 96786K, capacity 100606K, committed 101632K, reserved 1138688K
  class space    used 12005K, capacity 12826K, committed 13056K, reserved 1048576K
}

