# JRE version: OpenJDK Runtime Environment (8.0_152-b01) (build 1.8.0_152-release-1248-b01)
# Java VM: OpenJDK 64-Bit Server VM (25.152-b01 mixed mode windows-amd64 compressed oops)
Heap:
 PSYoungGen      total 71680K, used 7737K [0x00000000e0000000, 0x00000000e7780000, 0x0000000100000000)
  eden space 66560K, 3% used [0x00000000e0000000,0x00000000e028e4d0,0x00000000e4100000)
  from space 5120K, 100% used [0x00000000e4100000,0x00000000e4600000,0x00000000e4600000)
  to   space 10752K, 0% used [0x00000000e6d00000,0x00000000e6d00000,0x00000000e7780000)
 ParOldGen       total 62464K, used 14343K [0x00000000a0000000, 0x00000000a3d00000, 0x00000000e0000000)
  object space 62464K, 22% used [0x00000000a0000000,0x00000000a0e01cc8,0x00000000a3d00000)
 Metaspace       used 30273K, capacity 30610K, committed 30848K, reserved 1075200K
  class space    used 4213K, capacity 4362K, committed 4480K, reserved 1048576K
GC Heap History (10 events):
Event: 1.763 GC heap before
{Heap before GC invocations=4 (full 0):
 PSYoungGen      total 38400K, used 38400K [0x00000000e0000000, 0x00000000e4b00000, 0x0000000100000000)
  eden space 33280K, 100% used [0x00000000e0000000,0x00000000e2080000,0x00000000e2080000)
  from space 5120K, 100% used [0x00000000e2080000,0x00000000e2580000,0x00000000e2580000)
  to   space 5120K, 0% used [0x00000000e4600000,0x00000000e4600000,0x00000000e4b00000)
 ParOldGen       total 87552K, used 2104K [0x00000000a0000000, 0x00000000a5580000, 0x00000000e0000000)
  object space 87552K, 2% used [0x00000000a0000000,0x00000000a020e250,0x00000000a5580000)
 Metaspace       used 16781K, capacity 17198K, committed 17536K, reserved 1064960K
  class space    used 2420K, capacity 2573K, committed 2688K, reserved 1048576K
Event: 1.770 GC heap after
Heap after GC invocations=4 (full 0):
 PSYoungGen      total 71680K, used 5120K [0x00000000e0000000, 0x00000000e4b00000, 0x0000000100000000)
  eden space 66560K, 0% used [0x00000000e0000000,0x00000000e0000000,0x00000000e4100000)
  from space 5120K, 100% used [0x00000000e4600000,0x00000000e4b00000,0x00000000e4b00000)
  to   space 5120K, 0% used [0x00000000e4100000,0x00000000e4100000,0x00000000e4600000)
 ParOldGen       total 87552K, used 5420K [0x00000000a0000000, 0x00000000a5580000, 0x00000000e0000000)
  object space 87552K, 6% used [0x00000000a0000000,0x00000000a054b1f8,0x00000000a5580000)
 Metaspace       used 16781K, capacity 17198K, committed 17536K, reserved 1064960K
  class space    used 2420K, capacity 2573K, committed 2688K, reserved 1048576K
}
Event: 2.010 GC heap before
{Heap before GC invocations=5 (full 0):
 PSYoungGen      total 71680K, used 29392K [0x00000000e0000000, 0x00000000e4b00000, 0x0000000100000000)
  eden space 66560K, 36% used [0x00000000e0000000,0x00000000e17b4218,0x00000000e4100000)
  from space 5120K, 100% used [0x00000000e4600000,0x00000000e4b00000,0x00000000e4b00000)
  to   space 5120K, 0% used [0x00000000e4100000,0x00000000e4100000,0x00000000e4600000)
 ParOldGen       total 87552K, used 5420K [0x00000000a0000000, 0x00000000a5580000, 0x00000000e0000000)
  object space 87552K, 6% used [0x00000000a0000000,0x00000000a054b1f8,0x00000000a5580000)
 Metaspace       used 20859K, capacity 21176K, committed 21248K, reserved 1067008K
  class space    used 2920K, capacity 3060K, committed 3072K, reserved 1048576K
Event: 2.017 GC heap after
Heap after GC invocations=5 (full 0):
 PSYoungGen      total 71680K, used 5108K [0x00000000e0000000, 0x00000000e4b00000, 0x0000000100000000)
  eden space 66560K, 0% used [0x00000000e0000000,0x00000000e0000000,0x00000000e4100000)
  from space 5120K, 99% used [0x00000000e4100000,0x00000000e45fd040,0x00000000e4600000)
  to   space 5120K, 0% used [0x00000000e4600000,0x00000000e4600000,0x00000000e4b00000)
 ParOldGen       total 87552K, used 8798K [0x00000000a0000000, 0x00000000a5580000, 0x00000000e0000000)
  object space 87552K, 10% used [0x00000000a0000000,0x00000000a0897ae0,0x00000000a5580000)
 Metaspace       used 20859K, capacity 21176K, committed 21248K, reserved 1067008K
  class space    used 2920K, capacity 3060K, committed 3072K, reserved 1048576K
}
Event: 2.017 GC heap before
{Heap before GC invocations=6 (full 1):
 PSYoungGen      total 71680K, used 5108K [0x00000000e0000000, 0x00000000e4b00000, 0x0000000100000000)
  eden space 66560K, 0% used [0x00000000e0000000,0x00000000e0000000,0x00000000e4100000)
  from space 5120K, 99% used [0x00000000e4100000,0x00000000e45fd040,0x00000000e4600000)
  to   space 5120K, 0% used [0x00000000e4600000,0x00000000e4600000,0x00000000e4b00000)
 ParOldGen       total 87552K, used 8798K [0x00000000a0000000, 0x00000000a5580000, 0x00000000e0000000)
  object space 87552K, 10% used [0x00000000a0000000,0x00000000a0897ae0,0x00000000a5580000)
 Metaspace       used 20859K, capacity 21176K, committed 21248K, reserved 1067008K
  class space    used 2920K, capacity 3060K, committed 3072K, reserved 1048576K
Event: 2.047 GC heap after
Heap after GC invocations=6 (full 1):
 PSYoungGen      total 71680K, used 0K [0x00000000e0000000, 0x00000000e4b00000, 0x0000000100000000)
  eden space 66560K, 0% used [0x00000000e0000000,0x00000000e0000000,0x00000000e4100000)
  from space 5120K, 0% used [0x00000000e4100000,0x00000000e4100000,0x00000000e4600000)
  to   space 5120K, 0% used [0x00000000e4600000,0x00000000e4600000,0x00000000e4b00000)
 ParOldGen       total 62464K, used 8707K [0x00000000a0000000, 0x00000000a3d00000, 0x00000000e0000000)
  object space 62464K, 13% used [0x00000000a0000000,0x00000000a0880cb8,0x00000000a3d00000)
 Metaspace       used 20859K, capacity 21176K, committed 21248K, reserved 1067008K
  class space    used 2920K, capacity 3060K, committed 3072K, reserved 1048576K
}
Event: 2.594 GC heap before
{Heap before GC invocations=7 (full 1):
 PSYoungGen      total 71680K, used 66560K [0x00000000e0000000, 0x00000000e4b00000, 0x0000000100000000)
  eden space 66560K, 100% used [0x00000000e0000000,0x00000000e4100000,0x00000000e4100000)
  from space 5120K, 0% used [0x00000000e4100000,0x00000000e4100000,0x00000000e4600000)
  to   space 5120K, 0% used [0x00000000e4600000,0x00000000e4600000,0x00000000e4b00000)
 ParOldGen       total 62464K, used 8707K [0x00000000a0000000, 0x00000000a3d00000, 0x00000000e0000000)
  object space 62464K, 13% used [0x00000000a0000000,0x00000000a0880cb8,0x00000000a3d00000)
 Metaspace       used 26741K, capacity 27110K, committed 27392K, reserved 1073152K
  class space    used 3643K, capacity 3815K, committed 3840K, reserved 1048576K
Event: 2.600 GC heap after
Heap after GC invocations=7 (full 1):
 PSYoungGen      total 71680K, used 5095K [0x00000000e0000000, 0x00000000e4b00000, 0x0000000100000000)
  eden space 66560K, 0% used [0x00000000e0000000,0x00000000e0000000,0x00000000e4100000)
  from space 5120K, 99% used [0x00000000e4600000,0x00000000e4af9dd8,0x00000000e4b00000)
  to   space 5120K, 0% used [0x00000000e4100000,0x00000000e4100000,0x00000000e4600000)
 ParOldGen       total 62464K, used 10884K [0x00000000a0000000, 0x00000000a3d00000, 0x00000000e0000000)
  object space 62464K, 17% used [0x00000000a0000000,0x00000000a0aa1288,0x00000000a3d00000)
 Metaspace       used 26741K, capacity 27110K, committed 27392K, reserved 1073152K
  class space    used 3643K, capacity 3815K, committed 3840K, reserved 1048576K
}
Event: 3.041 GC heap before
{Heap before GC invocations=8 (full 1):
 PSYoungGen      total 71680K, used 71655K [0x00000000e0000000, 0x00000000e4b00000, 0x0000000100000000)
  eden space 66560K, 100% used [0x00000000e0000000,0x00000000e4100000,0x00000000e4100000)
  from space 5120K, 99% used [0x00000000e4600000,0x00000000e4af9dd8,0x00000000e4b00000)
  to   space 5120K, 0% used [0x00000000e4100000,0x00000000e4100000,0x00000000e4600000)
 ParOldGen       total 62464K, used 10884K [0x00000000a0000000, 0x00000000a3d00000, 0x00000000e0000000)
  object space 62464K, 17% used [0x00000000a0000000,0x00000000a0aa1288,0x00000000a3d00000)
 Metaspace       used 30175K, capacity 30546K, committed 30848K, reserved 1075200K
  class space    used 4209K, capacity 4362K, committed 4480K, reserved 1048576K
Event: 3.046 GC heap after
Heap after GC invocations=8 (full 1):
 PSYoungGen      total 71680K, used 5120K [0x00000000e0000000, 0x00000000e7780000, 0x0000000100000000)
  eden space 66560K, 0% used [0x00000000e0000000,0x00000000e0000000,0x00000000e4100000)
  from space 5120K, 100% used [0x00000000e4100000,0x00000000e4600000,0x00000000e4600000)
  to   space 10752K, 0% used [0x00000000e6d00000,0x00000000e6d00000,0x00000000e7780000)
 ParOldGen       total 62464K, used 14343K [0x00000000a0000000, 0x00000000a3d00000, 0x00000000e0000000)
  object space 62464K, 22% used [0x00000000a0000000,0x00000000a0e01cc8,0x00000000a3d00000)
 Metaspace       used 30175K, capacity 30546K, committed 30848K, reserved 1075200K
  class space    used 4209K, capacity 4362K, committed 4480K, reserved 1048576K
}

