# JRE version: OpenJDK Runtime Environment (8.0_152-b01) (build 1.8.0_152-release-1248-b01)
# Java VM: OpenJDK 64-Bit Server VM (25.152-b01 mixed mode windows-amd64 compressed oops)
Heap:
 PSYoungGen      total 143360K, used 57207K [0x00000000e0000000, 0x00000000ece80000, 0x0000000100000000)
  eden space 105984K, 18% used [0x00000000e0000000,0x00000000e13646f8,0x00000000e6780000)
  from space 37376K, 99% used [0x00000000e9280000,0x00000000eb6f9838,0x00000000eb700000)
  to   space 44032K, 0% used [0x00000000e6780000,0x00000000e6780000,0x00000000e9280000)
 ParOldGen       total 154624K, used 57387K [0x00000000a0000000, 0x00000000a9700000, 0x00000000e0000000)
  object space 154624K, 37% used [0x00000000a0000000,0x00000000a380ac50,0x00000000a9700000)
 Metaspace       used 77619K, capacity 80526K, committed 80640K, reserved 1120256K
  class space    used 9962K, capacity 10661K, committed 10752K, reserved 1048576K
GC Heap History (10 events):
Event: 577.291 GC heap before
{Heap before GC invocations=25 (full 3):
 PSYoungGen      total 150016K, used 150004K [0x00000000e0000000, 0x00000000ebb00000, 0x0000000100000000)
  eden space 123904K, 100% used [0x00000000e0000000,0x00000000e7900000,0x00000000e7900000)
  from space 26112K, 99% used [0x00000000e7c00000,0x00000000e957d310,0x00000000e9580000)
  to   space 33792K, 0% used [0x00000000e9a00000,0x00000000e9a00000,0x00000000ebb00000)
 ParOldGen       total 154624K, used 52383K [0x00000000a0000000, 0x00000000a9700000, 0x00000000e0000000)
  object space 154624K, 33% used [0x00000000a0000000,0x00000000a3327d18,0x00000000a9700000)
 Metaspace       used 76999K, capacity 79708K, committed 79744K, reserved 1118208K
  class space    used 9927K, capacity 10602K, committed 10624K, reserved 1048576K
Event: 577.308 GC heap after
Heap after GC invocations=25 (full 3):
 PSYoungGen      total 153600K, used 23774K [0x00000000e0000000, 0x00000000eba00000, 0x0000000100000000)
  eden space 120832K, 0% used [0x00000000e0000000,0x00000000e0000000,0x00000000e7600000)
  from space 32768K, 72% used [0x00000000e9a00000,0x00000000eb137848,0x00000000eba00000)
  to   space 34816K, 0% used [0x00000000e7600000,0x00000000e7600000,0x00000000e9800000)
 ParOldGen       total 154624K, used 52391K [0x00000000a0000000, 0x00000000a9700000, 0x00000000e0000000)
  object space 154624K, 33% used [0x00000000a0000000,0x00000000a3329d18,0x00000000a9700000)
 Metaspace       used 76999K, capacity 79708K, committed 79744K, reserved 1118208K
  class space    used 9927K, capacity 10602K, committed 10624K, reserved 1048576K
}
Event: 578.984 GC heap before
{Heap before GC invocations=26 (full 3):
 PSYoungGen      total 153600K, used 144606K [0x00000000e0000000, 0x00000000eba00000, 0x0000000100000000)
  eden space 120832K, 100% used [0x00000000e0000000,0x00000000e7600000,0x00000000e7600000)
  from space 32768K, 72% used [0x00000000e9a00000,0x00000000eb137848,0x00000000eba00000)
  to   space 34816K, 0% used [0x00000000e7600000,0x00000000e7600000,0x00000000e9800000)
 ParOldGen       total 154624K, used 52391K [0x00000000a0000000, 0x00000000a9700000, 0x00000000e0000000)
  object space 154624K, 33% used [0x00000000a0000000,0x00000000a3329d18,0x00000000a9700000)
 Metaspace       used 77189K, capacity 79992K, committed 80000K, reserved 1118208K
  class space    used 9935K, capacity 10616K, committed 10624K, reserved 1048576K
Event: 579.005 GC heap after
Heap after GC invocations=26 (full 3):
 PSYoungGen      total 140800K, used 22638K [0x00000000e0000000, 0x00000000eb800000, 0x0000000100000000)
  eden space 117760K, 0% used [0x00000000e0000000,0x00000000e0000000,0x00000000e7300000)
  from space 23040K, 98% used [0x00000000e7600000,0x00000000e8c1b900,0x00000000e8c80000)
  to   space 35328K, 0% used [0x00000000e9580000,0x00000000e9580000,0x00000000eb800000)
 ParOldGen       total 154624K, used 52399K [0x00000000a0000000, 0x00000000a9700000, 0x00000000e0000000)
  object space 154624K, 33% used [0x00000000a0000000,0x00000000a332bd18,0x00000000a9700000)
 Metaspace       used 77189K, capacity 79992K, committed 80000K, reserved 1118208K
  class space    used 9935K, capacity 10616K, committed 10624K, reserved 1048576K
}
Event: 585.411 GC heap before
{Heap before GC invocations=27 (full 3):
 PSYoungGen      total 140800K, used 140398K [0x00000000e0000000, 0x00000000eb800000, 0x0000000100000000)
  eden space 117760K, 100% used [0x00000000e0000000,0x00000000e7300000,0x00000000e7300000)
  from space 23040K, 98% used [0x00000000e7600000,0x00000000e8c1b900,0x00000000e8c80000)
  to   space 35328K, 0% used [0x00000000e9580000,0x00000000e9580000,0x00000000eb800000)
 ParOldGen       total 154624K, used 52399K [0x00000000a0000000, 0x00000000a9700000, 0x00000000e0000000)
  object space 154624K, 33% used [0x00000000a0000000,0x00000000a332bd18,0x00000000a9700000)
 Metaspace       used 77359K, capacity 80236K, committed 80384K, reserved 1118208K
  class space    used 9952K, capacity 10646K, committed 10752K, reserved 1048576K
Event: 585.423 GC heap after
Heap after GC invocations=27 (full 3):
 PSYoungGen      total 148992K, used 22663K [0x00000000e0000000, 0x00000000eb680000, 0x0000000100000000)
  eden space 115200K, 0% used [0x00000000e0000000,0x00000000e0000000,0x00000000e7080000)
  from space 33792K, 67% used [0x00000000e9580000,0x00000000eaba1e90,0x00000000eb680000)
  to   space 35840K, 0% used [0x00000000e7080000,0x00000000e7080000,0x00000000e9380000)
 ParOldGen       total 154624K, used 52407K [0x00000000a0000000, 0x00000000a9700000, 0x00000000e0000000)
  object space 154624K, 33% used [0x00000000a0000000,0x00000000a332dd18,0x00000000a9700000)
 Metaspace       used 77359K, capacity 80236K, committed 80384K, reserved 1118208K
  class space    used 9952K, capacity 10646K, committed 10752K, reserved 1048576K
}
Event: 587.197 GC heap before
{Heap before GC invocations=28 (full 3):
 PSYoungGen      total 148992K, used 137863K [0x00000000e0000000, 0x00000000eb680000, 0x0000000100000000)
  eden space 115200K, 100% used [0x00000000e0000000,0x00000000e7080000,0x00000000e7080000)
  from space 33792K, 67% used [0x00000000e9580000,0x00000000eaba1e90,0x00000000eb680000)
  to   space 35840K, 0% used [0x00000000e7080000,0x00000000e7080000,0x00000000e9380000)
 ParOldGen       total 154624K, used 52407K [0x00000000a0000000, 0x00000000a9700000, 0x00000000e0000000)
  object space 154624K, 33% used [0x00000000a0000000,0x00000000a332dd18,0x00000000a9700000)
 Metaspace       used 77487K, capacity 80398K, committed 80640K, reserved 1120256K
  class space    used 9961K, capacity 10661K, committed 10752K, reserved 1048576K
Event: 587.212 GC heap after
Heap after GC invocations=28 (full 3):
 PSYoungGen      total 139776K, used 26702K [0x00000000e0000000, 0x00000000eb700000, 0x0000000100000000)
  eden space 112640K, 0% used [0x00000000e0000000,0x00000000e0000000,0x00000000e6e00000)
  from space 27136K, 98% used [0x00000000e7080000,0x00000000e8a93b98,0x00000000e8b00000)
  to   space 37376K, 0% used [0x00000000e9280000,0x00000000e9280000,0x00000000eb700000)
 ParOldGen       total 154624K, used 52415K [0x00000000a0000000, 0x00000000a9700000, 0x00000000e0000000)
  object space 154624K, 33% used [0x00000000a0000000,0x00000000a332fd18,0x00000000a9700000)
 Metaspace       used 77487K, capacity 80398K, committed 80640K, reserved 1120256K
  class space    used 9961K, capacity 10661K, committed 10752K, reserved 1048576K
}
Event: 587.846 GC heap before
{Heap before GC invocations=29 (full 3):
 PSYoungGen      total 139776K, used 139317K [0x00000000e0000000, 0x00000000eb700000, 0x0000000100000000)
  eden space 112640K, 99% used [0x00000000e0000000,0x00000000e6df9c28,0x00000000e6e00000)
  from space 27136K, 98% used [0x00000000e7080000,0x00000000e8a93b98,0x00000000e8b00000)
  to   space 37376K, 0% used [0x00000000e9280000,0x00000000e9280000,0x00000000eb700000)
 ParOldGen       total 154624K, used 52415K [0x00000000a0000000, 0x00000000a9700000, 0x00000000e0000000)
  object space 154624K, 33% used [0x00000000a0000000,0x00000000a332fd18,0x00000000a9700000)
 Metaspace       used 77595K, capacity 80526K, committed 80640K, reserved 1120256K
  class space    used 9962K, capacity 10661K, committed 10752K, reserved 1048576K
Event: 587.869 GC heap after
Heap after GC invocations=29 (full 3):
 PSYoungGen      total 143360K, used 37350K [0x00000000e0000000, 0x00000000ece80000, 0x0000000100000000)
  eden space 105984K, 0% used [0x00000000e0000000,0x00000000e0000000,0x00000000e6780000)
  from space 37376K, 99% used [0x00000000e9280000,0x00000000eb6f9838,0x00000000eb700000)
  to   space 44032K, 0% used [0x00000000e6780000,0x00000000e6780000,0x00000000e9280000)
 ParOldGen       total 154624K, used 57387K [0x00000000a0000000, 0x00000000a9700000, 0x00000000e0000000)
  object space 154624K, 37% used [0x00000000a0000000,0x00000000a380ac50,0x00000000a9700000)
 Metaspace       used 77595K, capacity 80526K, committed 80640K, reserved 1120256K
  class space    used 9962K, capacity 10661K, committed 10752K, reserved 1048576K
}

