# JRE version: OpenJDK Runtime Environment (8.0_152-b01) (build 1.8.0_152-release-1248-b01)
# Java VM: OpenJDK 64-Bit Server VM (25.152-b01 mixed mode windows-amd64 compressed oops)
Heap:
 PSYoungGen      total 226304K, used 127006K [0x00000000e0000000, 0x00000000f0b80000, 0x0000000100000000)
  eden space 204800K, 53% used [0x00000000e0000000,0x00000000e6a24520,0x00000000ec800000)
  from space 21504K, 85% used [0x00000000ec800000,0x00000000ed9e32f8,0x00000000edd00000)
  to   space 23040K, 0% used [0x00000000ef500000,0x00000000ef500000,0x00000000f0b80000)
 ParOldGen       total 152064K, used 34885K [0x00000000a0000000, 0x00000000a9480000, 0x00000000e0000000)
  object space 152064K, 22% used [0x00000000a0000000,0x00000000a2211668,0x00000000a9480000)
 Metaspace       used 72234K, capacity 74362K, committed 74584K, reserved 1114112K
  class space    used 9437K, capacity 10003K, committed 10072K, reserved 1048576K
GC Heap History (10 events):
Event: 9.954 GC heap before
{Heap before GC invocations=12 (full 2):
 PSYoungGen      total 159744K, used 159738K [0x00000000e0000000, 0x00000000ed200000, 0x0000000100000000)
  eden space 146432K, 100% used [0x00000000e0000000,0x00000000e8f00000,0x00000000e8f00000)
  from space 13312K, 99% used [0x00000000e8f00000,0x00000000e9bfeaa0,0x00000000e9c00000)
  to   space 16896K, 0% used [0x00000000ec180000,0x00000000ec180000,0x00000000ed200000)
 ParOldGen       total 99328K, used 20034K [0x00000000a0000000, 0x00000000a6100000, 0x00000000e0000000)
  object space 99328K, 20% used [0x00000000a0000000,0x00000000a1390808,0x00000000a6100000)
 Metaspace       used 51344K, capacity 52388K, committed 52864K, reserved 1095680K
  class space    used 6825K, capacity 7175K, committed 7296K, reserved 1048576K
Event: 9.963 GC heap after
Heap after GC invocations=12 (full 2):
 PSYoungGen      total 192512K, used 14877K [0x00000000e0000000, 0x00000000ed080000, 0x0000000100000000)
  eden space 177152K, 0% used [0x00000000e0000000,0x00000000e0000000,0x00000000ead00000)
  from space 15360K, 96% used [0x00000000ec180000,0x00000000ed0075b0,0x00000000ed080000)
  to   space 17920K, 0% used [0x00000000ead80000,0x00000000ead80000,0x00000000ebf00000)
 ParOldGen       total 99328K, used 20106K [0x00000000a0000000, 0x00000000a6100000, 0x00000000e0000000)
  object space 99328K, 20% used [0x00000000a0000000,0x00000000a13a2818,0x00000000a6100000)
 Metaspace       used 51344K, capacity 52388K, committed 52864K, reserved 1095680K
  class space    used 6825K, capacity 7175K, committed 7296K, reserved 1048576K
}
Event: 12.728 GC heap before
{Heap before GC invocations=13 (full 2):
 PSYoungGen      total 192512K, used 102552K [0x00000000e0000000, 0x00000000ed080000, 0x0000000100000000)
  eden space 177152K, 49% used [0x00000000e0000000,0x00000000e559ed60,0x00000000ead00000)
  from space 15360K, 96% used [0x00000000ec180000,0x00000000ed0075b0,0x00000000ed080000)
  to   space 17920K, 0% used [0x00000000ead80000,0x00000000ead80000,0x00000000ebf00000)
 ParOldGen       total 99328K, used 20106K [0x00000000a0000000, 0x00000000a6100000, 0x00000000e0000000)
  object space 99328K, 20% used [0x00000000a0000000,0x00000000a13a2818,0x00000000a6100000)
 Metaspace       used 57734K, capacity 58982K, committed 59096K, reserved 1099776K
  class space    used 7721K, capacity 8079K, committed 8152K, reserved 1048576K
Event: 12.748 GC heap after
Heap after GC invocations=13 (full 2):
 PSYoungGen      total 195584K, used 17919K [0x00000000e0000000, 0x00000000ef980000, 0x0000000100000000)
  eden space 177664K, 0% used [0x00000000e0000000,0x00000000e0000000,0x00000000ead80000)
  from space 17920K, 99% used [0x00000000ead80000,0x00000000ebeffe40,0x00000000ebf00000)
  to   space 21504K, 0% used [0x00000000ee480000,0x00000000ee480000,0x00000000ef980000)
 ParOldGen       total 99328K, used 22695K [0x00000000a0000000, 0x00000000a6100000, 0x00000000e0000000)
  object space 99328K, 22% used [0x00000000a0000000,0x00000000a1629f70,0x00000000a6100000)
 Metaspace       used 57734K, capacity 58982K, committed 59096K, reserved 1099776K
  class space    used 7721K, capacity 8079K, committed 8152K, reserved 1048576K
}
Event: 12.748 GC heap before
{Heap before GC invocations=14 (full 3):
 PSYoungGen      total 195584K, used 17919K [0x00000000e0000000, 0x00000000ef980000, 0x0000000100000000)
  eden space 177664K, 0% used [0x00000000e0000000,0x00000000e0000000,0x00000000ead80000)
  from space 17920K, 99% used [0x00000000ead80000,0x00000000ebeffe40,0x00000000ebf00000)
  to   space 21504K, 0% used [0x00000000ee480000,0x00000000ee480000,0x00000000ef980000)
 ParOldGen       total 99328K, used 22695K [0x00000000a0000000, 0x00000000a6100000, 0x00000000e0000000)
  object space 99328K, 22% used [0x00000000a0000000,0x00000000a1629f70,0x00000000a6100000)
 Metaspace       used 57734K, capacity 58982K, committed 59096K, reserved 1099776K
  class space    used 7721K, capacity 8079K, committed 8152K, reserved 1048576K
Event: 12.986 GC heap after
Heap after GC invocations=14 (full 3):
 PSYoungGen      total 195584K, used 0K [0x00000000e0000000, 0x00000000ef980000, 0x0000000100000000)
  eden space 177664K, 0% used [0x00000000e0000000,0x00000000e0000000,0x00000000ead80000)
  from space 17920K, 0% used [0x00000000ead80000,0x00000000ead80000,0x00000000ebf00000)
  to   space 21504K, 0% used [0x00000000ee480000,0x00000000ee480000,0x00000000ef980000)
 ParOldGen       total 152064K, used 34869K [0x00000000a0000000, 0x00000000a9480000, 0x00000000e0000000)
  object space 152064K, 22% used [0x00000000a0000000,0x00000000a220d668,0x00000000a9480000)
 Metaspace       used 57734K, capacity 58982K, committed 59096K, reserved 1099776K
  class space    used 7721K, capacity 8079K, committed 8152K, reserved 1048576K
}
Event: 25.709 GC heap before
{Heap before GC invocations=15 (full 3):
 PSYoungGen      total 195584K, used 177664K [0x00000000e0000000, 0x00000000ef980000, 0x0000000100000000)
  eden space 177664K, 100% used [0x00000000e0000000,0x00000000ead80000,0x00000000ead80000)
  from space 17920K, 0% used [0x00000000ead80000,0x00000000ead80000,0x00000000ebf00000)
  to   space 21504K, 0% used [0x00000000ee480000,0x00000000ee480000,0x00000000ef980000)
 ParOldGen       total 152064K, used 34869K [0x00000000a0000000, 0x00000000a9480000, 0x00000000e0000000)
  object space 152064K, 22% used [0x00000000a0000000,0x00000000a220d668,0x00000000a9480000)
 Metaspace       used 66093K, capacity 67798K, committed 67928K, reserved 1107968K
  class space    used 8877K, capacity 9293K, committed 9304K, reserved 1048576K
Event: 25.720 GC heap after
Heap after GC invocations=15 (full 3):
 PSYoungGen      total 217600K, used 13813K [0x00000000e0000000, 0x00000000ef200000, 0x0000000100000000)
  eden space 203776K, 0% used [0x00000000e0000000,0x00000000e0000000,0x00000000ec700000)
  from space 13824K, 99% used [0x00000000ee480000,0x00000000ef1fd6f0,0x00000000ef200000)
  to   space 21504K, 0% used [0x00000000ec800000,0x00000000ec800000,0x00000000edd00000)
 ParOldGen       total 152064K, used 34877K [0x00000000a0000000, 0x00000000a9480000, 0x00000000e0000000)
  object space 152064K, 22% used [0x00000000a0000000,0x00000000a220f668,0x00000000a9480000)
 Metaspace       used 66093K, capacity 67798K, committed 67928K, reserved 1107968K
  class space    used 8877K, capacity 9293K, committed 9304K, reserved 1048576K
}
Event: 48.705 GC heap before
{Heap before GC invocations=16 (full 3):
 PSYoungGen      total 217600K, used 217589K [0x00000000e0000000, 0x00000000ef200000, 0x0000000100000000)
  eden space 203776K, 100% used [0x00000000e0000000,0x00000000ec700000,0x00000000ec700000)
  from space 13824K, 99% used [0x00000000ee480000,0x00000000ef1fd6f0,0x00000000ef200000)
  to   space 21504K, 0% used [0x00000000ec800000,0x00000000ec800000,0x00000000edd00000)
 ParOldGen       total 152064K, used 34877K [0x00000000a0000000, 0x00000000a9480000, 0x00000000e0000000)
  object space 152064K, 22% used [0x00000000a0000000,0x00000000a220f668,0x00000000a9480000)
 Metaspace       used 71134K, capacity 73190K, committed 73432K, reserved 1112064K
  class space    used 9295K, capacity 9823K, committed 9944K, reserved 1048576K
Event: 48.717 GC heap after
Heap after GC invocations=16 (full 3):
 PSYoungGen      total 226304K, used 18316K [0x00000000e0000000, 0x00000000f0b80000, 0x0000000100000000)
  eden space 204800K, 0% used [0x00000000e0000000,0x00000000e0000000,0x00000000ec800000)
  from space 21504K, 85% used [0x00000000ec800000,0x00000000ed9e32f8,0x00000000edd00000)
  to   space 23040K, 0% used [0x00000000ef500000,0x00000000ef500000,0x00000000f0b80000)
 ParOldGen       total 152064K, used 34885K [0x00000000a0000000, 0x00000000a9480000, 0x00000000e0000000)
  object space 152064K, 22% used [0x00000000a0000000,0x00000000a2211668,0x00000000a9480000)
 Metaspace       used 71134K, capacity 73190K, committed 73432K, reserved 1112064K
  class space    used 9295K, capacity 9823K, committed 9944K, reserved 1048576K
}

