# JRE version: OpenJDK Runtime Environment (8.0_152-b01) (build 1.8.0_152-release-1248-b01)
# Java VM: OpenJDK 64-Bit Server VM (25.152-b01 mixed mode windows-amd64 compressed oops)
Heap:
 PSYoungGen      total 205824K, used 175036K [0x00000000e0000000, 0x00000000edc80000, 0x0000000100000000)
  eden space 190976K, 84% used [0x00000000e0000000,0x00000000e9e1c788,0x00000000eba80000)
  from space 14848K, 88% used [0x00000000ece00000,0x00000000edad2a48,0x00000000edc80000)
  to   space 17408K, 0% used [0x00000000eba80000,0x00000000eba80000,0x00000000ecb80000)
 ParOldGen       total 88064K, used 39337K [0x00000000a0000000, 0x00000000a5600000, 0x00000000e0000000)
  object space 88064K, 44% used [0x00000000a0000000,0x00000000a266a768,0x00000000a5600000)
 Metaspace       used 66895K, capacity 68628K, committed 68864K, reserved 1110016K
  class space    used 8703K, capacity 9172K, committed 9216K, reserved 1048576K
GC Heap History (10 events):
Event: 5.145 GC heap before
{Heap before GC invocations=11 (full 2):
 PSYoungGen      total 159232K, used 145920K [0x00000000e0000000, 0x00000000ef880000, 0x0000000100000000)
  eden space 145920K, 100% used [0x00000000e0000000,0x00000000e8e80000,0x00000000e8e80000)
  from space 13312K, 0% used [0x00000000e9b00000,0x00000000e9b00000,0x00000000ea800000)
  to   space 12800K, 0% used [0x00000000e8e80000,0x00000000e8e80000,0x00000000e9b00000)
 ParOldGen       total 88064K, used 14592K [0x00000000a0000000, 0x00000000a5600000, 0x00000000e0000000)
  object space 88064K, 16% used [0x00000000a0000000,0x00000000a0e401b8,0x00000000a5600000)
 Metaspace       used 42878K, capacity 43618K, committed 43776K, reserved 1087488K
  class space    used 5818K, capacity 6072K, committed 6144K, reserved 1048576K
Event: 5.156 GC heap after
Heap after GC invocations=11 (full 2):
 PSYoungGen      total 158720K, used 12781K [0x00000000e0000000, 0x00000000edc80000, 0x0000000100000000)
  eden space 145920K, 0% used [0x00000000e0000000,0x00000000e0000000,0x00000000e8e80000)
  from space 12800K, 99% used [0x00000000e8e80000,0x00000000e9afb668,0x00000000e9b00000)
  to   space 14848K, 0% used [0x00000000ece00000,0x00000000ece00000,0x00000000edc80000)
 ParOldGen       total 88064K, used 16678K [0x00000000a0000000, 0x00000000a5600000, 0x00000000e0000000)
  object space 88064K, 18% used [0x00000000a0000000,0x00000000a1049ba8,0x00000000a5600000)
 Metaspace       used 42878K, capacity 43618K, committed 43776K, reserved 1087488K
  class space    used 5818K, capacity 6072K, committed 6144K, reserved 1048576K
}
Event: 6.743 GC heap before
{Heap before GC invocations=12 (full 2):
 PSYoungGen      total 158720K, used 158701K [0x00000000e0000000, 0x00000000edc80000, 0x0000000100000000)
  eden space 145920K, 100% used [0x00000000e0000000,0x00000000e8e80000,0x00000000e8e80000)
  from space 12800K, 99% used [0x00000000e8e80000,0x00000000e9afb668,0x00000000e9b00000)
  to   space 14848K, 0% used [0x00000000ece00000,0x00000000ece00000,0x00000000edc80000)
 ParOldGen       total 88064K, used 16678K [0x00000000a0000000, 0x00000000a5600000, 0x00000000e0000000)
  object space 88064K, 18% used [0x00000000a0000000,0x00000000a1049ba8,0x00000000a5600000)
 Metaspace       used 50540K, capacity 51588K, committed 51712K, reserved 1093632K
  class space    used 6801K, capacity 7121K, committed 7168K, reserved 1048576K
Event: 6.753 GC heap after
Heap after GC invocations=12 (full 2):
 PSYoungGen      total 205824K, used 14845K [0x00000000e0000000, 0x00000000edc80000, 0x0000000100000000)
  eden space 190976K, 0% used [0x00000000e0000000,0x00000000e0000000,0x00000000eba80000)
  from space 14848K, 99% used [0x00000000ece00000,0x00000000edc7f4c0,0x00000000edc80000)
  to   space 17408K, 0% used [0x00000000eba80000,0x00000000eba80000,0x00000000ecb80000)
 ParOldGen       total 88064K, used 18343K [0x00000000a0000000, 0x00000000a5600000, 0x00000000e0000000)
  object space 88064K, 20% used [0x00000000a0000000,0x00000000a11e9eb8,0x00000000a5600000)
 Metaspace       used 50540K, capacity 51588K, committed 51712K, reserved 1093632K
  class space    used 6801K, capacity 7121K, committed 7168K, reserved 1048576K
}
Event: 8.439 GC heap before
{Heap before GC invocations=13 (full 2):
 PSYoungGen      total 205824K, used 190809K [0x00000000e0000000, 0x00000000edc80000, 0x0000000100000000)
  eden space 190976K, 92% used [0x00000000e0000000,0x00000000eabd72d8,0x00000000eba80000)
  from space 14848K, 99% used [0x00000000ece00000,0x00000000edc7f4c0,0x00000000edc80000)
  to   space 17408K, 0% used [0x00000000eba80000,0x00000000eba80000,0x00000000ecb80000)
 ParOldGen       total 88064K, used 18343K [0x00000000a0000000, 0x00000000a5600000, 0x00000000e0000000)
  object space 88064K, 20% used [0x00000000a0000000,0x00000000a11e9eb8,0x00000000a5600000)
 Metaspace       used 57580K, capacity 58918K, committed 59028K, reserved 1099776K
  class space    used 7795K, capacity 8167K, committed 8192K, reserved 1048576K
Event: 8.455 GC heap after
Heap after GC invocations=13 (full 2):
 PSYoungGen      total 208384K, used 17407K [0x00000000e0000000, 0x00000000edc80000, 0x0000000100000000)
  eden space 190976K, 0% used [0x00000000e0000000,0x00000000e0000000,0x00000000eba80000)
  from space 17408K, 99% used [0x00000000eba80000,0x00000000ecb7ff30,0x00000000ecb80000)
  to   space 14848K, 0% used [0x00000000ece00000,0x00000000ece00000,0x00000000edc80000)
 ParOldGen       total 88064K, used 27290K [0x00000000a0000000, 0x00000000a5600000, 0x00000000e0000000)
  object space 88064K, 30% used [0x00000000a0000000,0x00000000a1aa6b78,0x00000000a5600000)
 Metaspace       used 57580K, capacity 58918K, committed 59028K, reserved 1099776K
  class space    used 7795K, capacity 8167K, committed 8192K, reserved 1048576K
}
Event: 8.455 GC heap before
{Heap before GC invocations=14 (full 3):
 PSYoungGen      total 208384K, used 17407K [0x00000000e0000000, 0x00000000edc80000, 0x0000000100000000)
  eden space 190976K, 0% used [0x00000000e0000000,0x00000000e0000000,0x00000000eba80000)
  from space 17408K, 99% used [0x00000000eba80000,0x00000000ecb7ff30,0x00000000ecb80000)
  to   space 14848K, 0% used [0x00000000ece00000,0x00000000ece00000,0x00000000edc80000)
 ParOldGen       total 88064K, used 27290K [0x00000000a0000000, 0x00000000a5600000, 0x00000000e0000000)
  object space 88064K, 30% used [0x00000000a0000000,0x00000000a1aa6b78,0x00000000a5600000)
 Metaspace       used 57580K, capacity 58918K, committed 59028K, reserved 1099776K
  class space    used 7795K, capacity 8167K, committed 8192K, reserved 1048576K
Event: 8.648 GC heap after
Heap after GC invocations=14 (full 3):
 PSYoungGen      total 208384K, used 0K [0x00000000e0000000, 0x00000000edc80000, 0x0000000100000000)
  eden space 190976K, 0% used [0x00000000e0000000,0x00000000e0000000,0x00000000eba80000)
  from space 17408K, 0% used [0x00000000eba80000,0x00000000eba80000,0x00000000ecb80000)
  to   space 14848K, 0% used [0x00000000ece00000,0x00000000ece00000,0x00000000edc80000)
 ParOldGen       total 88064K, used 39329K [0x00000000a0000000, 0x00000000a5600000, 0x00000000e0000000)
  object space 88064K, 44% used [0x00000000a0000000,0x00000000a2668768,0x00000000a5600000)
 Metaspace       used 57580K, capacity 58918K, committed 59028K, reserved 1099776K
  class space    used 7795K, capacity 8167K, committed 8192K, reserved 1048576K
}
Event: 20.471 GC heap before
{Heap before GC invocations=15 (full 3):
 PSYoungGen      total 208384K, used 190976K [0x00000000e0000000, 0x00000000edc80000, 0x0000000100000000)
  eden space 190976K, 100% used [0x00000000e0000000,0x00000000eba80000,0x00000000eba80000)
  from space 17408K, 0% used [0x00000000eba80000,0x00000000eba80000,0x00000000ecb80000)
  to   space 14848K, 0% used [0x00000000ece00000,0x00000000ece00000,0x00000000edc80000)
 ParOldGen       total 88064K, used 39329K [0x00000000a0000000, 0x00000000a5600000, 0x00000000e0000000)
  object space 88064K, 44% used [0x00000000a0000000,0x00000000a2668768,0x00000000a5600000)
 Metaspace       used 63727K, capacity 65408K, committed 65536K, reserved 1105920K
  class space    used 8411K, capacity 8848K, committed 8960K, reserved 1048576K
Event: 20.478 GC heap after
Heap after GC invocations=15 (full 3):
 PSYoungGen      total 205824K, used 13130K [0x00000000e0000000, 0x00000000edc80000, 0x0000000100000000)
  eden space 190976K, 0% used [0x00000000e0000000,0x00000000e0000000,0x00000000eba80000)
  from space 14848K, 88% used [0x00000000ece00000,0x00000000edad2a48,0x00000000edc80000)
  to   space 17408K, 0% used [0x00000000eba80000,0x00000000eba80000,0x00000000ecb80000)
 ParOldGen       total 88064K, used 39337K [0x00000000a0000000, 0x00000000a5600000, 0x00000000e0000000)
  object space 88064K, 44% used [0x00000000a0000000,0x00000000a266a768,0x00000000a5600000)
 Metaspace       used 63727K, capacity 65408K, committed 65536K, reserved 1105920K
  class space    used 8411K, capacity 8848K, committed 8960K, reserved 1048576K
}

