# JRE version: OpenJDK Runtime Environment (8.0_152-b01) (build 1.8.0_152-release-1248-b01)
# Java VM: OpenJDK 64-Bit Server VM (25.152-b01 mixed mode windows-amd64 compressed oops)
Heap:
 PSYoungGen      total 147456K, used 91627K [0x00000000e0000000, 0x00000000eae00000, 0x0000000100000000)
  eden space 126976K, 56% used [0x00000000e0000000,0x00000000e457d710,0x00000000e7c00000)
  from space 20480K, 99% used [0x00000000e9300000,0x00000000ea6fd818,0x00000000ea700000)
  to   space 23552K, 0% used [0x00000000e7c00000,0x00000000e7c00000,0x00000000e9300000)
 ParOldGen       total 158720K, used 34861K [0x00000000a0000000, 0x00000000a9b00000, 0x00000000e0000000)
  object space 158720K, 21% used [0x00000000a0000000,0x00000000a220b530,0x00000000a9b00000)
 Metaspace       used 63077K, capacity 64556K, committed 64896K, reserved 1105920K
  class space    used 8400K, capacity 8786K, committed 8832K, reserved 1048576K
GC Heap History (10 events):
Event: 7.253 GC heap before
{Heap before GC invocations=15 (full 2):
 PSYoungGen      total 110080K, used 110079K [0x00000000e0000000, 0x00000000e8280000, 0x0000000100000000)
  eden space 96768K, 100% used [0x00000000e0000000,0x00000000e5e80000,0x00000000e5e80000)
  from space 13312K, 99% used [0x00000000e6d80000,0x00000000e7a7ff58,0x00000000e7a80000)
  to   space 15360K, 0% used [0x00000000e5e80000,0x00000000e5e80000,0x00000000e6d80000)
 ParOldGen       total 104960K, used 17047K [0x00000000a0000000, 0x00000000a6680000, 0x00000000e0000000)
  object space 104960K, 16% used [0x00000000a0000000,0x00000000a10a5d68,0x00000000a6680000)
 Metaspace       used 53055K, capacity 54148K, committed 54400K, reserved 1095680K
  class space    used 7135K, capacity 7441K, committed 7552K, reserved 1048576K
Event: 7.263 GC heap after
Heap after GC invocations=15 (full 2):
 PSYoungGen      total 112128K, used 15328K [0x00000000e0000000, 0x00000000e9300000, 0x0000000100000000)
  eden space 96768K, 0% used [0x00000000e0000000,0x00000000e0000000,0x00000000e5e80000)
  from space 15360K, 99% used [0x00000000e5e80000,0x00000000e6d782f0,0x00000000e6d80000)
  to   space 17408K, 0% used [0x00000000e8200000,0x00000000e8200000,0x00000000e9300000)
 ParOldGen       total 104960K, used 18486K [0x00000000a0000000, 0x00000000a6680000, 0x00000000e0000000)
  object space 104960K, 17% used [0x00000000a0000000,0x00000000a120d9e0,0x00000000a6680000)
 Metaspace       used 53055K, capacity 54148K, committed 54400K, reserved 1095680K
  class space    used 7135K, capacity 7441K, committed 7552K, reserved 1048576K
}
Event: 8.039 GC heap before
{Heap before GC invocations=16 (full 2):
 PSYoungGen      total 112128K, used 89402K [0x00000000e0000000, 0x00000000e9300000, 0x0000000100000000)
  eden space 96768K, 76% used [0x00000000e0000000,0x00000000e48567f8,0x00000000e5e80000)
  from space 15360K, 99% used [0x00000000e5e80000,0x00000000e6d782f0,0x00000000e6d80000)
  to   space 17408K, 0% used [0x00000000e8200000,0x00000000e8200000,0x00000000e9300000)
 ParOldGen       total 104960K, used 18486K [0x00000000a0000000, 0x00000000a6680000, 0x00000000e0000000)
  object space 104960K, 17% used [0x00000000a0000000,0x00000000a120d9e0,0x00000000a6680000)
 Metaspace       used 57509K, capacity 58968K, committed 59008K, reserved 1099776K
  class space    used 7863K, capacity 8280K, committed 8320K, reserved 1048576K
Event: 8.053 GC heap after
Heap after GC invocations=16 (full 2):
 PSYoungGen      total 129536K, used 17392K [0x00000000e0000000, 0x00000000e9b00000, 0x0000000100000000)
  eden space 112128K, 0% used [0x00000000e0000000,0x00000000e0000000,0x00000000e6d80000)
  from space 17408K, 99% used [0x00000000e8200000,0x00000000e92fc080,0x00000000e9300000)
  to   space 20992K, 0% used [0x00000000e6d80000,0x00000000e6d80000,0x00000000e8200000)
 ParOldGen       total 104960K, used 21797K [0x00000000a0000000, 0x00000000a6680000, 0x00000000e0000000)
  object space 104960K, 20% used [0x00000000a0000000,0x00000000a1549730,0x00000000a6680000)
 Metaspace       used 57509K, capacity 58968K, committed 59008K, reserved 1099776K
  class space    used 7863K, capacity 8280K, committed 8320K, reserved 1048576K
}
Event: 8.053 GC heap before
{Heap before GC invocations=17 (full 3):
 PSYoungGen      total 129536K, used 17392K [0x00000000e0000000, 0x00000000e9b00000, 0x0000000100000000)
  eden space 112128K, 0% used [0x00000000e0000000,0x00000000e0000000,0x00000000e6d80000)
  from space 17408K, 99% used [0x00000000e8200000,0x00000000e92fc080,0x00000000e9300000)
  to   space 20992K, 0% used [0x00000000e6d80000,0x00000000e6d80000,0x00000000e8200000)
 ParOldGen       total 104960K, used 21797K [0x00000000a0000000, 0x00000000a6680000, 0x00000000e0000000)
  object space 104960K, 20% used [0x00000000a0000000,0x00000000a1549730,0x00000000a6680000)
 Metaspace       used 57509K, capacity 58968K, committed 59008K, reserved 1099776K
  class space    used 7863K, capacity 8280K, committed 8320K, reserved 1048576K
Event: 8.249 GC heap after
Heap after GC invocations=17 (full 3):
 PSYoungGen      total 129536K, used 0K [0x00000000e0000000, 0x00000000e9b00000, 0x0000000100000000)
  eden space 112128K, 0% used [0x00000000e0000000,0x00000000e0000000,0x00000000e6d80000)
  from space 17408K, 0% used [0x00000000e8200000,0x00000000e8200000,0x00000000e9300000)
  to   space 20992K, 0% used [0x00000000e6d80000,0x00000000e6d80000,0x00000000e8200000)
 ParOldGen       total 158720K, used 34236K [0x00000000a0000000, 0x00000000a9b00000, 0x00000000e0000000)
  object space 158720K, 21% used [0x00000000a0000000,0x00000000a216f388,0x00000000a9b00000)
 Metaspace       used 57509K, capacity 58968K, committed 59008K, reserved 1099776K
  class space    used 7863K, capacity 8280K, committed 8320K, reserved 1048576K
}
Event: 9.525 GC heap before
{Heap before GC invocations=18 (full 3):
 PSYoungGen      total 129536K, used 112128K [0x00000000e0000000, 0x00000000e9b00000, 0x0000000100000000)
  eden space 112128K, 100% used [0x00000000e0000000,0x00000000e6d80000,0x00000000e6d80000)
  from space 17408K, 0% used [0x00000000e8200000,0x00000000e8200000,0x00000000e9300000)
  to   space 20992K, 0% used [0x00000000e6d80000,0x00000000e6d80000,0x00000000e8200000)
 ParOldGen       total 158720K, used 34236K [0x00000000a0000000, 0x00000000a9b00000, 0x00000000e0000000)
  object space 158720K, 21% used [0x00000000a0000000,0x00000000a216f388,0x00000000a9b00000)
 Metaspace       used 59692K, capacity 61170K, committed 61312K, reserved 1101824K
  class space    used 8097K, capacity 8493K, committed 8576K, reserved 1048576K
Event: 9.531 GC heap after
Heap after GC invocations=18 (full 3):
 PSYoungGen      total 133120K, used 7672K [0x00000000e0000000, 0x00000000ea700000, 0x0000000100000000)
  eden space 112128K, 0% used [0x00000000e0000000,0x00000000e0000000,0x00000000e6d80000)
  from space 20992K, 36% used [0x00000000e6d80000,0x00000000e74fe370,0x00000000e8200000)
  to   space 20480K, 0% used [0x00000000e9300000,0x00000000e9300000,0x00000000ea700000)
 ParOldGen       total 158720K, used 34244K [0x00000000a0000000, 0x00000000a9b00000, 0x00000000e0000000)
  object space 158720K, 21% used [0x00000000a0000000,0x00000000a2171388,0x00000000a9b00000)
 Metaspace       used 59692K, capacity 61170K, committed 61312K, reserved 1101824K
  class space    used 8097K, capacity 8493K, committed 8576K, reserved 1048576K
}
Event: 10.353 GC heap before
{Heap before GC invocations=19 (full 3):
 PSYoungGen      total 133120K, used 119800K [0x00000000e0000000, 0x00000000ea700000, 0x0000000100000000)
  eden space 112128K, 100% used [0x00000000e0000000,0x00000000e6d80000,0x00000000e6d80000)
  from space 20992K, 36% used [0x00000000e6d80000,0x00000000e74fe370,0x00000000e8200000)
  to   space 20480K, 0% used [0x00000000e9300000,0x00000000e9300000,0x00000000ea700000)
 ParOldGen       total 158720K, used 34244K [0x00000000a0000000, 0x00000000a9b00000, 0x00000000e0000000)
  object space 158720K, 21% used [0x00000000a0000000,0x00000000a2171388,0x00000000a9b00000)
 Metaspace       used 60487K, capacity 61948K, committed 62080K, reserved 1103872K
  class space    used 8146K, capacity 8558K, committed 8576K, reserved 1048576K
Event: 10.367 GC heap after
Heap after GC invocations=19 (full 3):
 PSYoungGen      total 147456K, used 20470K [0x00000000e0000000, 0x00000000eae00000, 0x0000000100000000)
  eden space 126976K, 0% used [0x00000000e0000000,0x00000000e0000000,0x00000000e7c00000)
  from space 20480K, 99% used [0x00000000e9300000,0x00000000ea6fd818,0x00000000ea700000)
  to   space 23552K, 0% used [0x00000000e7c00000,0x00000000e7c00000,0x00000000e9300000)
 ParOldGen       total 158720K, used 34861K [0x00000000a0000000, 0x00000000a9b00000, 0x00000000e0000000)
  object space 158720K, 21% used [0x00000000a0000000,0x00000000a220b530,0x00000000a9b00000)
 Metaspace       used 60487K, capacity 61948K, committed 62080K, reserved 1103872K
  class space    used 8146K, capacity 8558K, committed 8576K, reserved 1048576K
}

