# JRE version: OpenJDK Runtime Environment (8.0_152-b01) (build 1.8.0_152-release-1248-b01)
# Java VM: OpenJDK 64-Bit Server VM (25.152-b01 mixed mode windows-amd64 compressed oops)
Heap:
 PSYoungGen      total 355328K, used 333303K [0x00000000e0000000, 0x00000000f7600000, 0x0000000100000000)
  eden space 327680K, 100% used [0x00000000e0000000,0x00000000f4000000,0x00000000f4000000)
  from space 27648K, 20% used [0x00000000f4000000,0x00000000f457df70,0x00000000f5b00000)
  to   space 22528K, 99% used [0x00000000f6000000,0x00000000f75fe4b8,0x00000000f7600000)
 ParOldGen       total 141312K, used 141304K [0x00000000a0000000, 0x00000000a8a00000, 0x00000000e0000000)
  object space 141312K, 99% used [0x00000000a0000000,0x00000000a89fe368,0x00000000a8a00000)
 Metaspace       used 89170K, capacity 93232K, committed 93312K, reserved 1130496K
  class space    used 11290K, capacity 12082K, committed 12160K, reserved 1048576K
GC Heap History (10 events):
Event: 91.226 GC heap after
Heap after GC invocations=24 (full 3):
 PSYoungGen      total 355328K, used 8045K [0x00000000e0000000, 0x00000000f7600000, 0x0000000100000000)
  eden space 327680K, 0% used [0x00000000e0000000,0x00000000e0000000,0x00000000f4000000)
  from space 27648K, 29% used [0x00000000f4000000,0x00000000f47db720,0x00000000f5b00000)
  to   space 22528K, 0% used [0x00000000f6000000,0x00000000f6000000,0x00000000f7600000)
 ParOldGen       total 126464K, used 88681K [0x00000000a0000000, 0x00000000a7b80000, 0x00000000e0000000)
  object space 126464K, 70% used [0x00000000a0000000,0x00000000a569a488,0x00000000a7b80000)
 Metaspace       used 87839K, capacity 91790K, committed 91904K, reserved 1128448K
  class space    used 11211K, capacity 11999K, committed 12032K, reserved 1048576K
}
Event: 91.672 GC heap before
{Heap before GC invocations=25 (full 3):
 PSYoungGen      total 355328K, used 335725K [0x00000000e0000000, 0x00000000f7600000, 0x0000000100000000)
  eden space 327680K, 100% used [0x00000000e0000000,0x00000000f4000000,0x00000000f4000000)
  from space 27648K, 29% used [0x00000000f4000000,0x00000000f47db720,0x00000000f5b00000)
  to   space 22528K, 0% used [0x00000000f6000000,0x00000000f6000000,0x00000000f7600000)
 ParOldGen       total 126464K, used 88681K [0x00000000a0000000, 0x00000000a7b80000, 0x00000000e0000000)
  object space 126464K, 70% used [0x00000000a0000000,0x00000000a569a488,0x00000000a7b80000)
 Metaspace       used 88012K, capacity 91948K, committed 92160K, reserved 1130496K
  class space    used 11212K, capacity 12000K, committed 12032K, reserved 1048576K
Event: 91.680 GC heap after
Heap after GC invocations=25 (full 3):
 PSYoungGen      total 350208K, used 9754K [0x00000000e0000000, 0x00000000f7600000, 0x0000000100000000)
  eden space 327680K, 0% used [0x00000000e0000000,0x00000000e0000000,0x00000000f4000000)
  from space 22528K, 43% used [0x00000000f6000000,0x00000000f69868f0,0x00000000f7600000)
  to   space 27648K, 0% used [0x00000000f4000000,0x00000000f4000000,0x00000000f5b00000)
 ParOldGen       total 126464K, used 91024K [0x00000000a0000000, 0x00000000a7b80000, 0x00000000e0000000)
  object space 126464K, 71% used [0x00000000a0000000,0x00000000a58e4240,0x00000000a7b80000)
 Metaspace       used 88012K, capacity 91948K, committed 92160K, reserved 1130496K
  class space    used 11212K, capacity 12000K, committed 12032K, reserved 1048576K
}
Event: 92.118 GC heap before
{Heap before GC invocations=26 (full 3):
 PSYoungGen      total 350208K, used 337434K [0x00000000e0000000, 0x00000000f7600000, 0x0000000100000000)
  eden space 327680K, 100% used [0x00000000e0000000,0x00000000f4000000,0x00000000f4000000)
  from space 22528K, 43% used [0x00000000f6000000,0x00000000f69868f0,0x00000000f7600000)
  to   space 27648K, 0% used [0x00000000f4000000,0x00000000f4000000,0x00000000f5b00000)
 ParOldGen       total 126464K, used 91024K [0x00000000a0000000, 0x00000000a7b80000, 0x00000000e0000000)
  object space 126464K, 71% used [0x00000000a0000000,0x00000000a58e4240,0x00000000a7b80000)
 Metaspace       used 88173K, capacity 92170K, committed 92416K, reserved 1130496K
  class space    used 11213K, capacity 12001K, committed 12032K, reserved 1048576K
Event: 92.123 GC heap after
Heap after GC invocations=26 (full 3):
 PSYoungGen      total 355328K, used 5989K [0x00000000e0000000, 0x00000000f7600000, 0x0000000100000000)
  eden space 327680K, 0% used [0x00000000e0000000,0x00000000e0000000,0x00000000f4000000)
  from space 27648K, 21% used [0x00000000f4000000,0x00000000f45d96b8,0x00000000f5b00000)
  to   space 22528K, 0% used [0x00000000f6000000,0x00000000f6000000,0x00000000f7600000)
 ParOldGen       total 126464K, used 92609K [0x00000000a0000000, 0x00000000a7b80000, 0x00000000e0000000)
  object space 126464K, 73% used [0x00000000a0000000,0x00000000a5a70500,0x00000000a7b80000)
 Metaspace       used 88173K, capacity 92170K, committed 92416K, reserved 1130496K
  class space    used 11213K, capacity 12001K, committed 12032K, reserved 1048576K
}
Event: 92.659 GC heap before
{Heap before GC invocations=27 (full 3):
 PSYoungGen      total 355328K, used 333669K [0x00000000e0000000, 0x00000000f7600000, 0x0000000100000000)
  eden space 327680K, 100% used [0x00000000e0000000,0x00000000f4000000,0x00000000f4000000)
  from space 27648K, 21% used [0x00000000f4000000,0x00000000f45d96b8,0x00000000f5b00000)
  to   space 22528K, 0% used [0x00000000f6000000,0x00000000f6000000,0x00000000f7600000)
 ParOldGen       total 126464K, used 92609K [0x00000000a0000000, 0x00000000a7b80000, 0x00000000e0000000)
  object space 126464K, 73% used [0x00000000a0000000,0x00000000a5a70500,0x00000000a7b80000)
 Metaspace       used 88381K, capacity 92386K, committed 92416K, reserved 1130496K
  class space    used 11221K, capacity 12005K, committed 12032K, reserved 1048576K
Event: 92.664 GC heap after
Heap after GC invocations=27 (full 3):
 PSYoungGen      total 350208K, used 4478K [0x00000000e0000000, 0x00000000f7600000, 0x0000000100000000)
  eden space 327680K, 0% used [0x00000000e0000000,0x00000000e0000000,0x00000000f4000000)
  from space 22528K, 19% used [0x00000000f6000000,0x00000000f645fbb8,0x00000000f7600000)
  to   space 27648K, 0% used [0x00000000f4000000,0x00000000f4000000,0x00000000f5b00000)
 ParOldGen       total 126464K, used 93297K [0x00000000a0000000, 0x00000000a7b80000, 0x00000000e0000000)
  object space 126464K, 73% used [0x00000000a0000000,0x00000000a5b1c638,0x00000000a7b80000)
 Metaspace       used 88381K, capacity 92386K, committed 92416K, reserved 1130496K
  class space    used 11221K, capacity 12005K, committed 12032K, reserved 1048576K
}
Event: 94.419 GC heap before
{Heap before GC invocations=28 (full 3):
 PSYoungGen      total 350208K, used 332158K [0x00000000e0000000, 0x00000000f7600000, 0x0000000100000000)
  eden space 327680K, 100% used [0x00000000e0000000,0x00000000f4000000,0x00000000f4000000)
  from space 22528K, 19% used [0x00000000f6000000,0x00000000f645fbb8,0x00000000f7600000)
  to   space 27648K, 0% used [0x00000000f4000000,0x00000000f4000000,0x00000000f5b00000)
 ParOldGen       total 126464K, used 93297K [0x00000000a0000000, 0x00000000a7b80000, 0x00000000e0000000)
  object space 126464K, 73% used [0x00000000a0000000,0x00000000a5b1c638,0x00000000a7b80000)
 Metaspace       used 88591K, capacity 92580K, committed 92672K, reserved 1130496K
  class space    used 11233K, capacity 12016K, committed 12032K, reserved 1048576K
Event: 94.424 GC heap after
Heap after GC invocations=28 (full 3):
 PSYoungGen      total 355328K, used 5623K [0x00000000e0000000, 0x00000000f7600000, 0x0000000100000000)
  eden space 327680K, 0% used [0x00000000e0000000,0x00000000e0000000,0x00000000f4000000)
  from space 27648K, 20% used [0x00000000f4000000,0x00000000f457df70,0x00000000f5b00000)
  to   space 22528K, 0% used [0x00000000f6000000,0x00000000f6000000,0x00000000f7600000)
 ParOldGen       total 126464K, used 93460K [0x00000000a0000000, 0x00000000a7b80000, 0x00000000e0000000)
  object space 126464K, 73% used [0x00000000a0000000,0x00000000a5b452c0,0x00000000a7b80000)
 Metaspace       used 88591K, capacity 92580K, committed 92672K, reserved 1130496K
  class space    used 11233K, capacity 12016K, committed 12032K, reserved 1048576K
}
Event: 95.959 GC heap before
{Heap before GC invocations=29 (full 3):
 PSYoungGen      total 355328K, used 333303K [0x00000000e0000000, 0x00000000f7600000, 0x0000000100000000)
  eden space 327680K, 100% used [0x00000000e0000000,0x00000000f4000000,0x00000000f4000000)
  from space 27648K, 20% used [0x00000000f4000000,0x00000000f457df70,0x00000000f5b00000)
  to   space 22528K, 0% used [0x00000000f6000000,0x00000000f6000000,0x00000000f7600000)
 ParOldGen       total 126464K, used 93460K [0x00000000a0000000, 0x00000000a7b80000, 0x00000000e0000000)
  object space 126464K, 73% used [0x00000000a0000000,0x00000000a5b452c0,0x00000000a7b80000)
 Metaspace       used 89170K, capacity 93232K, committed 93312K, reserved 1130496K
  class space    used 11290K, capacity 12082K, committed 12160K, reserved 1048576K

