# JRE version: OpenJDK Runtime Environment (8.0_152-b01) (build 1.8.0_152-release-1248-b01)
# Java VM: OpenJDK 64-Bit Server VM (25.152-b01 mixed mode windows-amd64 compressed oops)
Heap:
 PSYoungGen      total 176128K, used 79994K [0x00000000e0000000, 0x00000000ed480000, 0x0000000100000000)
  eden space 142336K, 38% used [0x00000000e0000000,0x00000000e35e8768,0x00000000e8b00000)
  from space 33792K, 73% used [0x00000000eae00000,0x00000000ec636478,0x00000000ecf00000)
  to   space 35840K, 0% used [0x00000000e8b00000,0x00000000e8b00000,0x00000000eae00000)
 ParOldGen       total 150016K, used 59836K [0x00000000a0000000, 0x00000000a9280000, 0x00000000e0000000)
  object space 150016K, 39% used [0x00000000a0000000,0x00000000a3a6f1b0,0x00000000a9280000)
 Metaspace       used 68028K, capacity 69654K, committed 69888K, reserved 1110016K
  class space    used 8756K, capacity 9207K, committed 9216K, reserved 1048576K
GC Heap History (10 events):
Event: 13.267 GC heap before
{Heap before GC invocations=19 (full 3):
 PSYoungGen      total 146432K, used 131724K [0x00000000e0000000, 0x00000000eba80000, 0x0000000100000000)
  eden space 124416K, 100% used [0x00000000e0000000,0x00000000e7980000,0x00000000e7980000)
  from space 22016K, 33% used [0x00000000e7980000,0x00000000e80a3250,0x00000000e8f00000)
  to   space 21504K, 0% used [0x00000000ea580000,0x00000000ea580000,0x00000000eba80000)
 ParOldGen       total 150016K, used 33199K [0x00000000a0000000, 0x00000000a9280000, 0x00000000e0000000)
  object space 150016K, 22% used [0x00000000a0000000,0x00000000a206bed0,0x00000000a9280000)
 Metaspace       used 60592K, capacity 62042K, committed 62080K, reserved 1103872K
  class space    used 8160K, capacity 8563K, committed 8576K, reserved 1048576K
Event: 13.283 GC heap after
Heap after GC invocations=19 (full 3):
 PSYoungGen      total 164352K, used 21495K [0x00000000e0000000, 0x00000000ec200000, 0x0000000100000000)
  eden space 142848K, 0% used [0x00000000e0000000,0x00000000e0000000,0x00000000e8b80000)
  from space 21504K, 99% used [0x00000000ea580000,0x00000000eba7dcb0,0x00000000eba80000)
  to   space 26624K, 0% used [0x00000000e8b80000,0x00000000e8b80000,0x00000000ea580000)
 ParOldGen       total 150016K, used 38798K [0x00000000a0000000, 0x00000000a9280000, 0x00000000e0000000)
  object space 150016K, 25% used [0x00000000a0000000,0x00000000a25e3b38,0x00000000a9280000)
 Metaspace       used 60592K, capacity 62042K, committed 62080K, reserved 1103872K
  class space    used 8160K, capacity 8563K, committed 8576K, reserved 1048576K
}
Event: 18.733 GC heap before
{Heap before GC invocations=20 (full 3):
 PSYoungGen      total 164352K, used 164343K [0x00000000e0000000, 0x00000000ec200000, 0x0000000100000000)
  eden space 142848K, 100% used [0x00000000e0000000,0x00000000e8b80000,0x00000000e8b80000)
  from space 21504K, 99% used [0x00000000ea580000,0x00000000eba7dcb0,0x00000000eba80000)
  to   space 26624K, 0% used [0x00000000e8b80000,0x00000000e8b80000,0x00000000ea580000)
 ParOldGen       total 150016K, used 38798K [0x00000000a0000000, 0x00000000a9280000, 0x00000000e0000000)
  object space 150016K, 25% used [0x00000000a0000000,0x00000000a25e3b38,0x00000000a9280000)
 Metaspace       used 63964K, capacity 65498K, committed 65792K, reserved 1105920K
  class space    used 8500K, capacity 8925K, committed 8960K, reserved 1048576K
Event: 18.746 GC heap after
Heap after GC invocations=20 (full 3):
 PSYoungGen      total 169472K, used 26622K [0x00000000e0000000, 0x00000000ec200000, 0x0000000100000000)
  eden space 142848K, 0% used [0x00000000e0000000,0x00000000e0000000,0x00000000e8b80000)
  from space 26624K, 99% used [0x00000000e8b80000,0x00000000ea57fab8,0x00000000ea580000)
  to   space 21504K, 0% used [0x00000000ea580000,0x00000000ea580000,0x00000000eba80000)
 ParOldGen       total 150016K, used 38872K [0x00000000a0000000, 0x00000000a9280000, 0x00000000e0000000)
  object space 150016K, 25% used [0x00000000a0000000,0x00000000a25f6128,0x00000000a9280000)
 Metaspace       used 63964K, capacity 65498K, committed 65792K, reserved 1105920K
  class space    used 8500K, capacity 8925K, committed 8960K, reserved 1048576K
}
Event: 36.191 GC heap before
{Heap before GC invocations=21 (full 3):
 PSYoungGen      total 169472K, used 169470K [0x00000000e0000000, 0x00000000ec200000, 0x0000000100000000)
  eden space 142848K, 100% used [0x00000000e0000000,0x00000000e8b80000,0x00000000e8b80000)
  from space 26624K, 99% used [0x00000000e8b80000,0x00000000ea57fab8,0x00000000ea580000)
  to   space 21504K, 0% used [0x00000000ea580000,0x00000000ea580000,0x00000000eba80000)
 ParOldGen       total 150016K, used 38872K [0x00000000a0000000, 0x00000000a9280000, 0x00000000e0000000)
  object space 150016K, 25% used [0x00000000a0000000,0x00000000a25f6128,0x00000000a9280000)
 Metaspace       used 67313K, capacity 68922K, committed 69120K, reserved 1110016K
  class space    used 8721K, capacity 9155K, committed 9216K, reserved 1048576K
Event: 36.208 GC heap after
Heap after GC invocations=21 (full 3):
 PSYoungGen      total 156672K, used 21480K [0x00000000e0000000, 0x00000000ed980000, 0x0000000100000000)
  eden space 135168K, 0% used [0x00000000e0000000,0x00000000e0000000,0x00000000e8400000)
  from space 21504K, 99% used [0x00000000ea580000,0x00000000eba7a1e0,0x00000000eba80000)
  to   space 34304K, 0% used [0x00000000e8400000,0x00000000e8400000,0x00000000ea580000)
 ParOldGen       total 150016K, used 45753K [0x00000000a0000000, 0x00000000a9280000, 0x00000000e0000000)
  object space 150016K, 30% used [0x00000000a0000000,0x00000000a2cae490,0x00000000a9280000)
 Metaspace       used 67313K, capacity 68922K, committed 69120K, reserved 1110016K
  class space    used 8721K, capacity 9155K, committed 9216K, reserved 1048576K
}
Event: 41.905 GC heap before
{Heap before GC invocations=22 (full 3):
 PSYoungGen      total 156672K, used 156648K [0x00000000e0000000, 0x00000000ed980000, 0x0000000100000000)
  eden space 135168K, 100% used [0x00000000e0000000,0x00000000e8400000,0x00000000e8400000)
  from space 21504K, 99% used [0x00000000ea580000,0x00000000eba7a1e0,0x00000000eba80000)
  to   space 34304K, 0% used [0x00000000e8400000,0x00000000e8400000,0x00000000ea580000)
 ParOldGen       total 150016K, used 45753K [0x00000000a0000000, 0x00000000a9280000, 0x00000000e0000000)
  object space 150016K, 30% used [0x00000000a0000000,0x00000000a2cae490,0x00000000a9280000)
 Metaspace       used 67895K, capacity 69578K, committed 69632K, reserved 1110016K
  class space    used 8755K, capacity 9205K, committed 9216K, reserved 1048576K
Event: 41.917 GC heap after
Heap after GC invocations=22 (full 3):
 PSYoungGen      total 169472K, used 8142K [0x00000000e0000000, 0x00000000ecf00000, 0x0000000100000000)
  eden space 135168K, 0% used [0x00000000e0000000,0x00000000e0000000,0x00000000e8400000)
  from space 34304K, 23% used [0x00000000e8400000,0x00000000e8bf39b0,0x00000000ea580000)
  to   space 33792K, 0% used [0x00000000eae00000,0x00000000eae00000,0x00000000ecf00000)
 ParOldGen       total 150016K, used 59828K [0x00000000a0000000, 0x00000000a9280000, 0x00000000e0000000)
  object space 150016K, 39% used [0x00000000a0000000,0x00000000a3a6d1b0,0x00000000a9280000)
 Metaspace       used 67895K, capacity 69578K, committed 69632K, reserved 1110016K
  class space    used 8755K, capacity 9205K, committed 9216K, reserved 1048576K
}
Event: 42.881 GC heap before
{Heap before GC invocations=23 (full 3):
 PSYoungGen      total 169472K, used 143310K [0x00000000e0000000, 0x00000000ecf00000, 0x0000000100000000)
  eden space 135168K, 100% used [0x00000000e0000000,0x00000000e8400000,0x00000000e8400000)
  from space 34304K, 23% used [0x00000000e8400000,0x00000000e8bf39b0,0x00000000ea580000)
  to   space 33792K, 0% used [0x00000000eae00000,0x00000000eae00000,0x00000000ecf00000)
 ParOldGen       total 150016K, used 59828K [0x00000000a0000000, 0x00000000a9280000, 0x00000000e0000000)
  object space 150016K, 39% used [0x00000000a0000000,0x00000000a3a6d1b0,0x00000000a9280000)
 Metaspace       used 67970K, capacity 69648K, committed 69888K, reserved 1110016K
  class space    used 8756K, capacity 9206K, committed 9216K, reserved 1048576K
Event: 42.894 GC heap after
Heap after GC invocations=23 (full 3):
 PSYoungGen      total 176128K, used 24793K [0x00000000e0000000, 0x00000000ed480000, 0x0000000100000000)
  eden space 142336K, 0% used [0x00000000e0000000,0x00000000e0000000,0x00000000e8b00000)
  from space 33792K, 73% used [0x00000000eae00000,0x00000000ec636478,0x00000000ecf00000)
  to   space 35840K, 0% used [0x00000000e8b00000,0x00000000e8b00000,0x00000000eae00000)
 ParOldGen       total 150016K, used 59836K [0x00000000a0000000, 0x00000000a9280000, 0x00000000e0000000)
  object space 150016K, 39% used [0x00000000a0000000,0x00000000a3a6f1b0,0x00000000a9280000)
 Metaspace       used 67970K, capacity 69648K, committed 69888K, reserved 1110016K
  class space    used 8756K, capacity 9206K, committed 9216K, reserved 1048576K
}

