# JRE version: OpenJDK Runtime Environment (8.0_152-b01) (build 1.8.0_152-release-1248-b01)
# Java VM: OpenJDK 64-Bit Server VM (25.152-b01 mixed mode windows-amd64 compressed oops)
Heap:
 PSYoungGen      total 158208K, used 152045K [0x00000000e0000000, 0x00000000eb980000, 0x0000000100000000)
  eden space 141824K, 95% used [0x00000000e0000000,0x00000000e847fb20,0x00000000e8a80000)
  from space 16384K, 99% used [0x00000000e8a80000,0x00000000e9a7ba30,0x00000000e9a80000)
  to   space 19456K, 0% used [0x00000000ea680000,0x00000000ea680000,0x00000000eb980000)
 ParOldGen       total 157184K, used 38682K [0x00000000a0000000, 0x00000000a9980000, 0x00000000e0000000)
  object space 157184K, 24% used [0x00000000a0000000,0x00000000a25c6950,0x00000000a9980000)
 Metaspace       used 72342K, capacity 74394K, committed 74456K, reserved 1114112K
  class space    used 9380K, capacity 9931K, committed 9944K, reserved 1048576K
GC Heap History (10 events):
Event: 8.180 GC heap before
{Heap before GC invocations=16 (full 3):
 PSYoungGen      total 127488K, used 13295K [0x00000000e0000000, 0x00000000ea380000, 0x0000000100000000)
  eden space 114176K, 0% used [0x00000000e0000000,0x00000000e0000000,0x00000000e6f80000)
  from space 13312K, 99% used [0x00000000e6f80000,0x00000000e7c7bc40,0x00000000e7c80000)
  to   space 15872K, 0% used [0x00000000e9400000,0x00000000e9400000,0x00000000ea380000)
 ParOldGen       total 101888K, used 25837K [0x00000000a0000000, 0x00000000a6380000, 0x00000000e0000000)
  object space 101888K, 25% used [0x00000000a0000000,0x00000000a193b5b0,0x00000000a6380000)
 Metaspace       used 57803K, capacity 59050K, committed 59096K, reserved 1099776K
  class space    used 7742K, capacity 8124K, committed 8152K, reserved 1048576K
Event: 8.410 GC heap after
Heap after GC invocations=16 (full 3):
 PSYoungGen      total 127488K, used 0K [0x00000000e0000000, 0x00000000ea380000, 0x0000000100000000)
  eden space 114176K, 0% used [0x00000000e0000000,0x00000000e0000000,0x00000000e6f80000)
  from space 13312K, 0% used [0x00000000e6f80000,0x00000000e6f80000,0x00000000e7c80000)
  to   space 15872K, 0% used [0x00000000e9400000,0x00000000e9400000,0x00000000ea380000)
 ParOldGen       total 157184K, used 35220K [0x00000000a0000000, 0x00000000a9980000, 0x00000000e0000000)
  object space 157184K, 22% used [0x00000000a0000000,0x00000000a2265088,0x00000000a9980000)
 Metaspace       used 57803K, capacity 59050K, committed 59096K, reserved 1099776K
  class space    used 7742K, capacity 8124K, committed 8152K, reserved 1048576K
}
Event: 9.440 GC heap before
{Heap before GC invocations=17 (full 3):
 PSYoungGen      total 127488K, used 114176K [0x00000000e0000000, 0x00000000ea380000, 0x0000000100000000)
  eden space 114176K, 100% used [0x00000000e0000000,0x00000000e6f80000,0x00000000e6f80000)
  from space 13312K, 0% used [0x00000000e6f80000,0x00000000e6f80000,0x00000000e7c80000)
  to   space 15872K, 0% used [0x00000000e9400000,0x00000000e9400000,0x00000000ea380000)
 ParOldGen       total 157184K, used 35220K [0x00000000a0000000, 0x00000000a9980000, 0x00000000e0000000)
  object space 157184K, 22% used [0x00000000a0000000,0x00000000a2265088,0x00000000a9980000)
 Metaspace       used 62219K, capacity 63876K, committed 63960K, reserved 1103872K
  class space    used 8449K, capacity 8890K, committed 8920K, reserved 1048576K
Event: 9.447 GC heap after
Heap after GC invocations=17 (full 3):
 PSYoungGen      total 137216K, used 8474K [0x00000000e0000000, 0x00000000e9c80000, 0x0000000100000000)
  eden space 128512K, 0% used [0x00000000e0000000,0x00000000e0000000,0x00000000e7d80000)
  from space 8704K, 97% used [0x00000000e9400000,0x00000000e9c46b30,0x00000000e9c80000)
  to   space 14848K, 0% used [0x00000000e7f80000,0x00000000e7f80000,0x00000000e8e00000)
 ParOldGen       total 157184K, used 35228K [0x00000000a0000000, 0x00000000a9980000, 0x00000000e0000000)
  object space 157184K, 22% used [0x00000000a0000000,0x00000000a2267088,0x00000000a9980000)
 Metaspace       used 62219K, capacity 63876K, committed 63960K, reserved 1103872K
  class space    used 8449K, capacity 8890K, committed 8920K, reserved 1048576K
}
Event: 11.882 GC heap before
{Heap before GC invocations=18 (full 3):
 PSYoungGen      total 137216K, used 136986K [0x00000000e0000000, 0x00000000e9c80000, 0x0000000100000000)
  eden space 128512K, 100% used [0x00000000e0000000,0x00000000e7d80000,0x00000000e7d80000)
  from space 8704K, 97% used [0x00000000e9400000,0x00000000e9c46b30,0x00000000e9c80000)
  to   space 14848K, 0% used [0x00000000e7f80000,0x00000000e7f80000,0x00000000e8e00000)
 ParOldGen       total 157184K, used 35228K [0x00000000a0000000, 0x00000000a9980000, 0x00000000e0000000)
  object space 157184K, 22% used [0x00000000a0000000,0x00000000a2267088,0x00000000a9980000)
 Metaspace       used 66655K, capacity 68652K, committed 68824K, reserved 1107968K
  class space    used 8804K, capacity 9308K, committed 9432K, reserved 1048576K
Event: 11.890 GC heap after
Heap after GC invocations=18 (full 3):
 PSYoungGen      total 145408K, used 12698K [0x00000000e0000000, 0x00000000eaa80000, 0x0000000100000000)
  eden space 130560K, 0% used [0x00000000e0000000,0x00000000e0000000,0x00000000e7f80000)
  from space 14848K, 85% used [0x00000000e7f80000,0x00000000e8be6920,0x00000000e8e00000)
  to   space 15872K, 0% used [0x00000000e9b00000,0x00000000e9b00000,0x00000000eaa80000)
 ParOldGen       total 157184K, used 35236K [0x00000000a0000000, 0x00000000a9980000, 0x00000000e0000000)
  object space 157184K, 22% used [0x00000000a0000000,0x00000000a2269088,0x00000000a9980000)
 Metaspace       used 66655K, capacity 68652K, committed 68824K, reserved 1107968K
  class space    used 8804K, capacity 9308K, committed 9432K, reserved 1048576K
}
Event: 34.968 GC heap before
{Heap before GC invocations=19 (full 3):
 PSYoungGen      total 145408K, used 143258K [0x00000000e0000000, 0x00000000eaa80000, 0x0000000100000000)
  eden space 130560K, 100% used [0x00000000e0000000,0x00000000e7f80000,0x00000000e7f80000)
  from space 14848K, 85% used [0x00000000e7f80000,0x00000000e8be6920,0x00000000e8e00000)
  to   space 15872K, 0% used [0x00000000e9b00000,0x00000000e9b00000,0x00000000eaa80000)
 ParOldGen       total 157184K, used 35236K [0x00000000a0000000, 0x00000000a9980000, 0x00000000e0000000)
  object space 157184K, 22% used [0x00000000a0000000,0x00000000a2269088,0x00000000a9980000)
 Metaspace       used 68027K, capacity 69948K, committed 70232K, reserved 1110016K
  class space    used 8982K, capacity 9488K, committed 9560K, reserved 1048576K
Event: 34.976 GC heap after
Heap after GC invocations=19 (full 3):
 PSYoungGen      total 157696K, used 11562K [0x00000000e0000000, 0x00000000eaa80000, 0x0000000100000000)
  eden space 141824K, 0% used [0x00000000e0000000,0x00000000e0000000,0x00000000e8a80000)
  from space 15872K, 72% used [0x00000000e9b00000,0x00000000ea64a958,0x00000000eaa80000)
  to   space 16384K, 0% used [0x00000000e8a80000,0x00000000e8a80000,0x00000000e9a80000)
 ParOldGen       total 157184K, used 35244K [0x00000000a0000000, 0x00000000a9980000, 0x00000000e0000000)
  object space 157184K, 22% used [0x00000000a0000000,0x00000000a226b088,0x00000000a9980000)
 Metaspace       used 68027K, capacity 69948K, committed 70232K, reserved 1110016K
  class space    used 8982K, capacity 9488K, committed 9560K, reserved 1048576K
}
Event: 36.673 GC heap before
{Heap before GC invocations=20 (full 3):
 PSYoungGen      total 157696K, used 153386K [0x00000000e0000000, 0x00000000eaa80000, 0x0000000100000000)
  eden space 141824K, 100% used [0x00000000e0000000,0x00000000e8a80000,0x00000000e8a80000)
  from space 15872K, 72% used [0x00000000e9b00000,0x00000000ea64a958,0x00000000eaa80000)
  to   space 16384K, 0% used [0x00000000e8a80000,0x00000000e8a80000,0x00000000e9a80000)
 ParOldGen       total 157184K, used 35244K [0x00000000a0000000, 0x00000000a9980000, 0x00000000e0000000)
  object space 157184K, 22% used [0x00000000a0000000,0x00000000a226b088,0x00000000a9980000)
 Metaspace       used 69433K, capacity 71524K, committed 71640K, reserved 1112064K
  class space    used 9099K, capacity 9638K, committed 9688K, reserved 1048576K
Event: 36.686 GC heap after
Heap after GC invocations=20 (full 3):
 PSYoungGen      total 158208K, used 16366K [0x00000000e0000000, 0x00000000eb980000, 0x0000000100000000)
  eden space 141824K, 0% used [0x00000000e0000000,0x00000000e0000000,0x00000000e8a80000)
  from space 16384K, 99% used [0x00000000e8a80000,0x00000000e9a7ba30,0x00000000e9a80000)
  to   space 19456K, 0% used [0x00000000ea680000,0x00000000ea680000,0x00000000eb980000)
 ParOldGen       total 157184K, used 38682K [0x00000000a0000000, 0x00000000a9980000, 0x00000000e0000000)
  object space 157184K, 24% used [0x00000000a0000000,0x00000000a25c6950,0x00000000a9980000)
 Metaspace       used 69433K, capacity 71524K, committed 71640K, reserved 1112064K
  class space    used 9099K, capacity 9638K, committed 9688K, reserved 1048576K
}

