# JRE version: OpenJDK Runtime Environment (8.0_152-b01) (build 1.8.0_152-release-1248-b01)
# Java VM: OpenJDK 64-Bit Server VM (25.152-b01 mixed mode windows-amd64 compressed oops)
Heap:
 PSYoungGen      total 148480K, used 113336K [0x00000000eab00000, 0x00000000f5c80000, 0x0000000100000000)
  eden space 129024K, 87% used [0x00000000eab00000,0x00000000f19ae378,0x00000000f2900000)
  from space 19456K, 0% used [0x00000000f3e80000,0x00000000f3e80000,0x00000000f5180000)
  to   space 22016K, 0% used [0x00000000f2900000,0x00000000f2900000,0x00000000f3e80000)
 ParOldGen       total 148992K, used 33150K [0x00000000c0000000, 0x00000000c9180000, 0x00000000eab00000)
  object space 148992K, 22% used [0x00000000c0000000,0x00000000c205f878,0x00000000c9180000)
 Metaspace       used 58984K, capacity 60508K, committed 60672K, reserved 1101824K
  class space    used 8004K, capacity 8420K, committed 8448K, reserved 1048576K
GC Heap History (10 events):
Event: 5.612 GC heap before
{Heap before GC invocations=13 (full 2):
 PSYoungGen      total 102912K, used 102895K [0x00000000eab00000, 0x00000000f2000000, 0x0000000100000000)
  eden space 91136K, 100% used [0x00000000eab00000,0x00000000f0400000,0x00000000f0400000)
  from space 11776K, 99% used [0x00000000f1480000,0x00000000f1ffbf78,0x00000000f2000000)
  to   space 13312K, 0% used [0x00000000f0600000,0x00000000f0600000,0x00000000f1300000)
 ParOldGen       total 100352K, used 16423K [0x00000000c0000000, 0x00000000c6200000, 0x00000000eab00000)
  object space 100352K, 16% used [0x00000000c0000000,0x00000000c1009cb0,0x00000000c6200000)
 Metaspace       used 44192K, capacity 44942K, committed 45312K, reserved 1087488K
  class space    used 6038K, capacity 6298K, committed 6400K, reserved 1048576K
Event: 5.619 GC heap after
Heap after GC invocations=13 (full 2):
 PSYoungGen      total 106496K, used 10773K [0x00000000eab00000, 0x00000000f3200000, 0x0000000100000000)
  eden space 93184K, 0% used [0x00000000eab00000,0x00000000eab00000,0x00000000f0600000)
  from space 13312K, 80% used [0x00000000f0600000,0x00000000f1085708,0x00000000f1300000)
  to   space 13824K, 0% used [0x00000000f2480000,0x00000000f2480000,0x00000000f3200000)
 ParOldGen       total 100352K, used 16431K [0x00000000c0000000, 0x00000000c6200000, 0x00000000eab00000)
  object space 100352K, 16% used [0x00000000c0000000,0x00000000c100bcb0,0x00000000c6200000)
 Metaspace       used 44192K, capacity 44942K, committed 45312K, reserved 1087488K
  class space    used 6038K, capacity 6298K, committed 6400K, reserved 1048576K
}
Event: 6.397 GC heap before
{Heap before GC invocations=14 (full 2):
 PSYoungGen      total 106496K, used 103957K [0x00000000eab00000, 0x00000000f3200000, 0x0000000100000000)
  eden space 93184K, 100% used [0x00000000eab00000,0x00000000f0600000,0x00000000f0600000)
  from space 13312K, 80% used [0x00000000f0600000,0x00000000f1085708,0x00000000f1300000)
  to   space 13824K, 0% used [0x00000000f2480000,0x00000000f2480000,0x00000000f3200000)
 ParOldGen       total 100352K, used 16431K [0x00000000c0000000, 0x00000000c6200000, 0x00000000eab00000)
  object space 100352K, 16% used [0x00000000c0000000,0x00000000c100bcb0,0x00000000c6200000)
 Metaspace       used 48124K, capacity 48932K, committed 49024K, reserved 1091584K
  class space    used 6476K, capacity 6747K, committed 6784K, reserved 1048576K
Event: 6.405 GC heap after
Heap after GC invocations=14 (full 2):
 PSYoungGen      total 122880K, used 13023K [0x00000000eab00000, 0x00000000f3700000, 0x0000000100000000)
  eden space 109056K, 0% used [0x00000000eab00000,0x00000000eab00000,0x00000000f1580000)
  from space 13824K, 94% used [0x00000000f2480000,0x00000000f3137f58,0x00000000f3200000)
  to   space 15360K, 0% used [0x00000000f1580000,0x00000000f1580000,0x00000000f2480000)
 ParOldGen       total 100352K, used 16503K [0x00000000c0000000, 0x00000000c6200000, 0x00000000eab00000)
  object space 100352K, 16% used [0x00000000c0000000,0x00000000c101dcc0,0x00000000c6200000)
 Metaspace       used 48124K, capacity 48932K, committed 49024K, reserved 1091584K
  class space    used 6476K, capacity 6747K, committed 6784K, reserved 1048576K
}
Event: 7.598 GC heap before
{Heap before GC invocations=15 (full 2):
 PSYoungGen      total 122880K, used 122079K [0x00000000eab00000, 0x00000000f3700000, 0x0000000100000000)
  eden space 109056K, 100% used [0x00000000eab00000,0x00000000f1580000,0x00000000f1580000)
  from space 13824K, 94% used [0x00000000f2480000,0x00000000f3137f58,0x00000000f3200000)
  to   space 15360K, 0% used [0x00000000f1580000,0x00000000f1580000,0x00000000f2480000)
 ParOldGen       total 100352K, used 16503K [0x00000000c0000000, 0x00000000c6200000, 0x00000000eab00000)
  object space 100352K, 16% used [0x00000000c0000000,0x00000000c101dcc0,0x00000000c6200000)
 Metaspace       used 54827K, capacity 55994K, committed 56192K, reserved 1097728K
  class space    used 7442K, capacity 7777K, committed 7808K, reserved 1048576K
Event: 7.611 GC heap after
Heap after GC invocations=15 (full 2):
 PSYoungGen      total 124416K, used 15328K [0x00000000eab00000, 0x00000000f5180000, 0x0000000100000000)
  eden space 109056K, 0% used [0x00000000eab00000,0x00000000eab00000,0x00000000f1580000)
  from space 15360K, 99% used [0x00000000f1580000,0x00000000f2478090,0x00000000f2480000)
  to   space 19456K, 0% used [0x00000000f3e80000,0x00000000f3e80000,0x00000000f5180000)
 ParOldGen       total 100352K, used 22103K [0x00000000c0000000, 0x00000000c6200000, 0x00000000eab00000)
  object space 100352K, 22% used [0x00000000c0000000,0x00000000c1595d68,0x00000000c6200000)
 Metaspace       used 54827K, capacity 55994K, committed 56192K, reserved 1097728K
  class space    used 7442K, capacity 7777K, committed 7808K, reserved 1048576K
}
Event: 8.001 GC heap before
{Heap before GC invocations=16 (full 2):
 PSYoungGen      total 124416K, used 59680K [0x00000000eab00000, 0x00000000f5180000, 0x0000000100000000)
  eden space 109056K, 40% used [0x00000000eab00000,0x00000000ed6501c0,0x00000000f1580000)
  from space 15360K, 99% used [0x00000000f1580000,0x00000000f2478090,0x00000000f2480000)
  to   space 19456K, 0% used [0x00000000f3e80000,0x00000000f3e80000,0x00000000f5180000)
 ParOldGen       total 100352K, used 22103K [0x00000000c0000000, 0x00000000c6200000, 0x00000000eab00000)
  object space 100352K, 22% used [0x00000000c0000000,0x00000000c1595d68,0x00000000c6200000)
 Metaspace       used 57534K, capacity 59000K, committed 59008K, reserved 1099776K
  class space    used 7866K, capacity 8312K, committed 8320K, reserved 1048576K
Event: 8.015 GC heap after
Heap after GC invocations=16 (full 2):
 PSYoungGen      total 148480K, used 19443K [0x00000000eab00000, 0x00000000f5c80000, 0x0000000100000000)
  eden space 129024K, 0% used [0x00000000eab00000,0x00000000eab00000,0x00000000f2900000)
  from space 19456K, 99% used [0x00000000f3e80000,0x00000000f517cf10,0x00000000f5180000)
  to   space 22016K, 0% used [0x00000000f2900000,0x00000000f2900000,0x00000000f3e80000)
 ParOldGen       total 100352K, used 22353K [0x00000000c0000000, 0x00000000c6200000, 0x00000000eab00000)
  object space 100352K, 22% used [0x00000000c0000000,0x00000000c15d4518,0x00000000c6200000)
 Metaspace       used 57534K, capacity 59000K, committed 59008K, reserved 1099776K
  class space    used 7866K, capacity 8312K, committed 8320K, reserved 1048576K
}
Event: 8.015 GC heap before
{Heap before GC invocations=17 (full 3):
 PSYoungGen      total 148480K, used 19443K [0x00000000eab00000, 0x00000000f5c80000, 0x0000000100000000)
  eden space 129024K, 0% used [0x00000000eab00000,0x00000000eab00000,0x00000000f2900000)
  from space 19456K, 99% used [0x00000000f3e80000,0x00000000f517cf10,0x00000000f5180000)
  to   space 22016K, 0% used [0x00000000f2900000,0x00000000f2900000,0x00000000f3e80000)
 ParOldGen       total 100352K, used 22353K [0x00000000c0000000, 0x00000000c6200000, 0x00000000eab00000)
  object space 100352K, 22% used [0x00000000c0000000,0x00000000c15d4518,0x00000000c6200000)
 Metaspace       used 57534K, capacity 59000K, committed 59008K, reserved 1099776K
  class space    used 7866K, capacity 8312K, committed 8320K, reserved 1048576K
Event: 8.210 GC heap after
Heap after GC invocations=17 (full 3):
 PSYoungGen      total 148480K, used 0K [0x00000000eab00000, 0x00000000f5c80000, 0x0000000100000000)
  eden space 129024K, 0% used [0x00000000eab00000,0x00000000eab00000,0x00000000f2900000)
  from space 19456K, 0% used [0x00000000f3e80000,0x00000000f3e80000,0x00000000f5180000)
  to   space 22016K, 0% used [0x00000000f2900000,0x00000000f2900000,0x00000000f3e80000)
 ParOldGen       total 148992K, used 33150K [0x00000000c0000000, 0x00000000c9180000, 0x00000000eab00000)
  object space 148992K, 22% used [0x00000000c0000000,0x00000000c205f878,0x00000000c9180000)
 Metaspace       used 57534K, capacity 59000K, committed 59008K, reserved 1099776K
  class space    used 7866K, capacity 8312K, committed 8320K, reserved 1048576K
}

