# JRE version: OpenJDK Runtime Environment (8.0_152-b01) (build 1.8.0_152-release-1248-b01)
# Java VM: OpenJDK 64-Bit Server VM (25.152-b01 mixed mode windows-amd64 compressed oops)
Heap:
 PSYoungGen      total 489984K, used 190666K [0x00000000e0000000, 0x0000000100000000, 0x0000000100000000)
  eden space 456704K, 41% used [0x00000000e0000000,0x00000000eb9073b0,0x00000000fbe00000)
  from space 33280K, 3% used [0x00000000fdf80000,0x00000000fe0ab458,0x0000000100000000)
  to   space 33792K, 0% used [0x00000000fbe00000,0x00000000fbe00000,0x00000000fdf00000)
 ParOldGen       total 111616K, used 74458K [0x00000000a0000000, 0x00000000a6d00000, 0x00000000e0000000)
  object space 111616K, 66% used [0x00000000a0000000,0x00000000a48b6b38,0x00000000a6d00000)
 Metaspace       used 92074K, capacity 95950K, committed 96176K, reserved 1132544K
  class space    used 11688K, capacity 12456K, committed 12464K, reserved 1048576K
GC Heap History (10 events):
Event: 123.705 GC heap before
{Heap before GC invocations=21 (full 3):
 PSYoungGen      total 314880K, used 313362K [0x00000000e0000000, 0x00000000f7000000, 0x0000000100000000)
  eden space 287232K, 99% used [0x00000000e0000000,0x00000000f17e6998,0x00000000f1880000)
  from space 27648K, 96% used [0x00000000f1880000,0x00000000f329e170,0x00000000f3380000)
  to   space 31744K, 0% used [0x00000000f5100000,0x00000000f5100000,0x00000000f7000000)
 ParOldGen       total 111616K, used 53296K [0x00000000a0000000, 0x00000000a6d00000, 0x00000000e0000000)
  object space 111616K, 47% used [0x00000000a0000000,0x00000000a340c140,0x00000000a6d00000)
 Metaspace       used 89011K, capacity 92482K, committed 92592K, reserved 1130496K
  class space    used 11490K, capacity 12190K, committed 12208K, reserved 1048576K
Event: 123.718 GC heap after
Heap after GC invocations=21 (full 3):
 PSYoungGen      total 344576K, used 20979K [0x00000000e0000000, 0x00000000fb880000, 0x0000000100000000)
  eden space 312832K, 0% used [0x00000000e0000000,0x00000000e0000000,0x00000000f3180000)
  from space 31744K, 66% used [0x00000000f5100000,0x00000000f657cc80,0x00000000f7000000)
  to   space 32256K, 0% used [0x00000000f3180000,0x00000000f3180000,0x00000000f5100000)
 ParOldGen       total 111616K, used 53304K [0x00000000a0000000, 0x00000000a6d00000, 0x00000000e0000000)
  object space 111616K, 47% used [0x00000000a0000000,0x00000000a340e140,0x00000000a6d00000)
 Metaspace       used 89011K, capacity 92482K, committed 92592K, reserved 1130496K
  class space    used 11490K, capacity 12190K, committed 12208K, reserved 1048576K
}
Event: 130.702 GC heap before
{Heap before GC invocations=22 (full 3):
 PSYoungGen      total 344576K, used 333811K [0x00000000e0000000, 0x00000000fb880000, 0x0000000100000000)
  eden space 312832K, 100% used [0x00000000e0000000,0x00000000f3180000,0x00000000f3180000)
  from space 31744K, 66% used [0x00000000f5100000,0x00000000f657cc80,0x00000000f7000000)
  to   space 32256K, 0% used [0x00000000f3180000,0x00000000f3180000,0x00000000f5100000)
 ParOldGen       total 111616K, used 53304K [0x00000000a0000000, 0x00000000a6d00000, 0x00000000e0000000)
  object space 111616K, 47% used [0x00000000a0000000,0x00000000a340e140,0x00000000a6d00000)
 Metaspace       used 89843K, capacity 93636K, committed 93872K, reserved 1130496K
  class space    used 11611K, capacity 12359K, committed 12464K, reserved 1048576K
Event: 130.723 GC heap after
Heap after GC invocations=22 (full 3):
 PSYoungGen      total 345088K, used 12212K [0x00000000e0000000, 0x00000000fd380000, 0x0000000100000000)
  eden space 312832K, 0% used [0x00000000e0000000,0x00000000e0000000,0x00000000f3180000)
  from space 32256K, 37% used [0x00000000f3180000,0x00000000f3d6d200,0x00000000f5100000)
  to   space 31232K, 0% used [0x00000000fb500000,0x00000000fb500000,0x00000000fd380000)
 ParOldGen       total 111616K, used 68766K [0x00000000a0000000, 0x00000000a6d00000, 0x00000000e0000000)
  object space 111616K, 61% used [0x00000000a0000000,0x00000000a43278a8,0x00000000a6d00000)
 Metaspace       used 89843K, capacity 93636K, committed 93872K, reserved 1130496K
  class space    used 11611K, capacity 12359K, committed 12464K, reserved 1048576K
}
Event: 139.295 GC heap before
{Heap before GC invocations=23 (full 3):
 PSYoungGen      total 345088K, used 325044K [0x00000000e0000000, 0x00000000fd380000, 0x0000000100000000)
  eden space 312832K, 100% used [0x00000000e0000000,0x00000000f3180000,0x00000000f3180000)
  from space 32256K, 37% used [0x00000000f3180000,0x00000000f3d6d200,0x00000000f5100000)
  to   space 31232K, 0% used [0x00000000fb500000,0x00000000fb500000,0x00000000fd380000)
 ParOldGen       total 111616K, used 68766K [0x00000000a0000000, 0x00000000a6d00000, 0x00000000e0000000)
  object space 111616K, 61% used [0x00000000a0000000,0x00000000a43278a8,0x00000000a6d00000)
 Metaspace       used 90490K, capacity 94274K, committed 94384K, reserved 1130496K
  class space    used 11646K, capacity 12412K, committed 12464K, reserved 1048576K
Event: 139.307 GC heap after
Heap after GC invocations=23 (full 3):
 PSYoungGen      total 435200K, used 8050K [0x00000000e0000000, 0x00000000fcd00000, 0x0000000100000000)
  eden space 410624K, 0% used [0x00000000e0000000,0x00000000e0000000,0x00000000f9100000)
  from space 24576K, 32% used [0x00000000fb500000,0x00000000fbcdc858,0x00000000fcd00000)
  to   space 30720K, 0% used [0x00000000f9100000,0x00000000f9100000,0x00000000faf00000)
 ParOldGen       total 111616K, used 72577K [0x00000000a0000000, 0x00000000a6d00000, 0x00000000e0000000)
  object space 111616K, 65% used [0x00000000a0000000,0x00000000a46e05b8,0x00000000a6d00000)
 Metaspace       used 90490K, capacity 94274K, committed 94384K, reserved 1130496K
  class space    used 11646K, capacity 12412K, committed 12464K, reserved 1048576K
}
Event: 141.202 GC heap before
{Heap before GC invocations=24 (full 3):
 PSYoungGen      total 435200K, used 418674K [0x00000000e0000000, 0x00000000fcd00000, 0x0000000100000000)
  eden space 410624K, 100% used [0x00000000e0000000,0x00000000f9100000,0x00000000f9100000)
  from space 24576K, 32% used [0x00000000fb500000,0x00000000fbcdc858,0x00000000fcd00000)
  to   space 30720K, 0% used [0x00000000f9100000,0x00000000f9100000,0x00000000faf00000)
 ParOldGen       total 111616K, used 72577K [0x00000000a0000000, 0x00000000a6d00000, 0x00000000e0000000)
  object space 111616K, 65% used [0x00000000a0000000,0x00000000a46e05b8,0x00000000a6d00000)
 Metaspace       used 91695K, capacity 95598K, committed 95664K, reserved 1132544K
  class space    used 11682K, capacity 12454K, committed 12464K, reserved 1048576K
Event: 141.213 GC heap after
Heap after GC invocations=24 (full 3):
 PSYoungGen      total 441344K, used 24990K [0x00000000e0000000, 0x0000000100000000, 0x0000000100000000)
  eden space 410624K, 0% used [0x00000000e0000000,0x00000000e0000000,0x00000000f9100000)
  from space 30720K, 81% used [0x00000000f9100000,0x00000000fa967aa8,0x00000000faf00000)
  to   space 33280K, 0% used [0x00000000fdf80000,0x00000000fdf80000,0x0000000100000000)
 ParOldGen       total 111616K, used 73194K [0x00000000a0000000, 0x00000000a6d00000, 0x00000000e0000000)
  object space 111616K, 65% used [0x00000000a0000000,0x00000000a477aad8,0x00000000a6d00000)
 Metaspace       used 91695K, capacity 95598K, committed 95664K, reserved 1132544K
  class space    used 11682K, capacity 12454K, committed 12464K, reserved 1048576K
}
Event: 143.410 GC heap before
{Heap before GC invocations=25 (full 3):
 PSYoungGen      total 441344K, used 435614K [0x00000000e0000000, 0x0000000100000000, 0x0000000100000000)
  eden space 410624K, 100% used [0x00000000e0000000,0x00000000f9100000,0x00000000f9100000)
  from space 30720K, 81% used [0x00000000f9100000,0x00000000fa967aa8,0x00000000faf00000)
  to   space 33280K, 0% used [0x00000000fdf80000,0x00000000fdf80000,0x0000000100000000)
 ParOldGen       total 111616K, used 73194K [0x00000000a0000000, 0x00000000a6d00000, 0x00000000e0000000)
  object space 111616K, 65% used [0x00000000a0000000,0x00000000a477aad8,0x00000000a6d00000)
 Metaspace       used 91981K, capacity 95874K, committed 95920K, reserved 1132544K
  class space    used 11685K, capacity 12454K, committed 12464K, reserved 1048576K
Event: 143.413 GC heap after
Heap after GC invocations=25 (full 3):
 PSYoungGen      total 489984K, used 1197K [0x00000000e0000000, 0x0000000100000000, 0x0000000100000000)
  eden space 456704K, 0% used [0x00000000e0000000,0x00000000e0000000,0x00000000fbe00000)
  from space 33280K, 3% used [0x00000000fdf80000,0x00000000fe0ab458,0x0000000100000000)
  to   space 33792K, 0% used [0x00000000fbe00000,0x00000000fbe00000,0x00000000fdf00000)
 ParOldGen       total 111616K, used 74458K [0x00000000a0000000, 0x00000000a6d00000, 0x00000000e0000000)
  object space 111616K, 66% used [0x00000000a0000000,0x00000000a48b6b38,0x00000000a6d00000)
 Metaspace       used 91981K, capacity 95874K, committed 95920K, reserved 1132544K
  class space    used 11685K, capacity 12454K, committed 12464K, reserved 1048576K
}

