# JRE version: OpenJDK Runtime Environment (8.0_152-b01) (build 1.8.0_152-release-1248-b01)
# Java VM: OpenJDK 64-Bit Server VM (25.152-b01 mixed mode windows-amd64 compressed oops)
Heap:
 PSYoungGen      total 248320K, used 129980K [0x00000000e0000000, 0x00000000f0e80000, 0x0000000100000000)
  eden space 234496K, 49% used [0x00000000e0000000,0x00000000e7197990,0x00000000ee500000)
  from space 13824K, 98% used [0x00000000f0100000,0x00000000f0e579c0,0x00000000f0e80000)
  to   space 19456K, 0% used [0x00000000ee880000,0x00000000ee880000,0x00000000efb80000)
 ParOldGen       total 136704K, used 37977K [0x00000000a0000000, 0x00000000a8580000, 0x00000000e0000000)
  object space 136704K, 27% used [0x00000000a0000000,0x00000000a25164e0,0x00000000a8580000)
 Metaspace       used 63049K, capacity 64554K, committed 64896K, reserved 1105920K
  class space    used 8392K, capacity 8785K, committed 8832K, reserved 1048576K
GC Heap History (10 events):
Event: 5.077 GC heap before
{Heap before GC invocations=11 (full 2):
 PSYoungGen      total 158208K, used 144896K [0x00000000e0000000, 0x00000000ef900000, 0x0000000100000000)
  eden space 144896K, 100% used [0x00000000e0000000,0x00000000e8d80000,0x00000000e8d80000)
  from space 13312K, 0% used [0x00000000e9a00000,0x00000000e9a00000,0x00000000ea700000)
  to   space 12800K, 0% used [0x00000000e8d80000,0x00000000e8d80000,0x00000000e9a00000)
 ParOldGen       total 87552K, used 14592K [0x00000000a0000000, 0x00000000a5580000, 0x00000000e0000000)
  object space 87552K, 16% used [0x00000000a0000000,0x00000000a0e40280,0x00000000a5580000)
 Metaspace       used 42878K, capacity 43618K, committed 43776K, reserved 1087488K
  class space    used 5819K, capacity 6072K, committed 6144K, reserved 1048576K
Event: 5.085 GC heap after
Heap after GC invocations=11 (full 2):
 PSYoungGen      total 157696K, used 12784K [0x00000000e0000000, 0x00000000edb80000, 0x0000000100000000)
  eden space 144896K, 0% used [0x00000000e0000000,0x00000000e0000000,0x00000000e8d80000)
  from space 12800K, 99% used [0x00000000e8d80000,0x00000000e99fc0c0,0x00000000e9a00000)
  to   space 14848K, 0% used [0x00000000ecd00000,0x00000000ecd00000,0x00000000edb80000)
 ParOldGen       total 87552K, used 16693K [0x00000000a0000000, 0x00000000a5580000, 0x00000000e0000000)
  object space 87552K, 19% used [0x00000000a0000000,0x00000000a104d580,0x00000000a5580000)
 Metaspace       used 42878K, capacity 43618K, committed 43776K, reserved 1087488K
  class space    used 5819K, capacity 6072K, committed 6144K, reserved 1048576K
}
Event: 6.650 GC heap before
{Heap before GC invocations=12 (full 2):
 PSYoungGen      total 157696K, used 157680K [0x00000000e0000000, 0x00000000edb80000, 0x0000000100000000)
  eden space 144896K, 100% used [0x00000000e0000000,0x00000000e8d80000,0x00000000e8d80000)
  from space 12800K, 99% used [0x00000000e8d80000,0x00000000e99fc0c0,0x00000000e9a00000)
  to   space 14848K, 0% used [0x00000000ecd00000,0x00000000ecd00000,0x00000000edb80000)
 ParOldGen       total 87552K, used 16693K [0x00000000a0000000, 0x00000000a5580000, 0x00000000e0000000)
  object space 87552K, 19% used [0x00000000a0000000,0x00000000a104d580,0x00000000a5580000)
 Metaspace       used 49273K, capacity 50164K, committed 50432K, reserved 1093632K
  class space    used 6615K, capacity 6891K, committed 6912K, reserved 1048576K
Event: 6.659 GC heap after
Heap after GC invocations=12 (full 2):
 PSYoungGen      total 204288K, used 14842K [0x00000000e0000000, 0x00000000edb80000, 0x0000000100000000)
  eden space 189440K, 0% used [0x00000000e0000000,0x00000000e0000000,0x00000000eb900000)
  from space 14848K, 99% used [0x00000000ecd00000,0x00000000edb7e910,0x00000000edb80000)
  to   space 16896K, 0% used [0x00000000eba80000,0x00000000eba80000,0x00000000ecb00000)
 ParOldGen       total 87552K, used 16866K [0x00000000a0000000, 0x00000000a5580000, 0x00000000e0000000)
  object space 87552K, 19% used [0x00000000a0000000,0x00000000a1078920,0x00000000a5580000)
 Metaspace       used 49273K, capacity 50164K, committed 50432K, reserved 1093632K
  class space    used 6615K, capacity 6891K, committed 6912K, reserved 1048576K
}
Event: 7.603 GC heap before
{Heap before GC invocations=13 (full 2):
 PSYoungGen      total 204288K, used 141090K [0x00000000e0000000, 0x00000000edb80000, 0x0000000100000000)
  eden space 189440K, 66% used [0x00000000e0000000,0x00000000e7b4a1a0,0x00000000eb900000)
  from space 14848K, 99% used [0x00000000ecd00000,0x00000000edb7e910,0x00000000edb80000)
  to   space 16896K, 0% used [0x00000000eba80000,0x00000000eba80000,0x00000000ecb00000)
 ParOldGen       total 87552K, used 16866K [0x00000000a0000000, 0x00000000a5580000, 0x00000000e0000000)
  object space 87552K, 19% used [0x00000000a0000000,0x00000000a1078920,0x00000000a5580000)
 Metaspace       used 57507K, capacity 59004K, committed 59028K, reserved 1099776K
  class space    used 7860K, capacity 8312K, committed 8320K, reserved 1048576K
Event: 7.619 GC heap after
Heap after GC invocations=13 (full 2):
 PSYoungGen      total 207872K, used 16480K [0x00000000e0000000, 0x00000000f1380000, 0x0000000100000000)
  eden space 190976K, 0% used [0x00000000e0000000,0x00000000e0000000,0x00000000eba80000)
  from space 16896K, 97% used [0x00000000eba80000,0x00000000eca982a0,0x00000000ecb00000)
  to   space 18944K, 0% used [0x00000000f0100000,0x00000000f0100000,0x00000000f1380000)
 ParOldGen       total 87552K, used 25392K [0x00000000a0000000, 0x00000000a5580000, 0x00000000e0000000)
  object space 87552K, 29% used [0x00000000a0000000,0x00000000a18cc2f8,0x00000000a5580000)
 Metaspace       used 57507K, capacity 59004K, committed 59028K, reserved 1099776K
  class space    used 7860K, capacity 8312K, committed 8320K, reserved 1048576K
}
Event: 7.619 GC heap before
{Heap before GC invocations=14 (full 3):
 PSYoungGen      total 207872K, used 16480K [0x00000000e0000000, 0x00000000f1380000, 0x0000000100000000)
  eden space 190976K, 0% used [0x00000000e0000000,0x00000000e0000000,0x00000000eba80000)
  from space 16896K, 97% used [0x00000000eba80000,0x00000000eca982a0,0x00000000ecb00000)
  to   space 18944K, 0% used [0x00000000f0100000,0x00000000f0100000,0x00000000f1380000)
 ParOldGen       total 87552K, used 25392K [0x00000000a0000000, 0x00000000a5580000, 0x00000000e0000000)
  object space 87552K, 29% used [0x00000000a0000000,0x00000000a18cc2f8,0x00000000a5580000)
 Metaspace       used 57507K, capacity 59004K, committed 59028K, reserved 1099776K
  class space    used 7860K, capacity 8312K, committed 8320K, reserved 1048576K
Event: 7.823 GC heap after
Heap after GC invocations=14 (full 3):
 PSYoungGen      total 207872K, used 0K [0x00000000e0000000, 0x00000000f1380000, 0x0000000100000000)
  eden space 190976K, 0% used [0x00000000e0000000,0x00000000e0000000,0x00000000eba80000)
  from space 16896K, 0% used [0x00000000eba80000,0x00000000eba80000,0x00000000ecb00000)
  to   space 18944K, 0% used [0x00000000f0100000,0x00000000f0100000,0x00000000f1380000)
 ParOldGen       total 136704K, used 37969K [0x00000000a0000000, 0x00000000a8580000, 0x00000000e0000000)
  object space 136704K, 27% used [0x00000000a0000000,0x00000000a25144e0,0x00000000a8580000)
 Metaspace       used 57507K, capacity 59004K, committed 59028K, reserved 1099776K
  class space    used 7860K, capacity 8312K, committed 8320K, reserved 1048576K
}
Event: 9.819 GC heap before
{Heap before GC invocations=15 (full 3):
 PSYoungGen      total 207872K, used 190926K [0x00000000e0000000, 0x00000000f1380000, 0x0000000100000000)
  eden space 190976K, 99% used [0x00000000e0000000,0x00000000eba739c0,0x00000000eba80000)
  from space 16896K, 0% used [0x00000000eba80000,0x00000000eba80000,0x00000000ecb00000)
  to   space 18944K, 0% used [0x00000000f0100000,0x00000000f0100000,0x00000000f1380000)
 ParOldGen       total 136704K, used 37969K [0x00000000a0000000, 0x00000000a8580000, 0x00000000e0000000)
  object space 136704K, 27% used [0x00000000a0000000,0x00000000a25144e0,0x00000000a8580000)
 Metaspace       used 60068K, capacity 61562K, committed 61824K, reserved 1101824K
  class space    used 8095K, capacity 8493K, committed 8576K, reserved 1048576K
Event: 9.828 GC heap after
Heap after GC invocations=15 (full 3):
 PSYoungGen      total 248320K, used 13662K [0x00000000e0000000, 0x00000000f0e80000, 0x0000000100000000)
  eden space 234496K, 0% used [0x00000000e0000000,0x00000000e0000000,0x00000000ee500000)
  from space 13824K, 98% used [0x00000000f0100000,0x00000000f0e579c0,0x00000000f0e80000)
  to   space 19456K, 0% used [0x00000000ee880000,0x00000000ee880000,0x00000000efb80000)
 ParOldGen       total 136704K, used 37977K [0x00000000a0000000, 0x00000000a8580000, 0x00000000e0000000)
  object space 136704K, 27% used [0x00000000a0000000,0x00000000a25164e0,0x00000000a8580000)
 Metaspace       used 60068K, capacity 61562K, committed 61824K, reserved 1101824K
  class space    used 8095K, capacity 8493K, committed 8576K, reserved 1048576K
}

