# JRE version: OpenJDK Runtime Environment (8.0_152-b01) (build 1.8.0_152-release-1248-b01)
# Java VM: OpenJDK 64-Bit Server VM (25.152-b01 mixed mode windows-amd64 compressed oops)
Heap:
 PSYoungGen      total 445440K, used 299227K [0x00000000e0000000, 0x00000000ffb80000, 0x0000000100000000)
  eden space 379392K, 77% used [0x00000000e0000000,0x00000000f205a658,0x00000000f7280000)
  from space 66048K, 5% used [0x00000000fbb00000,0x00000000fbedc640,0x00000000ffb80000)
  to   space 70144K, 0% used [0x00000000f7280000,0x00000000f7280000,0x00000000fb700000)
 ParOldGen       total 218112K, used 144036K [0x00000000a0000000, 0x00000000ad500000, 0x00000000e0000000)
  object space 218112K, 66% used [0x00000000a0000000,0x00000000a8ca9128,0x00000000ad500000)
 Metaspace       used 80300K, capacity 83350K, committed 85552K, reserved 1124352K
  class space    used 10445K, capacity 11105K, committed 11568K, reserved 1048576K
GC Heap History (10 events):
Event: 49.652 GC heap before
{Heap before GC invocations=26 (full 3):
 PSYoungGen      total 315392K, used 315379K [0x00000000e0000000, 0x00000000f9200000, 0x0000000100000000)
  eden space 294912K, 100% used [0x00000000e0000000,0x00000000f2000000,0x00000000f2000000)
  from space 20480K, 99% used [0x00000000f4d80000,0x00000000f617cc80,0x00000000f6180000)
  to   space 46592K, 0% used [0x00000000f2000000,0x00000000f2000000,0x00000000f4d80000)
 ParOldGen       total 147968K, used 105230K [0x00000000a0000000, 0x00000000a9080000, 0x00000000e0000000)
  object space 147968K, 71% used [0x00000000a0000000,0x00000000a66c3828,0x00000000a9080000)
 Metaspace       used 76025K, capacity 80416K, committed 80432K, reserved 1118208K
  class space    used 10181K, capacity 11044K, committed 11056K, reserved 1048576K
Event: 49.692 GC heap after
Heap after GC invocations=26 (full 3):
 PSYoungGen      total 341504K, used 36306K [0x00000000e0000000, 0x00000000fc280000, 0x0000000100000000)
  eden space 294912K, 0% used [0x00000000e0000000,0x00000000e0000000,0x00000000f2000000)
  from space 46592K, 77% used [0x00000000f2000000,0x00000000f4374b68,0x00000000f4d80000)
  to   space 50688K, 0% used [0x00000000f9100000,0x00000000f9100000,0x00000000fc280000)
 ParOldGen       total 147968K, used 125071K [0x00000000a0000000, 0x00000000a9080000, 0x00000000e0000000)
  object space 147968K, 84% used [0x00000000a0000000,0x00000000a7a23cb8,0x00000000a9080000)
 Metaspace       used 76025K, capacity 80416K, committed 80432K, reserved 1118208K
  class space    used 10181K, capacity 11044K, committed 11056K, reserved 1048576K
}
Event: 49.692 GC heap before
{Heap before GC invocations=27 (full 4):
 PSYoungGen      total 341504K, used 36306K [0x00000000e0000000, 0x00000000fc280000, 0x0000000100000000)
  eden space 294912K, 0% used [0x00000000e0000000,0x00000000e0000000,0x00000000f2000000)
  from space 46592K, 77% used [0x00000000f2000000,0x00000000f4374b68,0x00000000f4d80000)
  to   space 50688K, 0% used [0x00000000f9100000,0x00000000f9100000,0x00000000fc280000)
 ParOldGen       total 147968K, used 125071K [0x00000000a0000000, 0x00000000a9080000, 0x00000000e0000000)
  object space 147968K, 84% used [0x00000000a0000000,0x00000000a7a23cb8,0x00000000a9080000)
 Metaspace       used 76025K, capacity 80416K, committed 80432K, reserved 1118208K
  class space    used 10181K, capacity 11044K, committed 11056K, reserved 1048576K
Event: 49.833 GC heap after
Heap after GC invocations=27 (full 4):
 PSYoungGen      total 341504K, used 0K [0x00000000e0000000, 0x00000000fc280000, 0x0000000100000000)
  eden space 294912K, 0% used [0x00000000e0000000,0x00000000e0000000,0x00000000f2000000)
  from space 46592K, 0% used [0x00000000f2000000,0x00000000f2000000,0x00000000f4d80000)
  to   space 50688K, 0% used [0x00000000f9100000,0x00000000f9100000,0x00000000fc280000)
 ParOldGen       total 218112K, used 49944K [0x00000000a0000000, 0x00000000ad500000, 0x00000000e0000000)
  object space 218112K, 22% used [0x00000000a0000000,0x00000000a30c6308,0x00000000ad500000)
 Metaspace       used 75008K, capacity 77688K, committed 80432K, reserved 1118208K
  class space    used 9849K, capacity 10450K, committed 11056K, reserved 1048576K
}
Event: 51.625 GC heap before
{Heap before GC invocations=28 (full 4):
 PSYoungGen      total 341504K, used 294912K [0x00000000e0000000, 0x00000000fc280000, 0x0000000100000000)
  eden space 294912K, 100% used [0x00000000e0000000,0x00000000f2000000,0x00000000f2000000)
  from space 46592K, 0% used [0x00000000f2000000,0x00000000f2000000,0x00000000f4d80000)
  to   space 50688K, 0% used [0x00000000f9100000,0x00000000f9100000,0x00000000fc280000)
 ParOldGen       total 218112K, used 49944K [0x00000000a0000000, 0x00000000ad500000, 0x00000000e0000000)
  object space 218112K, 22% used [0x00000000a0000000,0x00000000a30c6308,0x00000000ad500000)
 Metaspace       used 75023K, capacity 77698K, committed 80432K, reserved 1118208K
  class space    used 9849K, capacity 10451K, committed 11056K, reserved 1048576K
Event: 51.705 GC heap after
Heap after GC invocations=28 (full 4):
 PSYoungGen      total 387072K, used 50675K [0x00000000e0000000, 0x00000000ff800000, 0x0000000100000000)
  eden space 336384K, 0% used [0x00000000e0000000,0x00000000e0000000,0x00000000f4880000)
  from space 50688K, 99% used [0x00000000f9100000,0x00000000fc27cd18,0x00000000fc280000)
  to   space 74240K, 0% used [0x00000000f4880000,0x00000000f4880000,0x00000000f9100000)
 ParOldGen       total 218112K, used 91967K [0x00000000a0000000, 0x00000000ad500000, 0x00000000e0000000)
  object space 218112K, 42% used [0x00000000a0000000,0x00000000a59cfe70,0x00000000ad500000)
 Metaspace       used 75023K, capacity 77698K, committed 80432K, reserved 1118208K
  class space    used 9849K, capacity 10451K, committed 11056K, reserved 1048576K
}
Event: 59.141 GC heap before
{Heap before GC invocations=29 (full 4):
 PSYoungGen      total 387072K, used 387059K [0x00000000e0000000, 0x00000000ff800000, 0x0000000100000000)
  eden space 336384K, 100% used [0x00000000e0000000,0x00000000f4880000,0x00000000f4880000)
  from space 50688K, 99% used [0x00000000f9100000,0x00000000fc27cd18,0x00000000fc280000)
  to   space 74240K, 0% used [0x00000000f4880000,0x00000000f4880000,0x00000000f9100000)
 ParOldGen       total 218112K, used 91967K [0x00000000a0000000, 0x00000000ad500000, 0x00000000e0000000)
  object space 218112K, 42% used [0x00000000a0000000,0x00000000a59cfe70,0x00000000ad500000)
 Metaspace       used 75614K, capacity 78376K, committed 81072K, reserved 1120256K
  class space    used 9926K, capacity 10532K, committed 11184K, reserved 1048576K
Event: 59.208 GC heap after
Heap after GC invocations=29 (full 4):
 PSYoungGen      total 410624K, used 21113K [0x00000000e0000000, 0x0000000100000000, 0x0000000100000000)
  eden space 336384K, 0% used [0x00000000e0000000,0x00000000e0000000,0x00000000f4880000)
  from space 74240K, 28% used [0x00000000f4880000,0x00000000f5d1e560,0x00000000f9100000)
  to   space 70656K, 0% used [0x00000000fbb00000,0x00000000fbb00000,0x0000000100000000)
 ParOldGen       total 218112K, used 137052K [0x00000000a0000000, 0x00000000ad500000, 0x00000000e0000000)
  object space 218112K, 62% used [0x00000000a0000000,0x00000000a85d73d8,0x00000000ad500000)
 Metaspace       used 75614K, capacity 78376K, committed 81072K, reserved 1120256K
  class space    used 9926K, capacity 10532K, committed 11184K, reserved 1048576K
}
Event: 59.756 GC heap before
{Heap before GC invocations=30 (full 4):
 PSYoungGen      total 410624K, used 356751K [0x00000000e0000000, 0x0000000100000000, 0x0000000100000000)
  eden space 336384K, 99% used [0x00000000e0000000,0x00000000f47c5708,0x00000000f4880000)
  from space 74240K, 28% used [0x00000000f4880000,0x00000000f5d1e560,0x00000000f9100000)
  to   space 70656K, 0% used [0x00000000fbb00000,0x00000000fbb00000,0x0000000100000000)
 ParOldGen       total 218112K, used 137052K [0x00000000a0000000, 0x00000000ad500000, 0x00000000e0000000)
  object space 218112K, 62% used [0x00000000a0000000,0x00000000a85d73d8,0x00000000ad500000)
 Metaspace       used 75648K, capacity 78440K, committed 81072K, reserved 1120256K
  class space    used 9926K, capacity 10532K, committed 11184K, reserved 1048576K
Event: 59.762 GC heap after
Heap after GC invocations=30 (full 4):
 PSYoungGen      total 445440K, used 3953K [0x00000000e0000000, 0x00000000ffb80000, 0x0000000100000000)
  eden space 379392K, 0% used [0x00000000e0000000,0x00000000e0000000,0x00000000f7280000)
  from space 66048K, 5% used [0x00000000fbb00000,0x00000000fbedc640,0x00000000ffb80000)
  to   space 70144K, 0% used [0x00000000f7280000,0x00000000f7280000,0x00000000fb700000)
 ParOldGen       total 218112K, used 144036K [0x00000000a0000000, 0x00000000ad500000, 0x00000000e0000000)
  object space 218112K, 66% used [0x00000000a0000000,0x00000000a8ca9128,0x00000000ad500000)
 Metaspace       used 75648K, capacity 78440K, committed 81072K, reserved 1120256K
  class space    used 9926K, capacity 10532K, committed 11184K, reserved 1048576K
}

