# JRE version: OpenJDK Runtime Environment (8.0_152-b01) (build 1.8.0_152-release-1248-b01)
# Java VM: OpenJDK 64-Bit Server VM (25.152-b01 mixed mode windows-amd64 compressed oops)
Heap:
 PSYoungGen      total 72192K, used 1054K [0x00000000e0000000, 0x00000000e6e80000, 0x0000000100000000)
  eden space 61440K, 1% used [0x00000000e0000000,0x00000000e0107878,0x00000000e3c00000)
  from space 10752K, 0% used [0x00000000e6400000,0x00000000e6400000,0x00000000e6e80000)
  to   space 10240K, 0% used [0x00000000e3c00000,0x00000000e3c00000,0x00000000e4600000)
 ParOldGen       total 62976K, used 16755K [0x00000000a0000000, 0x00000000a3d80000, 0x00000000e0000000)
  object space 62976K, 26% used [0x00000000a0000000,0x00000000a105cee0,0x00000000a3d80000)
 Metaspace       used 35054K, capacity 35540K, committed 35672K, reserved 1079296K
  class space    used 4863K, capacity 5068K, committed 5120K, reserved 1048576K
GC Heap History (10 events):
Event: 1.957 GC heap before
{Heap before GC invocations=6 (full 1):
 PSYoungGen      total 71680K, used 5088K [0x00000000e0000000, 0x00000000e4b00000, 0x0000000100000000)
  eden space 66560K, 0% used [0x00000000e0000000,0x00000000e0000000,0x00000000e4100000)
  from space 5120K, 99% used [0x00000000e4100000,0x00000000e45f8050,0x00000000e4600000)
  to   space 5120K, 0% used [0x00000000e4600000,0x00000000e4600000,0x00000000e4b00000)
 ParOldGen       total 87552K, used 8792K [0x00000000a0000000, 0x00000000a5580000, 0x00000000e0000000)
  object space 87552K, 10% used [0x00000000a0000000,0x00000000a0896150,0x00000000a5580000)
 Metaspace       used 20845K, capacity 21176K, committed 21248K, reserved 1067008K
  class space    used 2916K, capacity 3060K, committed 3072K, reserved 1048576K
Event: 1.987 GC heap after
Heap after GC invocations=6 (full 1):
 PSYoungGen      total 71680K, used 0K [0x00000000e0000000, 0x00000000e4b00000, 0x0000000100000000)
  eden space 66560K, 0% used [0x00000000e0000000,0x00000000e0000000,0x00000000e4100000)
  from space 5120K, 0% used [0x00000000e4100000,0x00000000e4100000,0x00000000e4600000)
  to   space 5120K, 0% used [0x00000000e4600000,0x00000000e4600000,0x00000000e4b00000)
 ParOldGen       total 62976K, used 8705K [0x00000000a0000000, 0x00000000a3d80000, 0x00000000e0000000)
  object space 62976K, 13% used [0x00000000a0000000,0x00000000a0880608,0x00000000a3d80000)
 Metaspace       used 20845K, capacity 21176K, committed 21248K, reserved 1067008K
  class space    used 2916K, capacity 3060K, committed 3072K, reserved 1048576K
}
Event: 2.561 GC heap before
{Heap before GC invocations=7 (full 1):
 PSYoungGen      total 71680K, used 66560K [0x00000000e0000000, 0x00000000e4b00000, 0x0000000100000000)
  eden space 66560K, 100% used [0x00000000e0000000,0x00000000e4100000,0x00000000e4100000)
  from space 5120K, 0% used [0x00000000e4100000,0x00000000e4100000,0x00000000e4600000)
  to   space 5120K, 0% used [0x00000000e4600000,0x00000000e4600000,0x00000000e4b00000)
 ParOldGen       total 62976K, used 8705K [0x00000000a0000000, 0x00000000a3d80000, 0x00000000e0000000)
  object space 62976K, 13% used [0x00000000a0000000,0x00000000a0880608,0x00000000a3d80000)
 Metaspace       used 26806K, capacity 27174K, committed 27392K, reserved 1073152K
  class space    used 3668K, capacity 3815K, committed 3840K, reserved 1048576K
Event: 2.567 GC heap after
Heap after GC invocations=7 (full 1):
 PSYoungGen      total 66560K, used 5118K [0x00000000e0000000, 0x00000000e7600000, 0x0000000100000000)
  eden space 61440K, 0% used [0x00000000e0000000,0x00000000e0000000,0x00000000e3c00000)
  from space 5120K, 99% used [0x00000000e4600000,0x00000000e4affb20,0x00000000e4b00000)
  to   space 10240K, 0% used [0x00000000e3c00000,0x00000000e3c00000,0x00000000e4600000)
 ParOldGen       total 62976K, used 10897K [0x00000000a0000000, 0x00000000a3d80000, 0x00000000e0000000)
  object space 62976K, 17% used [0x00000000a0000000,0x00000000a0aa47f0,0x00000000a3d80000)
 Metaspace       used 26806K, capacity 27174K, committed 27392K, reserved 1073152K
  class space    used 3668K, capacity 3815K, committed 3840K, reserved 1048576K
}
Event: 2.962 GC heap before
{Heap before GC invocations=8 (full 1):
 PSYoungGen      total 66560K, used 66558K [0x00000000e0000000, 0x00000000e7600000, 0x0000000100000000)
  eden space 61440K, 100% used [0x00000000e0000000,0x00000000e3c00000,0x00000000e3c00000)
  from space 5120K, 99% used [0x00000000e4600000,0x00000000e4affb20,0x00000000e4b00000)
  to   space 10240K, 0% used [0x00000000e3c00000,0x00000000e3c00000,0x00000000e4600000)
 ParOldGen       total 62976K, used 10897K [0x00000000a0000000, 0x00000000a3d80000, 0x00000000e0000000)
  object space 62976K, 17% used [0x00000000a0000000,0x00000000a0aa47f0,0x00000000a3d80000)
 Metaspace       used 29992K, capacity 30386K, committed 30464K, reserved 1075200K
  class space    used 4177K, capacity 4330K, committed 4352K, reserved 1048576K
Event: 2.966 GC heap after
Heap after GC invocations=8 (full 1):
 PSYoungGen      total 71680K, used 8092K [0x00000000e0000000, 0x00000000e6e80000, 0x0000000100000000)
  eden space 61440K, 0% used [0x00000000e0000000,0x00000000e0000000,0x00000000e3c00000)
  from space 10240K, 79% used [0x00000000e3c00000,0x00000000e43e71d0,0x00000000e4600000)
  to   space 10752K, 0% used [0x00000000e6400000,0x00000000e6400000,0x00000000e6e80000)
 ParOldGen       total 62976K, used 10905K [0x00000000a0000000, 0x00000000a3d80000, 0x00000000e0000000)
  object space 62976K, 17% used [0x00000000a0000000,0x00000000a0aa67f0,0x00000000a3d80000)
 Metaspace       used 29992K, capacity 30386K, committed 30464K, reserved 1075200K
  class space    used 4177K, capacity 4330K, committed 4352K, reserved 1048576K
}
Event: 3.480 GC heap before
{Heap before GC invocations=9 (full 1):
 PSYoungGen      total 71680K, used 51608K [0x00000000e0000000, 0x00000000e6e80000, 0x0000000100000000)
  eden space 61440K, 70% used [0x00000000e0000000,0x00000000e2a7f0e8,0x00000000e3c00000)
  from space 10240K, 79% used [0x00000000e3c00000,0x00000000e43e71d0,0x00000000e4600000)
  to   space 10752K, 0% used [0x00000000e6400000,0x00000000e6400000,0x00000000e6e80000)
 ParOldGen       total 62976K, used 10905K [0x00000000a0000000, 0x00000000a3d80000, 0x00000000e0000000)
  object space 62976K, 17% used [0x00000000a0000000,0x00000000a0aa67f0,0x00000000a3d80000)
 Metaspace       used 34903K, capacity 35348K, committed 35416K, reserved 1079296K
  class space    used 4850K, capacity 5068K, committed 5120K, reserved 1048576K
Event: 3.490 GC heap after
Heap after GC invocations=9 (full 1):
 PSYoungGen      total 72192K, used 10300K [0x00000000e0000000, 0x00000000e6e80000, 0x0000000100000000)
  eden space 61440K, 0% used [0x00000000e0000000,0x00000000e0000000,0x00000000e3c00000)
  from space 10752K, 95% used [0x00000000e6400000,0x00000000e6e0f3b8,0x00000000e6e80000)
  to   space 10240K, 0% used [0x00000000e3c00000,0x00000000e3c00000,0x00000000e4600000)
 ParOldGen       total 62976K, used 10913K [0x00000000a0000000, 0x00000000a3d80000, 0x00000000e0000000)
  object space 62976K, 17% used [0x00000000a0000000,0x00000000a0aa87f0,0x00000000a3d80000)
 Metaspace       used 34903K, capacity 35348K, committed 35416K, reserved 1079296K
  class space    used 4850K, capacity 5068K, committed 5120K, reserved 1048576K
}
Event: 3.490 GC heap before
{Heap before GC invocations=10 (full 2):
 PSYoungGen      total 72192K, used 10300K [0x00000000e0000000, 0x00000000e6e80000, 0x0000000100000000)
  eden space 61440K, 0% used [0x00000000e0000000,0x00000000e0000000,0x00000000e3c00000)
  from space 10752K, 95% used [0x00000000e6400000,0x00000000e6e0f3b8,0x00000000e6e80000)
  to   space 10240K, 0% used [0x00000000e3c00000,0x00000000e3c00000,0x00000000e4600000)
 ParOldGen       total 62976K, used 10913K [0x00000000a0000000, 0x00000000a3d80000, 0x00000000e0000000)
  object space 62976K, 17% used [0x00000000a0000000,0x00000000a0aa87f0,0x00000000a3d80000)
 Metaspace       used 34903K, capacity 35348K, committed 35416K, reserved 1079296K
  class space    used 4850K, capacity 5068K, committed 5120K, reserved 1048576K
Event: 3.550 GC heap after
Heap after GC invocations=10 (full 2):
 PSYoungGen      total 72192K, used 0K [0x00000000e0000000, 0x00000000e6e80000, 0x0000000100000000)
  eden space 61440K, 0% used [0x00000000e0000000,0x00000000e0000000,0x00000000e3c00000)
  from space 10752K, 0% used [0x00000000e6400000,0x00000000e6400000,0x00000000e6e80000)
  to   space 10240K, 0% used [0x00000000e3c00000,0x00000000e3c00000,0x00000000e4600000)
 ParOldGen       total 62976K, used 16755K [0x00000000a0000000, 0x00000000a3d80000, 0x00000000e0000000)
  object space 62976K, 26% used [0x00000000a0000000,0x00000000a105cee0,0x00000000a3d80000)
 Metaspace       used 34903K, capacity 35348K, committed 35416K, reserved 1079296K
  class space    used 4850K, capacity 5068K, committed 5120K, reserved 1048576K
}

