# JRE version: OpenJDK Runtime Environment (8.0_152-b01) (build 1.8.0_152-release-1248-b01)
# Java VM: OpenJDK 64-Bit Server VM (25.152-b01 mixed mode windows-amd64 compressed oops)
Heap:
 PSYoungGen      total 396288K, used 62752K [0x00000000e0000000, 0x0000000100000000, 0x0000000100000000)
  eden space 324608K, 18% used [0x00000000e0000000,0x00000000e3ae9828,0x00000000f3d00000)
  from space 71680K, 3% used [0x00000000f3d00000,0x00000000f3f5e8d8,0x00000000f8300000)
  to   space 116224K, 0% used [0x00000000f8e80000,0x00000000f8e80000,0x0000000100000000)
 ParOldGen       total 158208K, used 71088K [0x00000000a0000000, 0x00000000a9a80000, 0x00000000e0000000)
  object space 158208K, 44% used [0x00000000a0000000,0x00000000a456c0e0,0x00000000a9a80000)
 Metaspace       used 98164K, capacity 102420K, committed 102656K, reserved 1138688K
  class space    used 12297K, capacity 13224K, committed 13312K, reserved 1048576K
GC Heap History (10 events):
Event: 378.918 GC heap before
{Heap before GC invocations=47 (full 5):
 PSYoungGen      total 396288K, used 396270K [0x00000000e0000000, 0x00000000fc900000, 0x0000000100000000)
  eden space 324608K, 100% used [0x00000000e0000000,0x00000000f3d00000,0x00000000f3d00000)
  from space 71680K, 99% used [0x00000000f3d00000,0x00000000f82fb8f0,0x00000000f8300000)
  to   space 64000K, 0% used [0x00000000f8a80000,0x00000000f8a80000,0x00000000fc900000)
 ParOldGen       total 158208K, used 104928K [0x00000000a0000000, 0x00000000a9a80000, 0x00000000e0000000)
  object space 158208K, 66% used [0x00000000a0000000,0x00000000a6678070,0x00000000a9a80000)
 Metaspace       used 97446K, capacity 101582K, committed 101760K, reserved 1138688K
  class space    used 12193K, capacity 13135K, committed 13184K, reserved 1048576K
Event: 379.022 GC heap after
Heap after GC invocations=47 (full 5):
 PSYoungGen      total 388608K, used 63999K [0x00000000e0000000, 0x00000000fc900000, 0x0000000100000000)
  eden space 324608K, 0% used [0x00000000e0000000,0x00000000e0000000,0x00000000f3d00000)
  from space 64000K, 99% used [0x00000000f8a80000,0x00000000fc8fff30,0x00000000fc900000)
  to   space 71680K, 0% used [0x00000000f3d00000,0x00000000f3d00000,0x00000000f8300000)
 ParOldGen       total 158208K, used 139047K [0x00000000a0000000, 0x00000000a9a80000, 0x00000000e0000000)
  object space 158208K, 87% used [0x00000000a0000000,0x00000000a87c9f50,0x00000000a9a80000)
 Metaspace       used 97446K, capacity 101582K, committed 101760K, reserved 1138688K
  class space    used 12193K, capacity 13135K, committed 13184K, reserved 1048576K
}
Event: 379.022 GC heap before
{Heap before GC invocations=48 (full 6):
 PSYoungGen      total 388608K, used 63999K [0x00000000e0000000, 0x00000000fc900000, 0x0000000100000000)
  eden space 324608K, 0% used [0x00000000e0000000,0x00000000e0000000,0x00000000f3d00000)
  from space 64000K, 99% used [0x00000000f8a80000,0x00000000fc8fff30,0x00000000fc900000)
  to   space 71680K, 0% used [0x00000000f3d00000,0x00000000f3d00000,0x00000000f8300000)
 ParOldGen       total 158208K, used 139047K [0x00000000a0000000, 0x00000000a9a80000, 0x00000000e0000000)
  object space 158208K, 87% used [0x00000000a0000000,0x00000000a87c9f50,0x00000000a9a80000)
 Metaspace       used 97446K, capacity 101582K, committed 101760K, reserved 1138688K
  class space    used 12193K, capacity 13135K, committed 13184K, reserved 1048576K
Event: 379.564 GC heap after
Heap after GC invocations=48 (full 6):
 PSYoungGen      total 388608K, used 0K [0x00000000e0000000, 0x00000000fc900000, 0x0000000100000000)
  eden space 324608K, 0% used [0x00000000e0000000,0x00000000e0000000,0x00000000f3d00000)
  from space 64000K, 0% used [0x00000000f8a80000,0x00000000f8a80000,0x00000000fc900000)
  to   space 71680K, 0% used [0x00000000f3d00000,0x00000000f3d00000,0x00000000f8300000)
 ParOldGen       total 158208K, used 126891K [0x00000000a0000000, 0x00000000a9a80000, 0x00000000e0000000)
  object space 158208K, 80% used [0x00000000a0000000,0x00000000a7beaec0,0x00000000a9a80000)
 Metaspace       used 97333K, capacity 101378K, committed 101760K, reserved 1138688K
  class space    used 12172K, capacity 13077K, committed 13184K, reserved 1048576K
}
Event: 385.961 GC heap before
{Heap before GC invocations=49 (full 7):
 PSYoungGen      total 388608K, used 323918K [0x00000000e0000000, 0x00000000fc900000, 0x0000000100000000)
  eden space 324608K, 99% used [0x00000000e0000000,0x00000000f3c538d0,0x00000000f3d00000)
  from space 64000K, 0% used [0x00000000f8a80000,0x00000000f8a80000,0x00000000fc900000)
  to   space 71680K, 0% used [0x00000000f3d00000,0x00000000f3d00000,0x00000000f8300000)
 ParOldGen       total 158208K, used 127915K [0x00000000a0000000, 0x00000000a9a80000, 0x00000000e0000000)
  object space 158208K, 80% used [0x00000000a0000000,0x00000000a7ceaed0,0x00000000a9a80000)
 Metaspace       used 97430K, capacity 101594K, committed 101760K, reserved 1138688K
  class space    used 12183K, capacity 13093K, committed 13184K, reserved 1048576K
Event: 386.191 GC heap after
Heap after GC invocations=49 (full 7):
 PSYoungGen      total 388608K, used 0K [0x00000000e0000000, 0x00000000fc900000, 0x0000000100000000)
  eden space 324608K, 0% used [0x00000000e0000000,0x00000000e0000000,0x00000000f3d00000)
  from space 64000K, 0% used [0x00000000f8a80000,0x00000000f8a80000,0x00000000fc900000)
  to   space 71680K, 0% used [0x00000000f3d00000,0x00000000f3d00000,0x00000000f8300000)
 ParOldGen       total 158208K, used 68055K [0x00000000a0000000, 0x00000000a9a80000, 0x00000000e0000000)
  object space 158208K, 43% used [0x00000000a0000000,0x00000000a4275e70,0x00000000a9a80000)
 Metaspace       used 97415K, capacity 101570K, committed 101760K, reserved 1138688K
  class space    used 12181K, capacity 13089K, committed 13184K, reserved 1048576K
}
Event: 386.826 GC heap before
{Heap before GC invocations=50 (full 8):
 PSYoungGen      total 388608K, used 323644K [0x00000000e0000000, 0x00000000fc900000, 0x0000000100000000)
  eden space 324608K, 99% used [0x00000000e0000000,0x00000000f3c0f2b0,0x00000000f3d00000)
  from space 64000K, 0% used [0x00000000f8a80000,0x00000000f8a80000,0x00000000fc900000)
  to   space 71680K, 0% used [0x00000000f3d00000,0x00000000f3d00000,0x00000000f8300000)
 ParOldGen       total 158208K, used 132568K [0x00000000a0000000, 0x00000000a9a80000, 0x00000000e0000000)
  object space 158208K, 83% used [0x00000000a0000000,0x00000000a8176260,0x00000000a9a80000)
 Metaspace       used 97442K, capacity 101580K, committed 101760K, reserved 1138688K
  class space    used 12182K, capacity 13090K, committed 13184K, reserved 1048576K
Event: 386.985 GC heap after
Heap after GC invocations=50 (full 8):
 PSYoungGen      total 388608K, used 0K [0x00000000e0000000, 0x00000000fc900000, 0x0000000100000000)
  eden space 324608K, 0% used [0x00000000e0000000,0x00000000e0000000,0x00000000f3d00000)
  from space 64000K, 0% used [0x00000000f8a80000,0x00000000f8a80000,0x00000000fc900000)
  to   space 71680K, 0% used [0x00000000f3d00000,0x00000000f3d00000,0x00000000f8300000)
 ParOldGen       total 158208K, used 71080K [0x00000000a0000000, 0x00000000a9a80000, 0x00000000e0000000)
  object space 158208K, 44% used [0x00000000a0000000,0x00000000a456a0e0,0x00000000a9a80000)
 Metaspace       used 97442K, capacity 101580K, committed 101760K, reserved 1138688K
  class space    used 12182K, capacity 13090K, committed 13184K, reserved 1048576K
}
Event: 510.995 GC heap before
{Heap before GC invocations=51 (full 8):
 PSYoungGen      total 388608K, used 324608K [0x00000000e0000000, 0x00000000fc900000, 0x0000000100000000)
  eden space 324608K, 100% used [0x00000000e0000000,0x00000000f3d00000,0x00000000f3d00000)
  from space 64000K, 0% used [0x00000000f8a80000,0x00000000f8a80000,0x00000000fc900000)
  to   space 71680K, 0% used [0x00000000f3d00000,0x00000000f3d00000,0x00000000f8300000)
 ParOldGen       total 158208K, used 71080K [0x00000000a0000000, 0x00000000a9a80000, 0x00000000e0000000)
  object space 158208K, 44% used [0x00000000a0000000,0x00000000a456a0e0,0x00000000a9a80000)
 Metaspace       used 98119K, capacity 102326K, committed 102656K, reserved 1138688K
  class space    used 12294K, capacity 13219K, committed 13312K, reserved 1048576K
Event: 511.000 GC heap after
Heap after GC invocations=51 (full 8):
 PSYoungGen      total 396288K, used 2426K [0x00000000e0000000, 0x0000000100000000, 0x0000000100000000)
  eden space 324608K, 0% used [0x00000000e0000000,0x00000000e0000000,0x00000000f3d00000)
  from space 71680K, 3% used [0x00000000f3d00000,0x00000000f3f5e8d8,0x00000000f8300000)
  to   space 116224K, 0% used [0x00000000f8e80000,0x00000000f8e80000,0x0000000100000000)
 ParOldGen       total 158208K, used 71088K [0x00000000a0000000, 0x00000000a9a80000, 0x00000000e0000000)
  object space 158208K, 44% used [0x00000000a0000000,0x00000000a456c0e0,0x00000000a9a80000)
 Metaspace       used 98119K, capacity 102326K, committed 102656K, reserved 1138688K
  class space    used 12294K, capacity 13219K, committed 13312K, reserved 1048576K
}

