# JRE version: OpenJDK Runtime Environment (8.0_152-b01) (build 1.8.0_152-release-1248-b01)
# Java VM: OpenJDK 64-Bit Server VM (25.152-b01 mixed mode windows-amd64 compressed oops)
Heap:
 PSYoungGen      total 182784K, used 100116K [0x00000000e0000000, 0x00000000ef180000, 0x0000000100000000)
  eden space 159232K, 48% used [0x00000000e0000000,0x00000000e4ac8fe8,0x00000000e9b80000)
  from space 23552K, 99% used [0x00000000e9b80000,0x00000000eb27c078,0x00000000eb280000)
  to   space 27136K, 0% used [0x00000000ed700000,0x00000000ed700000,0x00000000ef180000)
 ParOldGen       total 137728K, used 33940K [0x00000000a0000000, 0x00000000a8680000, 0x00000000e0000000)
  object space 137728K, 24% used [0x00000000a0000000,0x00000000a2125160,0x00000000a8680000)
 Metaspace       used 67255K, capacity 69004K, committed 69248K, reserved 1110016K
  class space    used 8748K, capacity 9248K, committed 9344K, reserved 1048576K
GC Heap History (10 events):
Event: 9.025 GC heap before
{Heap before GC invocations=16 (full 2):
 PSYoungGen      total 117760K, used 117742K [0x00000000e0000000, 0x00000000e9b80000, 0x0000000100000000)
  eden space 102400K, 100% used [0x00000000e0000000,0x00000000e6400000,0x00000000e6400000)
  from space 15360K, 99% used [0x00000000e6400000,0x00000000e72fba28,0x00000000e7300000)
  to   space 18944K, 0% used [0x00000000e8900000,0x00000000e8900000,0x00000000e9b80000)
 ParOldGen       total 101888K, used 20765K [0x00000000a0000000, 0x00000000a6380000, 0x00000000e0000000)
  object space 101888K, 20% used [0x00000000a0000000,0x00000000a1447440,0x00000000a6380000)
 Metaspace       used 57406K, capacity 58768K, committed 58880K, reserved 1099776K
  class space    used 7763K, capacity 8164K, committed 8192K, reserved 1048576K
Event: 9.039 GC heap after
Heap after GC invocations=16 (full 2):
 PSYoungGen      total 136704K, used 18920K [0x00000000e0000000, 0x00000000ea280000, 0x0000000100000000)
  eden space 117760K, 0% used [0x00000000e0000000,0x00000000e0000000,0x00000000e7300000)
  from space 18944K, 99% used [0x00000000e8900000,0x00000000e9b7a080,0x00000000e9b80000)
  to   space 22528K, 0% used [0x00000000e7300000,0x00000000e7300000,0x00000000e8900000)
 ParOldGen       total 101888K, used 24039K [0x00000000a0000000, 0x00000000a6380000, 0x00000000e0000000)
  object space 101888K, 23% used [0x00000000a0000000,0x00000000a1779c78,0x00000000a6380000)
 Metaspace       used 57406K, capacity 58768K, committed 58880K, reserved 1099776K
  class space    used 7763K, capacity 8164K, committed 8192K, reserved 1048576K
}
Event: 9.080 GC heap before
{Heap before GC invocations=17 (full 2):
 PSYoungGen      total 136704K, used 29696K [0x00000000e0000000, 0x00000000ea280000, 0x0000000100000000)
  eden space 117760K, 9% used [0x00000000e0000000,0x00000000e0a860d0,0x00000000e7300000)
  from space 18944K, 99% used [0x00000000e8900000,0x00000000e9b7a080,0x00000000e9b80000)
  to   space 22528K, 0% used [0x00000000e7300000,0x00000000e7300000,0x00000000e8900000)
 ParOldGen       total 101888K, used 24039K [0x00000000a0000000, 0x00000000a6380000, 0x00000000e0000000)
  object space 101888K, 23% used [0x00000000a0000000,0x00000000a1779c78,0x00000000a6380000)
 Metaspace       used 57536K, capacity 58848K, committed 59028K, reserved 1099776K
  class space    used 7789K, capacity 8168K, committed 8192K, reserved 1048576K
Event: 9.090 GC heap after
Heap after GC invocations=17 (full 2):
 PSYoungGen      total 140288K, used 19126K [0x00000000e0000000, 0x00000000ed180000, 0x0000000100000000)
  eden space 117760K, 0% used [0x00000000e0000000,0x00000000e0000000,0x00000000e7300000)
  from space 22528K, 84% used [0x00000000e7300000,0x00000000e85ad930,0x00000000e8900000)
  to   space 24576K, 0% used [0x00000000eb980000,0x00000000eb980000,0x00000000ed180000)
 ParOldGen       total 101888K, used 24047K [0x00000000a0000000, 0x00000000a6380000, 0x00000000e0000000)
  object space 101888K, 23% used [0x00000000a0000000,0x00000000a177bc78,0x00000000a6380000)
 Metaspace       used 57536K, capacity 58848K, committed 59028K, reserved 1099776K
  class space    used 7789K, capacity 8168K, committed 8192K, reserved 1048576K
}
Event: 9.090 GC heap before
{Heap before GC invocations=18 (full 3):
 PSYoungGen      total 140288K, used 19126K [0x00000000e0000000, 0x00000000ed180000, 0x0000000100000000)
  eden space 117760K, 0% used [0x00000000e0000000,0x00000000e0000000,0x00000000e7300000)
  from space 22528K, 84% used [0x00000000e7300000,0x00000000e85ad930,0x00000000e8900000)
  to   space 24576K, 0% used [0x00000000eb980000,0x00000000eb980000,0x00000000ed180000)
 ParOldGen       total 101888K, used 24047K [0x00000000a0000000, 0x00000000a6380000, 0x00000000e0000000)
  object space 101888K, 23% used [0x00000000a0000000,0x00000000a177bc78,0x00000000a6380000)
 Metaspace       used 57536K, capacity 58848K, committed 59028K, reserved 1099776K
  class space    used 7789K, capacity 8168K, committed 8192K, reserved 1048576K
Event: 9.285 GC heap after
Heap after GC invocations=18 (full 3):
 PSYoungGen      total 140288K, used 0K [0x00000000e0000000, 0x00000000ed180000, 0x0000000100000000)
  eden space 117760K, 0% used [0x00000000e0000000,0x00000000e0000000,0x00000000e7300000)
  from space 22528K, 0% used [0x00000000e7300000,0x00000000e7300000,0x00000000e8900000)
  to   space 24576K, 0% used [0x00000000eb980000,0x00000000eb980000,0x00000000ed180000)
 ParOldGen       total 137728K, used 33752K [0x00000000a0000000, 0x00000000a8680000, 0x00000000e0000000)
  object space 137728K, 24% used [0x00000000a0000000,0x00000000a20f6170,0x00000000a8680000)
 Metaspace       used 57536K, capacity 58848K, committed 59028K, reserved 1099776K
  class space    used 7789K, capacity 8168K, committed 8192K, reserved 1048576K
}
Event: 22.794 GC heap before
{Heap before GC invocations=19 (full 3):
 PSYoungGen      total 140288K, used 117760K [0x00000000e0000000, 0x00000000ed180000, 0x0000000100000000)
  eden space 117760K, 100% used [0x00000000e0000000,0x00000000e7300000,0x00000000e7300000)
  from space 22528K, 0% used [0x00000000e7300000,0x00000000e7300000,0x00000000e8900000)
  to   space 24576K, 0% used [0x00000000eb980000,0x00000000eb980000,0x00000000ed180000)
 ParOldGen       total 137728K, used 33752K [0x00000000a0000000, 0x00000000a8680000, 0x00000000e0000000)
  object space 137728K, 24% used [0x00000000a0000000,0x00000000a20f6170,0x00000000a8680000)
 Metaspace       used 62992K, capacity 64772K, committed 64896K, reserved 1105920K
  class space    used 8343K, capacity 8808K, committed 8832K, reserved 1048576K
Event: 22.802 GC heap after
Heap after GC invocations=19 (full 3):
 PSYoungGen      total 175616K, used 9386K [0x00000000e0000000, 0x00000000ec980000, 0x0000000100000000)
  eden space 159232K, 0% used [0x00000000e0000000,0x00000000e0000000,0x00000000e9b80000)
  from space 16384K, 57% used [0x00000000eb980000,0x00000000ec2aa960,0x00000000ec980000)
  to   space 23552K, 0% used [0x00000000e9b80000,0x00000000e9b80000,0x00000000eb280000)
 ParOldGen       total 137728K, used 33760K [0x00000000a0000000, 0x00000000a8680000, 0x00000000e0000000)
  object space 137728K, 24% used [0x00000000a0000000,0x00000000a20f8170,0x00000000a8680000)
 Metaspace       used 62992K, capacity 64772K, committed 64896K, reserved 1105920K
  class space    used 8343K, capacity 8808K, committed 8832K, reserved 1048576K
}
Event: 24.324 GC heap before
{Heap before GC invocations=20 (full 3):
 PSYoungGen      total 175616K, used 168618K [0x00000000e0000000, 0x00000000ec980000, 0x0000000100000000)
  eden space 159232K, 100% used [0x00000000e0000000,0x00000000e9b80000,0x00000000e9b80000)
  from space 16384K, 57% used [0x00000000eb980000,0x00000000ec2aa960,0x00000000ec980000)
  to   space 23552K, 0% used [0x00000000e9b80000,0x00000000e9b80000,0x00000000eb280000)
 ParOldGen       total 137728K, used 33760K [0x00000000a0000000, 0x00000000a8680000, 0x00000000e0000000)
  object space 137728K, 24% used [0x00000000a0000000,0x00000000a20f8170,0x00000000a8680000)
 Metaspace       used 64889K, capacity 66602K, committed 66944K, reserved 1107968K
  class space    used 8504K, capacity 8985K, committed 9088K, reserved 1048576K
Event: 24.338 GC heap after
Heap after GC invocations=20 (full 3):
 PSYoungGen      total 182784K, used 23536K [0x00000000e0000000, 0x00000000ef180000, 0x0000000100000000)
  eden space 159232K, 0% used [0x00000000e0000000,0x00000000e0000000,0x00000000e9b80000)
  from space 23552K, 99% used [0x00000000e9b80000,0x00000000eb27c078,0x00000000eb280000)
  to   space 27136K, 0% used [0x00000000ed700000,0x00000000ed700000,0x00000000ef180000)
 ParOldGen       total 137728K, used 33940K [0x00000000a0000000, 0x00000000a8680000, 0x00000000e0000000)
  object space 137728K, 24% used [0x00000000a0000000,0x00000000a2125160,0x00000000a8680000)
 Metaspace       used 64889K, capacity 66602K, committed 66944K, reserved 1107968K
  class space    used 8504K, capacity 8985K, committed 9088K, reserved 1048576K
}

