# JRE version: OpenJDK Runtime Environment (8.0_152-b01) (build 1.8.0_152-release-1248-b01)
# Java VM: OpenJDK 64-Bit Server VM (25.152-b01 mixed mode windows-amd64 compressed oops)
Heap:
 PSYoungGen      total 232960K, used 104634K [0x00000000eab00000, 0x00000000fa000000, 0x0000000100000000)
  eden space 215040K, 48% used [0x00000000eab00000,0x00000000f112ebe0,0x00000000f7d00000)
  from space 17920K, 0% used [0x00000000f7d00000,0x00000000f7d00000,0x00000000f8e80000)
  to   space 15360K, 0% used [0x00000000f9080000,0x00000000f9080000,0x00000000f9f80000)
 ParOldGen       total 117760K, used 36466K [0x00000000c0000000, 0x00000000c7300000, 0x00000000eab00000)
  object space 117760K, 30% used [0x00000000c0000000,0x00000000c239c9b0,0x00000000c7300000)
 Metaspace       used 59889K, capacity 61546K, committed 61696K, reserved 1101824K
  class space    used 8174K, capacity 8603K, committed 8704K, reserved 1048576K
GC Heap History (10 events):
Event: 3.618 GC heap before
{Heap before GC invocations=10 (full 2):
 PSYoungGen      total 164352K, used 7923K [0x00000000eab00000, 0x00000000fb300000, 0x0000000100000000)
  eden space 151040K, 0% used [0x00000000eab00000,0x00000000eab00000,0x00000000f3e80000)
  from space 13312K, 59% used [0x00000000f4b00000,0x00000000f52bcd20,0x00000000f5800000)
  to   space 12800K, 0% used [0x00000000f3e80000,0x00000000f3e80000,0x00000000f4b00000)
 ParOldGen       total 64000K, used 12214K [0x00000000c0000000, 0x00000000c3e80000, 0x00000000eab00000)
  object space 64000K, 19% used [0x00000000c0000000,0x00000000c0bedae0,0x00000000c3e80000)
 Metaspace       used 34884K, capacity 35464K, committed 35496K, reserved 1079296K
  class space    used 4877K, capacity 5110K, committed 5120K, reserved 1048576K
Event: 3.678 GC heap after
Heap after GC invocations=10 (full 2):
 PSYoungGen      total 164352K, used 0K [0x00000000eab00000, 0x00000000fb300000, 0x0000000100000000)
  eden space 151040K, 0% used [0x00000000eab00000,0x00000000eab00000,0x00000000f3e80000)
  from space 13312K, 0% used [0x00000000f4b00000,0x00000000f4b00000,0x00000000f5800000)
  to   space 12800K, 0% used [0x00000000f3e80000,0x00000000f3e80000,0x00000000f4b00000)
 ParOldGen       total 79360K, used 14746K [0x00000000c0000000, 0x00000000c4d80000, 0x00000000eab00000)
  object space 79360K, 18% used [0x00000000c0000000,0x00000000c0e66bb8,0x00000000c4d80000)
 Metaspace       used 34884K, capacity 35464K, committed 35496K, reserved 1079296K
  class space    used 4877K, capacity 5110K, committed 5120K, reserved 1048576K
}
Event: 5.288 GC heap before
{Heap before GC invocations=11 (full 2):
 PSYoungGen      total 164352K, used 151040K [0x00000000eab00000, 0x00000000fb300000, 0x0000000100000000)
  eden space 151040K, 100% used [0x00000000eab00000,0x00000000f3e80000,0x00000000f3e80000)
  from space 13312K, 0% used [0x00000000f4b00000,0x00000000f4b00000,0x00000000f5800000)
  to   space 12800K, 0% used [0x00000000f3e80000,0x00000000f3e80000,0x00000000f4b00000)
 ParOldGen       total 79360K, used 14746K [0x00000000c0000000, 0x00000000c4d80000, 0x00000000eab00000)
  object space 79360K, 18% used [0x00000000c0000000,0x00000000c0e66bb8,0x00000000c4d80000)
 Metaspace       used 43332K, capacity 44182K, committed 44416K, reserved 1087488K
  class space    used 5883K, capacity 6178K, committed 6272K, reserved 1048576K
Event: 5.297 GC heap after
Heap after GC invocations=11 (full 2):
 PSYoungGen      total 163840K, used 12798K [0x00000000eab00000, 0x00000000f9f80000, 0x0000000100000000)
  eden space 151040K, 0% used [0x00000000eab00000,0x00000000eab00000,0x00000000f3e80000)
  from space 12800K, 99% used [0x00000000f3e80000,0x00000000f4aff870,0x00000000f4b00000)
  to   space 15360K, 0% used [0x00000000f9080000,0x00000000f9080000,0x00000000f9f80000)
 ParOldGen       total 79360K, used 17169K [0x00000000c0000000, 0x00000000c4d80000, 0x00000000eab00000)
  object space 79360K, 21% used [0x00000000c0000000,0x00000000c10c4750,0x00000000c4d80000)
 Metaspace       used 43332K, capacity 44182K, committed 44416K, reserved 1087488K
  class space    used 5883K, capacity 6178K, committed 6272K, reserved 1048576K
}
Event: 6.908 GC heap before
{Heap before GC invocations=12 (full 2):
 PSYoungGen      total 163840K, used 163838K [0x00000000eab00000, 0x00000000f9f80000, 0x0000000100000000)
  eden space 151040K, 100% used [0x00000000eab00000,0x00000000f3e80000,0x00000000f3e80000)
  from space 12800K, 99% used [0x00000000f3e80000,0x00000000f4aff870,0x00000000f4b00000)
  to   space 15360K, 0% used [0x00000000f9080000,0x00000000f9080000,0x00000000f9f80000)
 ParOldGen       total 79360K, used 17169K [0x00000000c0000000, 0x00000000c4d80000, 0x00000000eab00000)
  object space 79360K, 21% used [0x00000000c0000000,0x00000000c10c4750,0x00000000c4d80000)
 Metaspace       used 51230K, capacity 52408K, committed 52608K, reserved 1095680K
  class space    used 6887K, capacity 7227K, committed 7296K, reserved 1048576K
Event: 6.918 GC heap after
Heap after GC invocations=12 (full 2):
 PSYoungGen      total 230400K, used 15349K [0x00000000eab00000, 0x00000000fa000000, 0x0000000100000000)
  eden space 215040K, 0% used [0x00000000eab00000,0x00000000eab00000,0x00000000f7d00000)
  from space 15360K, 99% used [0x00000000f9080000,0x00000000f9f7d568,0x00000000f9f80000)
  to   space 17920K, 0% used [0x00000000f7d00000,0x00000000f7d00000,0x00000000f8e80000)
 ParOldGen       total 79360K, used 18628K [0x00000000c0000000, 0x00000000c4d80000, 0x00000000eab00000)
  object space 79360K, 23% used [0x00000000c0000000,0x00000000c1231360,0x00000000c4d80000)
 Metaspace       used 51230K, capacity 52408K, committed 52608K, reserved 1095680K
  class space    used 6887K, capacity 7227K, committed 7296K, reserved 1048576K
}
Event: 7.688 GC heap before
{Heap before GC invocations=13 (full 2):
 PSYoungGen      total 230400K, used 123059K [0x00000000eab00000, 0x00000000fa000000, 0x0000000100000000)
  eden space 215040K, 50% used [0x00000000eab00000,0x00000000f142f8a8,0x00000000f7d00000)
  from space 15360K, 99% used [0x00000000f9080000,0x00000000f9f7d568,0x00000000f9f80000)
  to   space 17920K, 0% used [0x00000000f7d00000,0x00000000f7d00000,0x00000000f8e80000)
 ParOldGen       total 79360K, used 18628K [0x00000000c0000000, 0x00000000c4d80000, 0x00000000eab00000)
  object space 79360K, 23% used [0x00000000c0000000,0x00000000c1231360,0x00000000c4d80000)
 Metaspace       used 57586K, capacity 59078K, committed 59160K, reserved 1099776K
  class space    used 7893K, capacity 8278K, committed 8320K, reserved 1048576K
Event: 7.701 GC heap after
Heap after GC invocations=13 (full 2):
 PSYoungGen      total 232960K, used 14214K [0x00000000eab00000, 0x00000000fa000000, 0x0000000100000000)
  eden space 215040K, 0% used [0x00000000eab00000,0x00000000eab00000,0x00000000f7d00000)
  from space 17920K, 79% used [0x00000000f7d00000,0x00000000f8ae1b28,0x00000000f8e80000)
  to   space 15360K, 0% used [0x00000000f9080000,0x00000000f9080000,0x00000000f9f80000)
 ParOldGen       total 79360K, used 27179K [0x00000000c0000000, 0x00000000c4d80000, 0x00000000eab00000)
  object space 79360K, 34% used [0x00000000c0000000,0x00000000c1a8ad18,0x00000000c4d80000)
 Metaspace       used 57586K, capacity 59078K, committed 59160K, reserved 1099776K
  class space    used 7893K, capacity 8278K, committed 8320K, reserved 1048576K
}
Event: 7.701 GC heap before
{Heap before GC invocations=14 (full 3):
 PSYoungGen      total 232960K, used 14214K [0x00000000eab00000, 0x00000000fa000000, 0x0000000100000000)
  eden space 215040K, 0% used [0x00000000eab00000,0x00000000eab00000,0x00000000f7d00000)
  from space 17920K, 79% used [0x00000000f7d00000,0x00000000f8ae1b28,0x00000000f8e80000)
  to   space 15360K, 0% used [0x00000000f9080000,0x00000000f9080000,0x00000000f9f80000)
 ParOldGen       total 79360K, used 27179K [0x00000000c0000000, 0x00000000c4d80000, 0x00000000eab00000)
  object space 79360K, 34% used [0x00000000c0000000,0x00000000c1a8ad18,0x00000000c4d80000)
 Metaspace       used 57586K, capacity 59078K, committed 59160K, reserved 1099776K
  class space    used 7893K, capacity 8278K, committed 8320K, reserved 1048576K
Event: 7.902 GC heap after
Heap after GC invocations=14 (full 3):
 PSYoungGen      total 232960K, used 0K [0x00000000eab00000, 0x00000000fa000000, 0x0000000100000000)
  eden space 215040K, 0% used [0x00000000eab00000,0x00000000eab00000,0x00000000f7d00000)
  from space 17920K, 0% used [0x00000000f7d00000,0x00000000f7d00000,0x00000000f8e80000)
  to   space 15360K, 0% used [0x00000000f9080000,0x00000000f9080000,0x00000000f9f80000)
 ParOldGen       total 117760K, used 36466K [0x00000000c0000000, 0x00000000c7300000, 0x00000000eab00000)
  object space 117760K, 30% used [0x00000000c0000000,0x00000000c239c9b0,0x00000000c7300000)
 Metaspace       used 57586K, capacity 59078K, committed 59160K, reserved 1099776K
  class space    used 7893K, capacity 8278K, committed 8320K, reserved 1048576K
}

