# JRE version: OpenJDK Runtime Environment (8.0_152-b01) (build 1.8.0_152-release-1248-b01)
# Java VM: OpenJDK 64-Bit Server VM (25.152-b01 mixed mode windows-amd64 compressed oops)
Heap:
 PSYoungGen      total 317952K, used 102654K [0x00000000e0000000, 0x00000000fd800000, 0x0000000100000000)
  eden space 264192K, 38% used [0x00000000e0000000,0x00000000e643f9e8,0x00000000f0200000)
  from space 53760K, 0% used [0x00000000f0200000,0x00000000f0200000,0x00000000f3680000)
  to   space 78848K, 0% used [0x00000000f8b00000,0x00000000f8b00000,0x00000000fd800000)
 ParOldGen       total 146432K, used 84145K [0x00000000a0000000, 0x00000000a8f00000, 0x00000000e0000000)
  object space 146432K, 57% used [0x00000000a0000000,0x00000000a522c460,0x00000000a8f00000)
 Metaspace       used 85786K, capacity 88218K, committed 89048K, reserved 1126400K
  class space    used 10960K, capacity 11511K, committed 11776K, reserved 1048576K
GC Heap History (10 events):
Event: 17.595 GC heap before
{Heap before GC invocations=16 (full 3):
 PSYoungGen      total 254976K, used 254946K [0x00000000e0000000, 0x00000000f1f80000, 0x0000000100000000)
  eden space 237056K, 100% used [0x00000000e0000000,0x00000000ee780000,0x00000000ee780000)
  from space 17920K, 99% used [0x00000000f0e00000,0x00000000f1f789b0,0x00000000f1f80000)
  to   space 22528K, 0% used [0x00000000ef380000,0x00000000ef380000,0x00000000f0980000)
 ParOldGen       total 140288K, used 41422K [0x00000000a0000000, 0x00000000a8900000, 0x00000000e0000000)
  object space 140288K, 29% used [0x00000000a0000000,0x00000000a28739c8,0x00000000a8900000)
 Metaspace       used 71824K, capacity 73354K, committed 73688K, reserved 1114112K
  class space    used 9486K, capacity 9905K, committed 9984K, reserved 1048576K
Event: 17.628 GC heap after
Heap after GC invocations=16 (full 3):
 PSYoungGen      total 271872K, used 22497K [0x00000000e0000000, 0x00000000f5900000, 0x0000000100000000)
  eden space 249344K, 0% used [0x00000000e0000000,0x00000000e0000000,0x00000000ef380000)
  from space 22528K, 99% used [0x00000000ef380000,0x00000000f0978590,0x00000000f0980000)
  to   space 35328K, 0% used [0x00000000f3680000,0x00000000f3680000,0x00000000f5900000)
 ParOldGen       total 140288K, used 68382K [0x00000000a0000000, 0x00000000a8900000, 0x00000000e0000000)
  object space 140288K, 48% used [0x00000000a0000000,0x00000000a42c7858,0x00000000a8900000)
 Metaspace       used 71824K, capacity 73354K, committed 73688K, reserved 1114112K
  class space    used 9486K, capacity 9905K, committed 9984K, reserved 1048576K
}
Event: 19.992 GC heap before
{Heap before GC invocations=17 (full 3):
 PSYoungGen      total 271872K, used 271841K [0x00000000e0000000, 0x00000000f5900000, 0x0000000100000000)
  eden space 249344K, 100% used [0x00000000e0000000,0x00000000ef380000,0x00000000ef380000)
  from space 22528K, 99% used [0x00000000ef380000,0x00000000f0978590,0x00000000f0980000)
  to   space 35328K, 0% used [0x00000000f3680000,0x00000000f3680000,0x00000000f5900000)
 ParOldGen       total 140288K, used 68382K [0x00000000a0000000, 0x00000000a8900000, 0x00000000e0000000)
  object space 140288K, 48% used [0x00000000a0000000,0x00000000a42c7858,0x00000000a8900000)
 Metaspace       used 82190K, capacity 85134K, committed 85208K, reserved 1122304K
  class space    used 10853K, capacity 11465K, committed 11520K, reserved 1048576K
Event: 20.025 GC heap after
Heap after GC invocations=17 (full 3):
 PSYoungGen      total 299520K, used 35326K [0x00000000e0000000, 0x00000000f8c00000, 0x0000000100000000)
  eden space 264192K, 0% used [0x00000000e0000000,0x00000000e0000000,0x00000000f0200000)
  from space 35328K, 99% used [0x00000000f3680000,0x00000000f58ff8c0,0x00000000f5900000)
  to   space 53760K, 0% used [0x00000000f0200000,0x00000000f0200000,0x00000000f3680000)
 ParOldGen       total 140288K, used 102486K [0x00000000a0000000, 0x00000000a8900000, 0x00000000e0000000)
  object space 140288K, 73% used [0x00000000a0000000,0x00000000a6415878,0x00000000a8900000)
 Metaspace       used 82190K, capacity 85134K, committed 85208K, reserved 1122304K
  class space    used 10853K, capacity 11465K, committed 11520K, reserved 1048576K
}
Event: 21.589 GC heap before
{Heap before GC invocations=18 (full 3):
 PSYoungGen      total 299520K, used 299518K [0x00000000e0000000, 0x00000000f8c00000, 0x0000000100000000)
  eden space 264192K, 100% used [0x00000000e0000000,0x00000000f0200000,0x00000000f0200000)
  from space 35328K, 99% used [0x00000000f3680000,0x00000000f58ff8c0,0x00000000f5900000)
  to   space 53760K, 0% used [0x00000000f0200000,0x00000000f0200000,0x00000000f3680000)
 ParOldGen       total 140288K, used 102486K [0x00000000a0000000, 0x00000000a8900000, 0x00000000e0000000)
  object space 140288K, 73% used [0x00000000a0000000,0x00000000a6415878,0x00000000a8900000)
 Metaspace       used 82691K, capacity 85600K, committed 85720K, reserved 1124352K
  class space    used 10864K, capacity 11500K, committed 11520K, reserved 1048576K
Event: 21.636 GC heap after
Heap after GC invocations=18 (full 3):
 PSYoungGen      total 317952K, used 53751K [0x00000000e0000000, 0x00000000fd800000, 0x0000000100000000)
  eden space 264192K, 0% used [0x00000000e0000000,0x00000000e0000000,0x00000000f0200000)
  from space 53760K, 99% used [0x00000000f0200000,0x00000000f367dc68,0x00000000f3680000)
  to   space 78848K, 0% used [0x00000000f8b00000,0x00000000f8b00000,0x00000000fd800000)
 ParOldGen       total 146432K, used 146103K [0x00000000a0000000, 0x00000000a8f00000, 0x00000000e0000000)
  object space 146432K, 99% used [0x00000000a0000000,0x00000000a8eadf60,0x00000000a8f00000)
 Metaspace       used 82691K, capacity 85600K, committed 85720K, reserved 1124352K
  class space    used 10864K, capacity 11500K, committed 11520K, reserved 1048576K
}
Event: 21.636 GC heap before
{Heap before GC invocations=19 (full 4):
 PSYoungGen      total 317952K, used 53751K [0x00000000e0000000, 0x00000000fd800000, 0x0000000100000000)
  eden space 264192K, 0% used [0x00000000e0000000,0x00000000e0000000,0x00000000f0200000)
  from space 53760K, 99% used [0x00000000f0200000,0x00000000f367dc68,0x00000000f3680000)
  to   space 78848K, 0% used [0x00000000f8b00000,0x00000000f8b00000,0x00000000fd800000)
 ParOldGen       total 146432K, used 146103K [0x00000000a0000000, 0x00000000a8f00000, 0x00000000e0000000)
  object space 146432K, 99% used [0x00000000a0000000,0x00000000a8eadf60,0x00000000a8f00000)
 Metaspace       used 82691K, capacity 85600K, committed 85720K, reserved 1124352K
  class space    used 10864K, capacity 11500K, committed 11520K, reserved 1048576K
Event: 22.217 GC heap after
Heap after GC invocations=19 (full 4):
 PSYoungGen      total 317952K, used 9709K [0x00000000e0000000, 0x00000000fd800000, 0x0000000100000000)
  eden space 264192K, 0% used [0x00000000e0000000,0x00000000e0000000,0x00000000f0200000)
  from space 53760K, 18% used [0x00000000f0200000,0x00000000f0b7b5a0,0x00000000f3680000)
  to   space 78848K, 0% used [0x00000000f8b00000,0x00000000f8b00000,0x00000000fd800000)
 ParOldGen       total 146432K, used 146405K [0x00000000a0000000, 0x00000000a8f00000, 0x00000000e0000000)
  object space 146432K, 99% used [0x00000000a0000000,0x00000000a8ef9780,0x00000000a8f00000)
 Metaspace       used 82318K, capacity 84610K, committed 85720K, reserved 1124352K
  class space    used 10734K, capacity 11271K, committed 11520K, reserved 1048576K
}
Event: 50.516 GC heap before
{Heap before GC invocations=20 (full 5):
 PSYoungGen      total 317952K, used 273901K [0x00000000e0000000, 0x00000000fd800000, 0x0000000100000000)
  eden space 264192K, 100% used [0x00000000e0000000,0x00000000f0200000,0x00000000f0200000)
  from space 53760K, 18% used [0x00000000f0200000,0x00000000f0b7b5a0,0x00000000f3680000)
  to   space 78848K, 0% used [0x00000000f8b00000,0x00000000f8b00000,0x00000000fd800000)
 ParOldGen       total 146432K, used 146405K [0x00000000a0000000, 0x00000000a8f00000, 0x00000000e0000000)
  object space 146432K, 99% used [0x00000000a0000000,0x00000000a8ef9780,0x00000000a8f00000)
 Metaspace       used 85762K, capacity 88154K, committed 89048K, reserved 1126400K
  class space    used 10959K, capacity 11511K, committed 11776K, reserved 1048576K
Event: 50.657 GC heap after
Heap after GC invocations=20 (full 5):
 PSYoungGen      total 317952K, used 0K [0x00000000e0000000, 0x00000000fd800000, 0x0000000100000000)
  eden space 264192K, 0% used [0x00000000e0000000,0x00000000e0000000,0x00000000f0200000)
  from space 53760K, 0% used [0x00000000f0200000,0x00000000f0200000,0x00000000f3680000)
  to   space 78848K, 0% used [0x00000000f8b00000,0x00000000f8b00000,0x00000000fd800000)
 ParOldGen       total 146432K, used 84145K [0x00000000a0000000, 0x00000000a8f00000, 0x00000000e0000000)
  object space 146432K, 57% used [0x00000000a0000000,0x00000000a522c460,0x00000000a8f00000)
 Metaspace       used 85762K, capacity 88154K, committed 89048K, reserved 1126400K
  class space    used 10959K, capacity 11511K, committed 11776K, reserved 1048576K
}

